2.0114 	WARNING 	We strongly recommend you activate the PTB sound engine in PsychoPy prefs as the preferred audio engine. Its timing is vastly superior. Your prefs are currently set to use ['sounddevice', 'PTB', 'pyo', 'pygame'] (in that order).
10.6015 	WARNING 	User requested fullscreen with size [1024  768], but screen is actually [1920, 1080]. Using actual size
12.3675 	EXP 	Created window1 = Window(allowGUI=True, allowStencil=False, autoLog=True, backendConf=UNKNOWN, bitsMode=UNKNOWN, blendMode='avg', bpc=(8, 8, 8), color=array([0, 0, 0]), colorSpace='rgb', depthBits=8, fullscr=<method-wrapper '__getattribute__' of attributeSetter object at 0x0000025F13D2DD30>, gamma=None, gammaErrorPolicy='raise', lms=UNKNOWN, monitor=<psychopy.monitors.calibTools.Monitor object at 0x0000025F16CDCD90>, multiSample=False, name='window1', numSamples=2, pos=(0, 0), screen=0, size=array([1920, 1080]), stencilBits=0, stereo=False, units='height', useFBO=True, useRetina=False, viewOri=0.0, viewPos=None, viewScale=None, waitBlanking=True, winType='pyglet')
12.3677 	EXP 	window1: mouseVisible = True
12.3678 	EXP 	window1: mouseVisible = False
12.3678 	EXP 	window1: Attempting to measure frame rate of screen (0) ...
12.3678 	EXP 	window1: recordFrameIntervals = False
12.5344 	EXP 	window1: recordFrameIntervals = True
12.7178 	EXP 	Screen (0) actual frame rate measured at 60.07Hz
12.7179 	EXP 	window1: recordFrameIntervals = False
14.9952 	EXP 	Created fixation = ShapeStim(__class__=<class 'psychopy.visual.shape.ShapeStim'>, anchor=('center', 'center'), autoDraw=False, autoLog=True, closeShape=True, color=method-wrapper(...), colorSpace='rgb', contrast=None, depth=-1.0, fillColor=array([1, 1, 1]), fillColorSpace='rgb', fillRGB=array([1, 1, 1]), interpolate=True, lineColor=array([1., 1., 1.]), lineColorSpace='rgb', lineRGB=array([1, 1, 1]), lineWidth=1.0, name='fixation', opacity=1.0, ori=0.0, pos=array([0., 0.]), size=array([10., 10.]), units='pix', vertices=ndarray(...), win=Window(...), windingRule=None)
15.0126 	EXP 	Created grating = GratingStim(__class__=<class 'psychopy.visual.grating.GratingStim'>, anchor='center', autoDraw=False, autoLog=True, blendmode='avg', color=array([1., 1., 1.]), colorSpace='rgb', contrast=1.0, depth=-2.0, interpolate=True, mask='circle', maskParams=None, name='grating', opacity=1.0, ori=0.0, phase=array([0., 0.]), pos=array([0., 0.]), rgbPedestal=array([0., 0., 0.]), sf=array([5., 5.]), size=array([0.1, 0.1]), tex='sin', texRes=128.0, units='height', win=Window(...))
15.0179 	EXP 	Imported C:/Users/Kinnari Kamani/Desktop/Conditions.xlsx as conditions, 1 conditions, 5 params
15.2988 	EXP 	window1: recordFrameIntervals = False
15.3021 	EXP 	window1: recordFrameIntervals = False
16.2999 	EXP 	fixation: autoDraw = True
17.0751 	EXP 	grating: autoDraw = True
17.0751 	EXP 	grating: tex = 'sin'
17.3130 	EXP 	fixation: autoDraw = False
17.3795 	EXP 	grating: autoDraw = False
17.4660 	EXP 	window1: recordFrameIntervals = False
17.4673 	DATA 	Keypress: left
17.4794 	EXP 	fixation: autoDraw = False
17.4794 	EXP 	grating: autoDraw = False
17.4797 	EXP 	window1: recordFrameIntervals = False
18.4567 	EXP 	fixation: autoDraw = True
19.4609 	EXP 	fixation: autoDraw = False
19.4778 	EXP 	grating: autoDraw = True
19.4778 	EXP 	grating: tex = 'sin'
19.7773 	EXP 	grating: autoDraw = False
19.8299 	EXP 	window1: recordFrameIntervals = False
19.8312 	DATA 	Keypress: right
19.8439 	EXP 	fixation: autoDraw = False
19.8439 	EXP 	grating: autoDraw = False
19.8442 	EXP 	window1: recordFrameIntervals = False
20.8214 	EXP 	fixation: autoDraw = True
21.8254 	EXP 	fixation: autoDraw = False
21.8422 	EXP 	grating: autoDraw = True
21.8422 	EXP 	grating: tex = 'sin'
22.1419 	EXP 	grating: autoDraw = False
22.1939 	EXP 	window1: recordFrameIntervals = False
22.1952 	DATA 	Keypress: left
22.2084 	EXP 	fixation: autoDraw = False
22.2084 	EXP 	grating: autoDraw = False
22.2086 	EXP 	window1: recordFrameIntervals = False
23.2464 	EXP 	fixation: autoDraw = True
24.2070 	EXP 	grating: autoDraw = True
24.2070 	EXP 	grating: tex = 'sin'
24.2565 	EXP 	fixation: autoDraw = False
24.5063 	EXP 	grating: autoDraw = False
24.6262 	DATA 	Keypress: left
24.6423 	EXP 	window1: recordFrameIntervals = False
24.6558 	EXP 	fixation: autoDraw = False
24.6558 	EXP 	grating: autoDraw = False
24.6560 	EXP 	window1: recordFrameIntervals = False
25.6333 	EXP 	fixation: autoDraw = True
26.6376 	EXP 	fixation: autoDraw = False
26.6540 	EXP 	grating: autoDraw = True
26.6540 	EXP 	grating: tex = 'sin'
26.9540 	EXP 	grating: autoDraw = False
27.0067 	EXP 	window1: recordFrameIntervals = False
27.0081 	DATA 	Keypress: right
27.0207 	EXP 	fixation: autoDraw = False
27.0207 	EXP 	grating: autoDraw = False
27.0209 	EXP 	window1: recordFrameIntervals = False
27.9983 	EXP 	fixation: autoDraw = True
29.0018 	EXP 	fixation: autoDraw = False
29.0187 	EXP 	grating: autoDraw = True
29.0187 	EXP 	grating: tex = 'sin'
29.3185 	EXP 	grating: autoDraw = False
29.3545 	EXP 	window1: recordFrameIntervals = False
29.3562 	DATA 	Keypress: left
29.3682 	EXP 	fixation: autoDraw = False
29.3682 	EXP 	grating: autoDraw = False
29.3685 	EXP 	window1: recordFrameIntervals = False
30.3450 	EXP 	fixation: autoDraw = True
31.3497 	EXP 	fixation: autoDraw = False
31.3666 	EXP 	grating: autoDraw = True
31.3666 	EXP 	grating: tex = 'sin'
31.6659 	EXP 	grating: autoDraw = False
31.6855 	EXP 	window1: recordFrameIntervals = False
31.6873 	DATA 	Keypress: right
31.6998 	EXP 	fixation: autoDraw = False
31.6998 	EXP 	grating: autoDraw = False
31.7001 	EXP 	window1: recordFrameIntervals = False
32.6770 	EXP 	fixation: autoDraw = True
33.6806 	EXP 	fixation: autoDraw = False
33.6977 	EXP 	grating: autoDraw = True
33.6977 	EXP 	grating: tex = 'sin'
33.9973 	EXP 	grating: autoDraw = False
34.0336 	EXP 	window1: recordFrameIntervals = False
34.0351 	DATA 	Keypress: left
34.0471 	EXP 	fixation: autoDraw = False
34.0471 	EXP 	grating: autoDraw = False
34.0474 	EXP 	window1: recordFrameIntervals = False
35.0248 	EXP 	fixation: autoDraw = True
36.0287 	EXP 	fixation: autoDraw = False
36.0456 	EXP 	grating: autoDraw = True
36.0456 	EXP 	grating: tex = 'sin'
36.3451 	EXP 	grating: autoDraw = False
36.4144 	EXP 	window1: recordFrameIntervals = False
36.4158 	DATA 	Keypress: right
36.4286 	EXP 	fixation: autoDraw = False
36.4286 	EXP 	grating: autoDraw = False
36.4288 	EXP 	window1: recordFrameIntervals = False
37.4052 	EXP 	fixation: autoDraw = True
38.4100 	EXP 	fixation: autoDraw = False
38.4268 	EXP 	grating: autoDraw = True
38.4268 	EXP 	grating: tex = 'sin'
38.7262 	EXP 	grating: autoDraw = False
38.7621 	EXP 	window1: recordFrameIntervals = False
38.7635 	DATA 	Keypress: left
38.7764 	EXP 	fixation: autoDraw = False
38.7764 	EXP 	grating: autoDraw = False
38.7767 	EXP 	window1: recordFrameIntervals = False
39.7525 	EXP 	fixation: autoDraw = True
40.7578 	EXP 	fixation: autoDraw = False
40.7746 	EXP 	grating: autoDraw = True
40.7746 	EXP 	grating: tex = 'sin'
41.0741 	EXP 	grating: autoDraw = False
41.1104 	EXP 	window1: recordFrameIntervals = False
41.1118 	DATA 	Keypress: left
41.1241 	EXP 	fixation: autoDraw = False
41.1241 	EXP 	grating: autoDraw = False
41.1244 	EXP 	window1: recordFrameIntervals = False
42.1015 	EXP 	fixation: autoDraw = True
43.1055 	EXP 	fixation: autoDraw = False
43.1225 	EXP 	grating: autoDraw = True
43.1225 	EXP 	grating: tex = 'sin'
43.4218 	EXP 	grating: autoDraw = False
43.4581 	EXP 	window1: recordFrameIntervals = False
43.4595 	DATA 	Keypress: left
43.4719 	EXP 	fixation: autoDraw = False
43.4719 	EXP 	grating: autoDraw = False
43.4722 	EXP 	window1: recordFrameIntervals = False
44.4490 	EXP 	fixation: autoDraw = True
45.4534 	EXP 	fixation: autoDraw = False
45.4703 	EXP 	grating: autoDraw = True
45.4703 	EXP 	grating: tex = 'sin'
45.7697 	EXP 	grating: autoDraw = False
45.8055 	EXP 	window1: recordFrameIntervals = False
45.8069 	DATA 	Keypress: left
45.8198 	EXP 	fixation: autoDraw = False
45.8198 	EXP 	grating: autoDraw = False
45.8200 	EXP 	window1: recordFrameIntervals = False
46.7959 	EXP 	fixation: autoDraw = True
47.8014 	EXP 	fixation: autoDraw = False
47.8181 	EXP 	grating: autoDraw = True
47.8181 	EXP 	grating: tex = 'sin'
48.1176 	EXP 	grating: autoDraw = False
48.1701 	EXP 	window1: recordFrameIntervals = False
48.1714 	DATA 	Keypress: left
48.1841 	EXP 	fixation: autoDraw = False
48.1841 	EXP 	grating: autoDraw = False
48.1844 	EXP 	window1: recordFrameIntervals = False
49.1617 	EXP 	fixation: autoDraw = True
50.1659 	EXP 	fixation: autoDraw = False
50.1824 	EXP 	grating: autoDraw = True
50.1824 	EXP 	grating: tex = 'sin'
50.4820 	EXP 	grating: autoDraw = False
50.6515 	EXP 	window1: recordFrameIntervals = False
50.6532 	DATA 	Keypress: right
50.6650 	EXP 	fixation: autoDraw = False
50.6650 	EXP 	grating: autoDraw = False
50.6653 	EXP 	window1: recordFrameIntervals = False
51.6432 	EXP 	fixation: autoDraw = True
52.6465 	EXP 	fixation: autoDraw = False
52.6631 	EXP 	grating: autoDraw = True
52.6631 	EXP 	grating: tex = 'sin'
52.9628 	EXP 	grating: autoDraw = False
53.0309 	EXP 	window1: recordFrameIntervals = False
53.0319 	DATA 	Keypress: right
53.0461 	EXP 	fixation: autoDraw = False
53.0461 	EXP 	grating: autoDraw = False
53.0463 	EXP 	window1: recordFrameIntervals = False
54.0221 	EXP 	fixation: autoDraw = True
55.0275 	EXP 	fixation: autoDraw = False
55.0444 	EXP 	grating: autoDraw = True
55.0444 	EXP 	grating: tex = 'sin'
55.3440 	EXP 	grating: autoDraw = False
55.4952 	EXP 	window1: recordFrameIntervals = False
55.4960 	DATA 	Keypress: right
55.5105 	EXP 	fixation: autoDraw = False
55.5105 	EXP 	grating: autoDraw = False
55.5107 	EXP 	window1: recordFrameIntervals = False
56.4863 	EXP 	fixation: autoDraw = True
57.4923 	EXP 	fixation: autoDraw = False
57.5091 	EXP 	grating: autoDraw = True
57.5091 	EXP 	grating: tex = 'sin'
57.7949 	EXP 	window1: recordFrameIntervals = False
57.7962 	DATA 	Keypress: left
57.8087 	EXP 	grating: autoDraw = False
57.8087 	EXP 	fixation: autoDraw = False
57.8087 	EXP 	grating: autoDraw = False
57.8089 	EXP 	window1: recordFrameIntervals = False
58.7859 	EXP 	fixation: autoDraw = True
59.7902 	EXP 	fixation: autoDraw = False
59.8070 	EXP 	grating: autoDraw = True
59.8070 	EXP 	grating: tex = 'sin'
60.1064 	EXP 	grating: autoDraw = False
60.1753 	EXP 	window1: recordFrameIntervals = False
60.1765 	DATA 	Keypress: right
60.1898 	EXP 	fixation: autoDraw = False
60.1898 	EXP 	grating: autoDraw = False
60.1901 	EXP 	window1: recordFrameIntervals = False
61.1661 	EXP 	fixation: autoDraw = True
62.1712 	EXP 	fixation: autoDraw = False
62.1881 	EXP 	grating: autoDraw = True
62.1881 	EXP 	grating: tex = 'sin'
62.4876 	EXP 	grating: autoDraw = False
62.5735 	EXP 	window1: recordFrameIntervals = False
62.5749 	DATA 	Keypress: right
62.5877 	EXP 	fixation: autoDraw = False
62.5877 	EXP 	grating: autoDraw = False
62.5879 	EXP 	window1: recordFrameIntervals = False
63.5633 	EXP 	fixation: autoDraw = True
64.5688 	EXP 	fixation: autoDraw = False
64.5859 	EXP 	grating: autoDraw = True
64.5859 	EXP 	grating: tex = 'sin'
64.8853 	EXP 	grating: autoDraw = False
64.9880 	EXP 	window1: recordFrameIntervals = False
64.9896 	DATA 	Keypress: right
65.0019 	EXP 	fixation: autoDraw = False
65.0019 	EXP 	grating: autoDraw = False
65.0022 	EXP 	window1: recordFrameIntervals = False
65.9791 	EXP 	fixation: autoDraw = True
66.9834 	EXP 	fixation: autoDraw = False
67.0001 	EXP 	grating: autoDraw = True
67.0001 	EXP 	grating: tex = 'sin'
67.2997 	EXP 	grating: autoDraw = False
67.4357 	EXP 	window1: recordFrameIntervals = False
67.4372 	DATA 	Keypress: right
67.4497 	EXP 	fixation: autoDraw = False
67.4497 	EXP 	grating: autoDraw = False
67.4499 	EXP 	window1: recordFrameIntervals = False
68.4263 	EXP 	fixation: autoDraw = True
69.4311 	EXP 	fixation: autoDraw = False
69.4483 	EXP 	grating: autoDraw = True
69.4483 	EXP 	grating: tex = 'sin'
69.7477 	EXP 	grating: autoDraw = False
69.8666 	EXP 	window1: recordFrameIntervals = False
69.8681 	DATA 	Keypress: right
69.8808 	EXP 	fixation: autoDraw = False
69.8808 	EXP 	grating: autoDraw = False
69.8810 	EXP 	window1: recordFrameIntervals = False
70.8573 	EXP 	fixation: autoDraw = True
71.8622 	EXP 	fixation: autoDraw = False
71.8791 	EXP 	grating: autoDraw = True
71.8791 	EXP 	grating: tex = 'sin'
72.1786 	EXP 	grating: autoDraw = False
72.1814 	EXP 	window1: recordFrameIntervals = False
72.1828 	DATA 	Keypress: left
72.1953 	EXP 	fixation: autoDraw = False
72.1953 	EXP 	grating: autoDraw = False
72.1955 	EXP 	window1: recordFrameIntervals = False
73.1731 	EXP 	fixation: autoDraw = True
74.1766 	EXP 	fixation: autoDraw = False
74.1937 	EXP 	grating: autoDraw = True
74.1937 	EXP 	grating: tex = 'sin'
74.4795 	EXP 	window1: recordFrameIntervals = False
74.4808 	DATA 	Keypress: right
74.4931 	EXP 	grating: autoDraw = False
74.4931 	EXP 	fixation: autoDraw = False
74.4931 	EXP 	grating: autoDraw = False
74.4934 	EXP 	window1: recordFrameIntervals = False
75.4702 	EXP 	fixation: autoDraw = True
76.4746 	EXP 	fixation: autoDraw = False
76.4915 	EXP 	grating: autoDraw = True
76.4915 	EXP 	grating: tex = 'sin'
76.7911 	EXP 	grating: autoDraw = False
76.8435 	EXP 	window1: recordFrameIntervals = False
76.8448 	DATA 	Keypress: left
76.8576 	EXP 	fixation: autoDraw = False
76.8576 	EXP 	grating: autoDraw = False
76.8579 	EXP 	window1: recordFrameIntervals = False
77.8344 	EXP 	fixation: autoDraw = True
78.8392 	EXP 	fixation: autoDraw = False
78.8558 	EXP 	grating: autoDraw = True
78.8558 	EXP 	grating: tex = 'sin'
79.1553 	EXP 	grating: autoDraw = False
79.2085 	EXP 	window1: recordFrameIntervals = False
79.2101 	DATA 	Keypress: right
79.2220 	EXP 	fixation: autoDraw = False
79.2220 	EXP 	grating: autoDraw = False
79.2222 	EXP 	window1: recordFrameIntervals = False
80.1983 	EXP 	fixation: autoDraw = True
81.2035 	EXP 	fixation: autoDraw = False
81.2203 	EXP 	grating: autoDraw = True
81.2203 	EXP 	grating: tex = 'sin'
81.5199 	EXP 	grating: autoDraw = False
81.6237 	EXP 	window1: recordFrameIntervals = False
81.6264 	DATA 	Keypress: right
81.6364 	EXP 	fixation: autoDraw = False
81.6364 	EXP 	grating: autoDraw = False
81.6366 	EXP 	window1: recordFrameIntervals = False
82.6155 	EXP 	fixation: autoDraw = True
83.6179 	EXP 	fixation: autoDraw = False
83.6347 	EXP 	grating: autoDraw = True
83.6347 	EXP 	grating: tex = 'sin'
83.9344 	EXP 	grating: autoDraw = False
84.0033 	DATA 	Keypress: left
84.0204 	EXP 	window1: recordFrameIntervals = False
84.0344 	EXP 	fixation: autoDraw = False
84.0344 	EXP 	grating: autoDraw = False
84.0347 	EXP 	window1: recordFrameIntervals = False
85.0119 	EXP 	fixation: autoDraw = True
86.0156 	EXP 	fixation: autoDraw = False
86.0325 	EXP 	grating: autoDraw = True
86.0325 	EXP 	grating: tex = 'sin'
86.3322 	EXP 	grating: autoDraw = False
86.4014 	EXP 	window1: recordFrameIntervals = False
86.4029 	DATA 	Keypress: left
86.4155 	EXP 	fixation: autoDraw = False
86.4155 	EXP 	grating: autoDraw = False
86.4157 	EXP 	window1: recordFrameIntervals = False
87.3923 	EXP 	fixation: autoDraw = True
88.3970 	EXP 	fixation: autoDraw = False
88.4138 	EXP 	grating: autoDraw = True
88.4138 	EXP 	grating: tex = 'sin'
88.7128 	EXP 	grating: autoDraw = False
88.7488 	EXP 	window1: recordFrameIntervals = False
88.7500 	DATA 	Keypress: right
88.7630 	EXP 	fixation: autoDraw = False
88.7630 	EXP 	grating: autoDraw = False
88.7633 	EXP 	window1: recordFrameIntervals = False
89.7399 	EXP 	fixation: autoDraw = True
90.7446 	EXP 	fixation: autoDraw = False
90.7616 	EXP 	grating: autoDraw = True
90.7616 	EXP 	grating: tex = 'sin'
91.0610 	EXP 	grating: autoDraw = False
91.1636 	EXP 	window1: recordFrameIntervals = False
91.1650 	DATA 	Keypress: right
91.1774 	EXP 	fixation: autoDraw = False
91.1774 	EXP 	grating: autoDraw = False
91.1777 	EXP 	window1: recordFrameIntervals = False
92.1553 	EXP 	fixation: autoDraw = True
93.1591 	EXP 	fixation: autoDraw = False
93.1759 	EXP 	grating: autoDraw = True
93.1759 	EXP 	grating: tex = 'sin'
93.4755 	EXP 	grating: autoDraw = False
93.5617 	EXP 	window1: recordFrameIntervals = False
93.5631 	DATA 	Keypress: left
93.5753 	EXP 	fixation: autoDraw = False
93.5753 	EXP 	grating: autoDraw = False
93.5756 	EXP 	window1: recordFrameIntervals = False
94.5528 	EXP 	fixation: autoDraw = True
95.5570 	EXP 	fixation: autoDraw = False
95.5738 	EXP 	grating: autoDraw = True
95.5738 	EXP 	grating: tex = 'sin'
95.8731 	EXP 	grating: autoDraw = False
95.9250 	EXP 	window1: recordFrameIntervals = False
95.9260 	DATA 	Keypress: right
95.9395 	EXP 	fixation: autoDraw = False
95.9395 	EXP 	grating: autoDraw = False
95.9397 	EXP 	window1: recordFrameIntervals = False
96.9159 	EXP 	fixation: autoDraw = True
97.9212 	EXP 	fixation: autoDraw = False
97.9380 	EXP 	grating: autoDraw = True
97.9380 	EXP 	grating: tex = 'sin'
98.2377 	EXP 	grating: autoDraw = False
98.3237 	EXP 	window1: recordFrameIntervals = False
98.3251 	DATA 	Keypress: right
98.3375 	EXP 	fixation: autoDraw = False
98.3375 	EXP 	grating: autoDraw = False
98.3377 	EXP 	window1: recordFrameIntervals = False
99.3139 	EXP 	fixation: autoDraw = True
100.3191 	EXP 	fixation: autoDraw = False
100.3360 	EXP 	grating: autoDraw = True
100.3360 	EXP 	grating: tex = 'sin'
100.6358 	EXP 	grating: autoDraw = False
100.7374 	EXP 	window1: recordFrameIntervals = False
100.7385 	DATA 	Keypress: right
100.7520 	EXP 	fixation: autoDraw = False
100.7520 	EXP 	grating: autoDraw = False
100.7523 	EXP 	window1: recordFrameIntervals = False
101.7280 	EXP 	fixation: autoDraw = True
102.7338 	EXP 	fixation: autoDraw = False
102.7504 	EXP 	grating: autoDraw = True
102.7504 	EXP 	grating: tex = 'sin'
103.0500 	EXP 	grating: autoDraw = False
103.1357 	EXP 	window1: recordFrameIntervals = False
103.1372 	DATA 	Keypress: right
103.1498 	EXP 	fixation: autoDraw = False
103.1498 	EXP 	grating: autoDraw = False
103.1501 	EXP 	window1: recordFrameIntervals = False
104.1269 	EXP 	fixation: autoDraw = True
105.1314 	EXP 	fixation: autoDraw = False
105.1482 	EXP 	grating: autoDraw = True
105.1482 	EXP 	grating: tex = 'sin'
105.4476 	EXP 	grating: autoDraw = False
105.5519 	EXP 	window1: recordFrameIntervals = False
105.5547 	DATA 	Keypress: right
105.5644 	EXP 	fixation: autoDraw = False
105.5644 	EXP 	grating: autoDraw = False
105.5646 	EXP 	window1: recordFrameIntervals = False
106.5424 	EXP 	fixation: autoDraw = True
107.5459 	EXP 	fixation: autoDraw = False
107.5628 	EXP 	grating: autoDraw = True
107.5628 	EXP 	grating: tex = 'sin'
107.8623 	EXP 	grating: autoDraw = False
107.9148 	EXP 	window1: recordFrameIntervals = False
107.9164 	DATA 	Keypress: right
107.9288 	EXP 	fixation: autoDraw = False
107.9288 	EXP 	grating: autoDraw = False
107.9290 	EXP 	window1: recordFrameIntervals = False
108.9061 	EXP 	fixation: autoDraw = True
109.9104 	EXP 	fixation: autoDraw = False
109.9270 	EXP 	grating: autoDraw = True
109.9270 	EXP 	grating: tex = 'sin'
110.2266 	EXP 	grating: autoDraw = False
110.3292 	EXP 	window1: recordFrameIntervals = False
110.3308 	DATA 	Keypress: left
110.3433 	EXP 	fixation: autoDraw = False
110.3433 	EXP 	grating: autoDraw = False
110.3435 	EXP 	window1: recordFrameIntervals = False
111.3205 	EXP 	fixation: autoDraw = True
112.3246 	EXP 	fixation: autoDraw = False
112.3416 	EXP 	grating: autoDraw = True
112.3416 	EXP 	grating: tex = 'sin'
112.6411 	EXP 	grating: autoDraw = False
112.6767 	EXP 	window1: recordFrameIntervals = False
112.6782 	DATA 	Keypress: right
112.6907 	EXP 	fixation: autoDraw = False
112.6907 	EXP 	grating: autoDraw = False
112.6910 	EXP 	window1: recordFrameIntervals = False
113.6679 	EXP 	fixation: autoDraw = True
114.6723 	EXP 	fixation: autoDraw = False
114.6891 	EXP 	grating: autoDraw = True
114.6891 	EXP 	grating: tex = 'sin'
114.9889 	EXP 	grating: autoDraw = False
115.1246 	EXP 	window1: recordFrameIntervals = False
115.1260 	DATA 	Keypress: right
115.1388 	EXP 	fixation: autoDraw = False
115.1388 	EXP 	grating: autoDraw = False
115.1390 	EXP 	window1: recordFrameIntervals = False
116.1151 	EXP 	fixation: autoDraw = True
117.1203 	EXP 	fixation: autoDraw = False
117.1374 	EXP 	grating: autoDraw = True
117.1374 	EXP 	grating: tex = 'sin'
117.4368 	EXP 	grating: autoDraw = False
117.5894 	EXP 	window1: recordFrameIntervals = False
117.5908 	DATA 	Keypress: left
117.6031 	EXP 	fixation: autoDraw = False
117.6031 	EXP 	grating: autoDraw = False
117.6034 	EXP 	window1: recordFrameIntervals = False
118.5803 	EXP 	fixation: autoDraw = True
119.5847 	EXP 	fixation: autoDraw = False
119.6014 	EXP 	grating: autoDraw = True
119.6014 	EXP 	grating: tex = 'sin'
119.9009 	EXP 	grating: autoDraw = False
120.0367 	EXP 	window1: recordFrameIntervals = False
120.0381 	DATA 	Keypress: left
120.0510 	EXP 	fixation: autoDraw = False
120.0510 	EXP 	grating: autoDraw = False
120.0512 	EXP 	window1: recordFrameIntervals = False
121.0277 	EXP 	fixation: autoDraw = True
122.0325 	EXP 	fixation: autoDraw = False
122.0490 	EXP 	grating: autoDraw = True
122.0490 	EXP 	grating: tex = 'sin'
122.3488 	EXP 	grating: autoDraw = False
122.4346 	EXP 	window1: recordFrameIntervals = False
122.4359 	DATA 	Keypress: right
122.4488 	EXP 	fixation: autoDraw = False
122.4488 	EXP 	grating: autoDraw = False
122.4490 	EXP 	window1: recordFrameIntervals = False
123.4251 	EXP 	fixation: autoDraw = True
124.4301 	EXP 	fixation: autoDraw = False
124.4470 	EXP 	grating: autoDraw = True
124.4470 	EXP 	grating: tex = 'sin'
124.7464 	EXP 	grating: autoDraw = False
124.8155 	EXP 	window1: recordFrameIntervals = False
124.8168 	DATA 	Keypress: right
124.8298 	EXP 	fixation: autoDraw = False
124.8298 	EXP 	grating: autoDraw = False
124.8300 	EXP 	window1: recordFrameIntervals = False
125.8058 	EXP 	fixation: autoDraw = True
126.8113 	EXP 	fixation: autoDraw = False
126.8282 	EXP 	grating: autoDraw = True
126.8282 	EXP 	grating: tex = 'sin'
127.1277 	EXP 	grating: autoDraw = False
127.2302 	EXP 	window1: recordFrameIntervals = False
127.2317 	DATA 	Keypress: right
127.2443 	EXP 	fixation: autoDraw = False
127.2443 	EXP 	grating: autoDraw = False
127.2445 	EXP 	window1: recordFrameIntervals = False
128.2219 	EXP 	fixation: autoDraw = True
129.2256 	EXP 	fixation: autoDraw = False
129.2426 	EXP 	grating: autoDraw = True
129.2426 	EXP 	grating: tex = 'sin'
129.5421 	EXP 	grating: autoDraw = False
129.6115 	EXP 	window1: recordFrameIntervals = False
129.6129 	DATA 	Keypress: right
129.6254 	EXP 	fixation: autoDraw = False
129.6254 	EXP 	grating: autoDraw = False
129.6256 	EXP 	window1: recordFrameIntervals = False
130.6033 	EXP 	fixation: autoDraw = True
131.6066 	EXP 	fixation: autoDraw = False
131.6237 	EXP 	grating: autoDraw = True
131.6237 	EXP 	grating: tex = 'sin'
131.9232 	EXP 	grating: autoDraw = False
131.9426 	EXP 	window1: recordFrameIntervals = False
131.9441 	DATA 	Keypress: right
131.9566 	EXP 	fixation: autoDraw = False
131.9566 	EXP 	grating: autoDraw = False
131.9568 	EXP 	window1: recordFrameIntervals = False
132.9348 	EXP 	fixation: autoDraw = True
133.9380 	EXP 	fixation: autoDraw = False
133.9548 	EXP 	grating: autoDraw = True
133.9548 	EXP 	grating: tex = 'sin'
134.2543 	EXP 	grating: autoDraw = False
134.3691 	EXP 	window1: recordFrameIntervals = False
134.3710 	DATA 	Keypress: right
134.3735 	EXP 	fixation: autoDraw = False
134.3735 	EXP 	grating: autoDraw = False
134.3738 	EXP 	window1: recordFrameIntervals = False
135.3609 	EXP 	fixation: autoDraw = True
136.3692 	EXP 	fixation: autoDraw = False
136.3692 	EXP 	grating: autoDraw = True
136.3692 	EXP 	grating: tex = 'sin'
136.6686 	EXP 	grating: autoDraw = False
136.7541 	EXP 	window1: recordFrameIntervals = False
136.7554 	DATA 	Keypress: right
136.7688 	EXP 	fixation: autoDraw = False
136.7688 	EXP 	grating: autoDraw = False
136.7690 	EXP 	window1: recordFrameIntervals = False
137.7453 	EXP 	fixation: autoDraw = True
138.7502 	EXP 	fixation: autoDraw = False
138.7671 	EXP 	grating: autoDraw = True
138.7671 	EXP 	grating: tex = 'sin'
139.0665 	EXP 	grating: autoDraw = False
139.1523 	EXP 	window1: recordFrameIntervals = False
139.1537 	DATA 	Keypress: left
139.1663 	EXP 	fixation: autoDraw = False
139.1663 	EXP 	grating: autoDraw = False
139.1666 	EXP 	window1: recordFrameIntervals = False
140.1441 	EXP 	fixation: autoDraw = True
141.1483 	EXP 	fixation: autoDraw = False
141.1648 	EXP 	grating: autoDraw = True
141.1648 	EXP 	grating: tex = 'sin'
141.4644 	EXP 	grating: autoDraw = False
141.5503 	EXP 	window1: recordFrameIntervals = False
141.5517 	DATA 	Keypress: right
141.5642 	EXP 	fixation: autoDraw = False
141.5642 	EXP 	grating: autoDraw = False
141.5645 	EXP 	window1: recordFrameIntervals = False
142.5430 	EXP 	fixation: autoDraw = True
143.5456 	EXP 	fixation: autoDraw = False
143.5626 	EXP 	grating: autoDraw = True
143.5626 	EXP 	grating: tex = 'sin'
143.8621 	EXP 	grating: autoDraw = False
143.9483 	EXP 	window1: recordFrameIntervals = False
143.9499 	DATA 	Keypress: left
143.9619 	EXP 	fixation: autoDraw = False
143.9619 	EXP 	grating: autoDraw = False
143.9622 	EXP 	window1: recordFrameIntervals = False
144.9408 	EXP 	fixation: autoDraw = True
145.9436 	EXP 	fixation: autoDraw = False
145.9604 	EXP 	grating: autoDraw = True
145.9604 	EXP 	grating: tex = 'sin'
146.2600 	EXP 	grating: autoDraw = False
146.4457 	EXP 	window1: recordFrameIntervals = False
146.4474 	DATA 	Keypress: left
146.4598 	EXP 	fixation: autoDraw = False
146.4598 	EXP 	grating: autoDraw = False
146.4601 	EXP 	window1: recordFrameIntervals = False
147.4361 	EXP 	fixation: autoDraw = True
148.4413 	EXP 	fixation: autoDraw = False
148.4580 	EXP 	grating: autoDraw = True
148.4580 	EXP 	grating: tex = 'sin'
148.7575 	EXP 	grating: autoDraw = False
148.8603 	EXP 	window1: recordFrameIntervals = False
148.8617 	DATA 	Keypress: right
148.8743 	EXP 	fixation: autoDraw = False
148.8743 	EXP 	grating: autoDraw = False
148.8745 	EXP 	window1: recordFrameIntervals = False
149.8518 	EXP 	fixation: autoDraw = True
150.8557 	EXP 	fixation: autoDraw = False
150.8725 	EXP 	grating: autoDraw = True
150.8725 	EXP 	grating: tex = 'sin'
151.1720 	EXP 	grating: autoDraw = False
151.2411 	EXP 	window1: recordFrameIntervals = False
151.2425 	DATA 	Keypress: right
151.2553 	EXP 	fixation: autoDraw = False
151.2553 	EXP 	grating: autoDraw = False
151.2555 	EXP 	window1: recordFrameIntervals = False
152.2313 	EXP 	fixation: autoDraw = True
153.2367 	EXP 	fixation: autoDraw = False
153.2536 	EXP 	grating: autoDraw = True
153.2536 	EXP 	grating: tex = 'sin'
153.5532 	EXP 	grating: autoDraw = False
153.6559 	EXP 	window1: recordFrameIntervals = False
153.6572 	DATA 	Keypress: left
153.6695 	EXP 	fixation: autoDraw = False
153.6695 	EXP 	grating: autoDraw = False
153.6697 	EXP 	window1: recordFrameIntervals = False
154.6466 	EXP 	fixation: autoDraw = True
155.6514 	EXP 	fixation: autoDraw = False
155.6678 	EXP 	grating: autoDraw = True
155.6678 	EXP 	grating: tex = 'sin'
155.9676 	EXP 	grating: autoDraw = False
156.0371 	EXP 	window1: recordFrameIntervals = False
156.0384 	DATA 	Keypress: left
156.0508 	EXP 	fixation: autoDraw = False
156.0508 	EXP 	grating: autoDraw = False
156.0510 	EXP 	window1: recordFrameIntervals = False
157.0283 	EXP 	fixation: autoDraw = True
158.0322 	EXP 	fixation: autoDraw = False
158.0491 	EXP 	grating: autoDraw = True
158.0491 	EXP 	grating: tex = 'sin'
158.3489 	EXP 	grating: autoDraw = False
158.4348 	EXP 	window1: recordFrameIntervals = False
158.4362 	DATA 	Keypress: left
158.4490 	EXP 	fixation: autoDraw = False
158.4490 	EXP 	grating: autoDraw = False
158.4492 	EXP 	window1: recordFrameIntervals = False
159.4261 	EXP 	fixation: autoDraw = True
160.4301 	EXP 	fixation: autoDraw = False
160.4469 	EXP 	grating: autoDraw = True
160.4469 	EXP 	grating: tex = 'sin'
160.7463 	EXP 	grating: autoDraw = False
160.7655 	EXP 	window1: recordFrameIntervals = False
160.7668 	DATA 	Keypress: left
160.7797 	EXP 	fixation: autoDraw = False
160.7797 	EXP 	grating: autoDraw = False
160.7800 	EXP 	window1: recordFrameIntervals = False
161.7565 	EXP 	fixation: autoDraw = True
162.7614 	EXP 	fixation: autoDraw = False
162.7781 	EXP 	grating: autoDraw = True
162.7781 	EXP 	grating: tex = 'sin'
163.0777 	EXP 	grating: autoDraw = False
163.0971 	EXP 	window1: recordFrameIntervals = False
163.0985 	DATA 	Keypress: left
163.1111 	EXP 	fixation: autoDraw = False
163.1111 	EXP 	grating: autoDraw = False
163.1113 	EXP 	window1: recordFrameIntervals = False
164.0899 	EXP 	fixation: autoDraw = True
165.0924 	EXP 	fixation: autoDraw = False
165.1094 	EXP 	grating: autoDraw = True
165.1094 	EXP 	grating: tex = 'sin'
165.4088 	EXP 	grating: autoDraw = False
165.4781 	EXP 	window1: recordFrameIntervals = False
165.4796 	DATA 	Keypress: left
165.4922 	EXP 	fixation: autoDraw = False
165.4922 	EXP 	grating: autoDraw = False
165.4925 	EXP 	window1: recordFrameIntervals = False
166.4699 	EXP 	fixation: autoDraw = True
167.4736 	EXP 	fixation: autoDraw = False
167.4905 	EXP 	grating: autoDraw = True
167.4905 	EXP 	grating: tex = 'sin'
167.7898 	EXP 	grating: autoDraw = False
167.8922 	DATA 	Keypress: right
167.9090 	EXP 	window1: recordFrameIntervals = False
167.9233 	EXP 	fixation: autoDraw = False
167.9233 	EXP 	grating: autoDraw = False
167.9236 	EXP 	window1: recordFrameIntervals = False
168.9003 	EXP 	fixation: autoDraw = True
169.9047 	EXP 	fixation: autoDraw = False
169.9214 	EXP 	grating: autoDraw = True
169.9214 	EXP 	grating: tex = 'sin'
170.2210 	EXP 	grating: autoDraw = False
170.3068 	DATA 	Keypress: right
170.3237 	EXP 	window1: recordFrameIntervals = False
170.3376 	EXP 	fixation: autoDraw = False
170.3376 	EXP 	grating: autoDraw = False
170.3379 	EXP 	window1: recordFrameIntervals = False
171.3147 	EXP 	fixation: autoDraw = True
172.3191 	EXP 	fixation: autoDraw = False
172.3360 	EXP 	grating: autoDraw = True
172.3360 	EXP 	grating: tex = 'sin'
172.6356 	EXP 	grating: autoDraw = False
172.7711 	EXP 	window1: recordFrameIntervals = False
172.7726 	DATA 	Keypress: right
172.7852 	EXP 	fixation: autoDraw = False
172.7852 	EXP 	grating: autoDraw = False
172.7855 	EXP 	window1: recordFrameIntervals = False
173.7615 	EXP 	fixation: autoDraw = True
174.7669 	EXP 	fixation: autoDraw = False
174.7836 	EXP 	grating: autoDraw = True
174.7836 	EXP 	grating: tex = 'sin'
175.0833 	EXP 	grating: autoDraw = False
175.1192 	DATA 	Keypress: right
175.1358 	EXP 	window1: recordFrameIntervals = False
175.1497 	EXP 	fixation: autoDraw = False
175.1497 	EXP 	grating: autoDraw = False
175.1500 	EXP 	window1: recordFrameIntervals = False
176.1273 	EXP 	fixation: autoDraw = True
177.1313 	EXP 	fixation: autoDraw = False
177.1482 	EXP 	grating: autoDraw = True
177.1482 	EXP 	grating: tex = 'sin'
177.4478 	EXP 	grating: autoDraw = False
177.5001 	DATA 	Keypress: left
177.5170 	EXP 	window1: recordFrameIntervals = False
177.5309 	EXP 	fixation: autoDraw = False
177.5309 	EXP 	grating: autoDraw = False
177.5312 	EXP 	window1: recordFrameIntervals = False
178.5078 	EXP 	fixation: autoDraw = True
179.5123 	EXP 	fixation: autoDraw = False
179.5292 	EXP 	grating: autoDraw = True
179.5292 	EXP 	grating: tex = 'sin'
179.8288 	EXP 	grating: autoDraw = False
179.8816 	EXP 	window1: recordFrameIntervals = False
179.8831 	DATA 	Keypress: right
179.8954 	EXP 	fixation: autoDraw = False
179.8954 	EXP 	grating: autoDraw = False
179.8957 	EXP 	window1: recordFrameIntervals = False
180.8730 	EXP 	fixation: autoDraw = True
181.8770 	EXP 	fixation: autoDraw = False
181.8937 	EXP 	grating: autoDraw = True
181.8937 	EXP 	grating: tex = 'sin'
182.1932 	EXP 	grating: autoDraw = False
182.2958 	EXP 	window1: recordFrameIntervals = False
182.2971 	DATA 	Keypress: right
182.3099 	EXP 	fixation: autoDraw = False
182.3099 	EXP 	grating: autoDraw = False
182.3101 	EXP 	window1: recordFrameIntervals = False
183.2878 	EXP 	fixation: autoDraw = True
184.2913 	EXP 	fixation: autoDraw = False
184.3083 	EXP 	grating: autoDraw = True
184.3083 	EXP 	grating: tex = 'sin'
184.6074 	EXP 	grating: autoDraw = False
184.6926 	EXP 	window1: recordFrameIntervals = False
184.6937 	DATA 	Keypress: left
184.7071 	EXP 	fixation: autoDraw = False
184.7071 	EXP 	grating: autoDraw = False
184.7072 	EXP 	window1: recordFrameIntervals = False
185.6826 	EXP 	fixation: autoDraw = True
186.6887 	EXP 	fixation: autoDraw = False
186.7055 	EXP 	grating: autoDraw = True
186.7055 	EXP 	grating: tex = 'sin'
187.0056 	EXP 	grating: autoDraw = False
187.0910 	EXP 	window1: recordFrameIntervals = False
187.0922 	DATA 	Keypress: left
187.1055 	EXP 	fixation: autoDraw = False
187.1055 	EXP 	grating: autoDraw = False
187.1057 	EXP 	window1: recordFrameIntervals = False
188.0826 	EXP 	fixation: autoDraw = True
189.0868 	EXP 	fixation: autoDraw = False
189.1036 	EXP 	grating: autoDraw = True
189.1036 	EXP 	grating: tex = 'sin'
189.4033 	EXP 	grating: autoDraw = False
189.4725 	EXP 	window1: recordFrameIntervals = False
189.4739 	DATA 	Keypress: right
189.4868 	EXP 	fixation: autoDraw = False
189.4868 	EXP 	grating: autoDraw = False
189.4870 	EXP 	window1: recordFrameIntervals = False
190.4629 	EXP 	fixation: autoDraw = True
191.4681 	EXP 	fixation: autoDraw = False
191.4851 	EXP 	grating: autoDraw = True
191.4851 	EXP 	grating: tex = 'sin'
191.7845 	EXP 	grating: autoDraw = False
191.8038 	EXP 	window1: recordFrameIntervals = False
191.8052 	DATA 	Keypress: left
191.8176 	EXP 	fixation: autoDraw = False
191.8176 	EXP 	grating: autoDraw = False
191.8179 	EXP 	window1: recordFrameIntervals = False
192.7952 	EXP 	fixation: autoDraw = True
193.7991 	EXP 	fixation: autoDraw = False
193.8161 	EXP 	grating: autoDraw = True
193.8161 	EXP 	grating: tex = 'sin'
194.0851 	EXP 	window1: recordFrameIntervals = False
194.0866 	DATA 	Keypress: right
194.0988 	EXP 	fixation: autoDraw = False
194.0988 	EXP 	grating: autoDraw = False
194.0991 	EXP 	window1: recordFrameIntervals = False
195.0761 	EXP 	fixation: autoDraw = True
196.0804 	EXP 	fixation: autoDraw = False
196.0972 	EXP 	grating: autoDraw = True
196.0972 	EXP 	grating: tex = 'sin'
196.3971 	EXP 	grating: autoDraw = False
196.3998 	EXP 	window1: recordFrameIntervals = False
196.4015 	DATA 	Keypress: left
196.4133 	EXP 	fixation: autoDraw = False
196.4133 	EXP 	grating: autoDraw = False
196.4136 	EXP 	window1: recordFrameIntervals = False
197.3911 	EXP 	fixation: autoDraw = True
198.3950 	EXP 	fixation: autoDraw = False
198.4117 	EXP 	grating: autoDraw = True
198.4117 	EXP 	grating: tex = 'sin'
198.7109 	EXP 	grating: autoDraw = False
198.7806 	EXP 	window1: recordFrameIntervals = False
198.7819 	DATA 	Keypress: left
198.7947 	EXP 	fixation: autoDraw = False
198.7947 	EXP 	grating: autoDraw = False
198.7949 	EXP 	window1: recordFrameIntervals = False
199.7728 	EXP 	fixation: autoDraw = True
200.7759 	EXP 	fixation: autoDraw = False
200.7930 	EXP 	grating: autoDraw = True
200.7930 	EXP 	grating: tex = 'sin'
201.0923 	EXP 	grating: autoDraw = False
201.2117 	EXP 	window1: recordFrameIntervals = False
201.2130 	DATA 	Keypress: left
201.2256 	EXP 	fixation: autoDraw = False
201.2256 	EXP 	grating: autoDraw = False
201.2259 	EXP 	window1: recordFrameIntervals = False
202.2022 	EXP 	fixation: autoDraw = True
203.2073 	EXP 	fixation: autoDraw = False
203.2239 	EXP 	grating: autoDraw = True
203.2239 	EXP 	grating: tex = 'sin'
203.5234 	EXP 	grating: autoDraw = False
203.6428 	EXP 	window1: recordFrameIntervals = False
203.6442 	DATA 	Keypress: right
203.6567 	EXP 	fixation: autoDraw = False
203.6567 	EXP 	grating: autoDraw = False
203.6570 	EXP 	window1: recordFrameIntervals = False
204.6341 	EXP 	fixation: autoDraw = True
205.6383 	EXP 	fixation: autoDraw = False
205.6549 	EXP 	grating: autoDraw = True
205.6549 	EXP 	grating: tex = 'sin'
205.9545 	EXP 	grating: autoDraw = False
206.0236 	DATA 	Keypress: right
206.0403 	EXP 	window1: recordFrameIntervals = False
206.0545 	EXP 	fixation: autoDraw = False
206.0545 	EXP 	grating: autoDraw = False
206.0547 	EXP 	window1: recordFrameIntervals = False
207.0306 	EXP 	fixation: autoDraw = True
208.0360 	EXP 	fixation: autoDraw = False
208.0527 	EXP 	grating: autoDraw = True
208.0527 	EXP 	grating: tex = 'sin'
208.3524 	EXP 	grating: autoDraw = False
208.4881 	EXP 	window1: recordFrameIntervals = False
208.4896 	DATA 	Keypress: left
208.5022 	EXP 	fixation: autoDraw = False
208.5022 	EXP 	grating: autoDraw = False
208.5024 	EXP 	window1: recordFrameIntervals = False
209.4796 	EXP 	fixation: autoDraw = True
210.4836 	EXP 	fixation: autoDraw = False
210.5003 	EXP 	grating: autoDraw = True
210.5003 	EXP 	grating: tex = 'sin'
210.8001 	EXP 	grating: autoDraw = False
210.8362 	EXP 	window1: recordFrameIntervals = False
210.8377 	DATA 	Keypress: left
210.8501 	EXP 	fixation: autoDraw = False
210.8501 	EXP 	grating: autoDraw = False
210.8503 	EXP 	window1: recordFrameIntervals = False
211.8281 	EXP 	fixation: autoDraw = True
212.8316 	EXP 	fixation: autoDraw = False
212.8484 	EXP 	grating: autoDraw = True
212.8484 	EXP 	grating: tex = 'sin'
213.1479 	EXP 	grating: autoDraw = False
213.2507 	EXP 	window1: recordFrameIntervals = False
213.2522 	DATA 	Keypress: right
213.2645 	EXP 	fixation: autoDraw = False
213.2645 	EXP 	grating: autoDraw = False
213.2647 	EXP 	window1: recordFrameIntervals = False
214.2419 	EXP 	fixation: autoDraw = True
215.2457 	EXP 	fixation: autoDraw = False
215.2628 	EXP 	grating: autoDraw = True
215.2628 	EXP 	grating: tex = 'sin'
215.5623 	EXP 	grating: autoDraw = False
215.6315 	EXP 	window1: recordFrameIntervals = False
215.6329 	DATA 	Keypress: right
215.6456 	EXP 	fixation: autoDraw = False
215.6456 	EXP 	grating: autoDraw = False
215.6459 	EXP 	window1: recordFrameIntervals = False
216.6223 	EXP 	fixation: autoDraw = True
217.6271 	EXP 	fixation: autoDraw = False
217.6439 	EXP 	grating: autoDraw = True
217.6439 	EXP 	grating: tex = 'sin'
217.9436 	EXP 	grating: autoDraw = False
217.9961 	EXP 	window1: recordFrameIntervals = False
217.9977 	DATA 	Keypress: left
218.0100 	EXP 	fixation: autoDraw = False
218.0100 	EXP 	grating: autoDraw = False
218.0103 	EXP 	window1: recordFrameIntervals = False
218.9872 	EXP 	fixation: autoDraw = True
219.9916 	EXP 	fixation: autoDraw = False
220.0084 	EXP 	grating: autoDraw = True
220.0084 	EXP 	grating: tex = 'sin'
220.3079 	EXP 	grating: autoDraw = False
220.3603 	EXP 	window1: recordFrameIntervals = False
220.3617 	DATA 	Keypress: right
220.3746 	EXP 	fixation: autoDraw = False
220.3746 	EXP 	grating: autoDraw = False
220.3748 	EXP 	window1: recordFrameIntervals = False
221.3511 	EXP 	fixation: autoDraw = True
222.3564 	EXP 	fixation: autoDraw = False
222.3727 	EXP 	grating: autoDraw = True
222.3727 	EXP 	grating: tex = 'sin'
222.6721 	EXP 	grating: autoDraw = False
222.7582 	EXP 	window1: recordFrameIntervals = False
222.7597 	DATA 	Keypress: right
222.7724 	EXP 	fixation: autoDraw = False
222.7724 	EXP 	grating: autoDraw = False
222.7727 	EXP 	window1: recordFrameIntervals = False
223.7489 	EXP 	fixation: autoDraw = True
224.7538 	EXP 	fixation: autoDraw = False
224.7704 	EXP 	grating: autoDraw = True
224.7704 	EXP 	grating: tex = 'sin'
225.0702 	EXP 	grating: autoDraw = False
225.1896 	EXP 	window1: recordFrameIntervals = False
225.1911 	DATA 	Keypress: right
225.2033 	EXP 	fixation: autoDraw = False
225.2033 	EXP 	grating: autoDraw = False
225.2036 	EXP 	window1: recordFrameIntervals = False
226.1802 	EXP 	fixation: autoDraw = True
227.1849 	EXP 	fixation: autoDraw = False
227.2016 	EXP 	grating: autoDraw = True
227.2016 	EXP 	grating: tex = 'sin'
227.5014 	EXP 	grating: autoDraw = False
227.5875 	EXP 	window1: recordFrameIntervals = False
227.5889 	DATA 	Keypress: right
227.6014 	EXP 	fixation: autoDraw = False
227.6014 	EXP 	grating: autoDraw = False
227.6017 	EXP 	window1: recordFrameIntervals = False
228.5796 	EXP 	fixation: autoDraw = True
229.5826 	EXP 	fixation: autoDraw = False
229.5995 	EXP 	grating: autoDraw = True
229.5995 	EXP 	grating: tex = 'sin'
229.8989 	EXP 	grating: autoDraw = False
229.9513 	EXP 	window1: recordFrameIntervals = False
229.9527 	DATA 	Keypress: right
229.9658 	EXP 	fixation: autoDraw = False
229.9658 	EXP 	grating: autoDraw = False
229.9661 	EXP 	window1: recordFrameIntervals = False
230.9421 	EXP 	fixation: autoDraw = True
231.9475 	EXP 	fixation: autoDraw = False
231.9637 	EXP 	grating: autoDraw = True
231.9637 	EXP 	grating: tex = 'sin'
232.2635 	EXP 	grating: autoDraw = False
232.3159 	EXP 	window1: recordFrameIntervals = False
232.3173 	DATA 	Keypress: right
232.3301 	EXP 	fixation: autoDraw = False
232.3301 	EXP 	grating: autoDraw = False
232.3303 	EXP 	window1: recordFrameIntervals = False
233.3066 	EXP 	fixation: autoDraw = True
234.3114 	EXP 	fixation: autoDraw = False
234.3285 	EXP 	grating: autoDraw = True
234.3285 	EXP 	grating: tex = 'sin'
234.6281 	EXP 	grating: autoDraw = False
234.7300 	EXP 	window1: recordFrameIntervals = False
234.7313 	DATA 	Keypress: left
234.7445 	EXP 	fixation: autoDraw = False
234.7445 	EXP 	grating: autoDraw = False
234.7447 	EXP 	window1: recordFrameIntervals = False
235.7216 	EXP 	fixation: autoDraw = True
236.7257 	EXP 	fixation: autoDraw = False
236.7428 	EXP 	grating: autoDraw = True
236.7428 	EXP 	grating: tex = 'sin'
237.0424 	EXP 	grating: autoDraw = False
237.0787 	EXP 	window1: recordFrameIntervals = False
237.0801 	DATA 	Keypress: left
237.0923 	EXP 	fixation: autoDraw = False
237.0923 	EXP 	grating: autoDraw = False
237.0925 	EXP 	window1: recordFrameIntervals = False
238.0701 	EXP 	fixation: autoDraw = True
239.0740 	EXP 	fixation: autoDraw = False
239.0905 	EXP 	grating: autoDraw = True
239.0905 	EXP 	grating: tex = 'sin'
239.3901 	EXP 	grating: autoDraw = False
239.4262 	EXP 	window1: recordFrameIntervals = False
239.4276 	DATA 	Keypress: right
239.4400 	EXP 	fixation: autoDraw = False
239.4400 	EXP 	grating: autoDraw = False
239.4403 	EXP 	window1: recordFrameIntervals = False
240.4180 	EXP 	fixation: autoDraw = True
241.4217 	EXP 	fixation: autoDraw = False
241.4384 	EXP 	grating: autoDraw = True
241.4384 	EXP 	grating: tex = 'sin'
241.7376 	EXP 	grating: autoDraw = False
241.8069 	EXP 	window1: recordFrameIntervals = False
241.8083 	DATA 	Keypress: left
241.8212 	EXP 	fixation: autoDraw = False
241.8212 	EXP 	grating: autoDraw = False
241.8214 	EXP 	window1: recordFrameIntervals = False
242.7975 	EXP 	fixation: autoDraw = True
243.8028 	EXP 	fixation: autoDraw = False
243.8197 	EXP 	grating: autoDraw = True
243.8197 	EXP 	grating: tex = 'sin'
244.1188 	EXP 	grating: autoDraw = False
244.2215 	EXP 	window1: recordFrameIntervals = False
244.2231 	DATA 	Keypress: left
244.2359 	EXP 	fixation: autoDraw = False
244.2359 	EXP 	grating: autoDraw = False
244.2361 	EXP 	window1: recordFrameIntervals = False
245.2123 	EXP 	fixation: autoDraw = True
246.2174 	EXP 	fixation: autoDraw = False
246.2341 	EXP 	grating: autoDraw = True
246.2341 	EXP 	grating: tex = 'sin'
246.5337 	EXP 	grating: autoDraw = False
246.6197 	EXP 	window1: recordFrameIntervals = False
246.6212 	DATA 	Keypress: left
246.6336 	EXP 	fixation: autoDraw = False
246.6336 	EXP 	grating: autoDraw = False
246.6338 	EXP 	window1: recordFrameIntervals = False
247.6109 	EXP 	fixation: autoDraw = True
248.6149 	EXP 	fixation: autoDraw = False
248.6318 	EXP 	grating: autoDraw = True
248.6318 	EXP 	grating: tex = 'sin'
248.9313 	EXP 	grating: autoDraw = False
249.0171 	EXP 	window1: recordFrameIntervals = False
249.0185 	DATA 	Keypress: left
249.0313 	EXP 	fixation: autoDraw = False
249.0313 	EXP 	grating: autoDraw = False
249.0315 	EXP 	window1: recordFrameIntervals = False
250.0072 	EXP 	fixation: autoDraw = True
251.0128 	EXP 	fixation: autoDraw = False
251.0297 	EXP 	grating: autoDraw = True
251.0297 	EXP 	grating: tex = 'sin'
251.3292 	EXP 	grating: autoDraw = False
251.3820 	EXP 	window1: recordFrameIntervals = False
251.3835 	DATA 	Keypress: right
251.3958 	EXP 	fixation: autoDraw = False
251.3958 	EXP 	grating: autoDraw = False
251.3961 	EXP 	window1: recordFrameIntervals = False
252.3730 	EXP 	fixation: autoDraw = True
253.3773 	EXP 	fixation: autoDraw = False
253.3942 	EXP 	grating: autoDraw = True
253.3942 	EXP 	grating: tex = 'sin'
253.6934 	EXP 	grating: autoDraw = False
253.7285 	DATA 	Keypress: left
253.7435 	EXP 	fixation: autoDraw = False
253.7435 	EXP 	grating: autoDraw = False
254.0487 	EXP 	window1: mouseVisible = True
