1.7547 	WARNING 	We strongly recommend you activate the PTB sound engine in PsychoPy prefs as the preferred audio engine. Its timing is vastly superior. Your prefs are currently set to use ['sounddevice', 'PTB', 'pyo', 'pygame'] (in that order).
32.2868 	WARNING 	User requested fullscreen with size [1024  768], but screen is actually [1920, 1080]. Using actual size
36.8478 	EXP 	Created window1 = Window(allowGUI=True, allowStencil=False, autoLog=True, backendConf=UNKNOWN, bitsMode=UNKNOWN, blendMode='avg', bpc=(8, 8, 8), color=array([0, 0, 0]), colorSpace='rgb', depthBits=8, fullscr=<method-wrapper '__getattribute__' of attributeSetter object at 0x00000219BB3B1E80>, gamma=None, gammaErrorPolicy='raise', lms=UNKNOWN, monitor=<psychopy.monitors.calibTools.Monitor object at 0x00000219BE4A7A00>, multiSample=False, name='window1', numSamples=2, pos=(0, 0), screen=0, size=array([1920, 1080]), stencilBits=0, stereo=False, units='height', useFBO=True, useRetina=False, viewOri=0.0, viewPos=None, viewScale=None, waitBlanking=True, winType='pyglet')
36.8480 	EXP 	window1: mouseVisible = True
36.8483 	EXP 	window1: mouseVisible = False
36.8483 	EXP 	window1: Attempting to measure frame rate of screen (0) ...
36.8484 	EXP 	window1: recordFrameIntervals = False
37.0133 	EXP 	window1: recordFrameIntervals = True
37.1967 	EXP 	Screen (0) actual frame rate measured at 60.05Hz
37.1968 	EXP 	window1: recordFrameIntervals = False
51.6258 	EXP 	Created fixation = ShapeStim(__class__=<class 'psychopy.visual.shape.ShapeStim'>, anchor=('center', 'center'), autoDraw=False, autoLog=True, closeShape=True, color=method-wrapper(...), colorSpace='rgb', contrast=None, depth=0.0, fillColor=array([1, 1, 1]), fillColorSpace='rgb', fillRGB=array([1, 1, 1]), interpolate=True, lineColor=array([1., 1., 1.]), lineColorSpace='rgb', lineRGB=array([1, 1, 1]), lineWidth=1.0, name='fixation', opacity=1.0, ori=0.0, pos=array([0., 0.]), size=array([10., 10.]), units='pix', vertices=ndarray(...), win=Window(...), windingRule=None)
51.6278 	EXP 	Created line1 = Rect(__class__=<class 'psychopy.visual.rect.Rect'>, anchor=('center', 'center'), autoDraw=False, autoLog=True, closeShape=True, color=method-wrapper(...), colorSpace='rgb', contrast=None, depth=-1.0, fillColor=array([1, 1, 1]), fillColorSpace='rgb', fillRGB=array([1, 1, 1]), interpolate=True, lineColor=array([1., 1., 1.]), lineColorSpace='rgb', lineRGB=array([1, 1, 1]), lineWidth=1.0, name='line1', opacity=1.0, ori=90.0, pos=array([-150.,    0.]), size=array([100.,  10.]), units='pix', vertices=ndarray(...), win=Window(...))
51.6291 	EXP 	Created line2 = Rect(__class__=<class 'psychopy.visual.rect.Rect'>, anchor=('center', 'center'), autoDraw=False, autoLog=True, closeShape=True, color=method-wrapper(...), colorSpace='rgb', contrast=None, depth=-2.0, fillColor=array([1, 1, 1]), fillColorSpace='rgb', fillRGB=array([1, 1, 1]), interpolate=True, lineColor=array([1., 1., 1.]), lineColorSpace='rgb', lineRGB=array([1, 1, 1]), lineWidth=1.0, name='line2', opacity=1.0, ori=90.0, pos=array([-50.,   0.]), size=array([100.,  10.]), units='pix', vertices=ndarray(...), win=Window(...))
51.6307 	EXP 	Created line3 = Rect(__class__=<class 'psychopy.visual.rect.Rect'>, anchor=('center', 'center'), autoDraw=False, autoLog=True, closeShape=True, color=method-wrapper(...), colorSpace='rgb', contrast=None, depth=-3.0, fillColor=array([1, 1, 1]), fillColorSpace='rgb', fillRGB=array([1, 1, 1]), interpolate=True, lineColor=array([1., 1., 1.]), lineColorSpace='rgb', lineRGB=array([1, 1, 1]), lineWidth=1.0, name='line3', opacity=1.0, ori=90.0, pos=array([50.,  0.]), size=array([100.,  10.]), units='pix', vertices=ndarray(...), win=Window(...))
51.6322 	EXP 	Created line4 = Rect(__class__=<class 'psychopy.visual.rect.Rect'>, anchor=('center', 'center'), autoDraw=False, autoLog=True, closeShape=True, color=method-wrapper(...), colorSpace='rgb', contrast=None, depth=-4.0, fillColor=array([1, 1, 1]), fillColorSpace='rgb', fillRGB=array([1, 1, 1]), interpolate=True, lineColor=array([1., 1., 1.]), lineColorSpace='rgb', lineRGB=array([1, 1, 1]), lineWidth=1.0, name='line4', opacity=1.0, ori=90.0, pos=array([150.,   0.]), size=array([100.,  10.]), units='pix', vertices=ndarray(...), win=Window(...))
51.6338 	EXP 	Created probe = ShapeStim(__class__=<class 'psychopy.visual.shape.ShapeStim'>, anchor=('center', 'center'), autoDraw=False, autoLog=True, closeShape=True, color=method-wrapper(...), colorSpace='rgb', contrast=None, depth=-5.0, fillColor=array([1, 1, 1]), fillColorSpace='rgb', fillRGB=array([1, 1, 1]), interpolate=True, lineColor=array([1., 1., 1.]), lineColorSpace='rgb', lineRGB=array([1, 1, 1]), lineWidth=1.0, name='probe', opacity=1.0, ori=0.0, pos=array([0., 0.]), size=array([10., 10.]), units='pix', vertices=ndarray(...), win=Window(...), windingRule=None)
51.6354 	EXP 	Created fixation = ShapeStim(__class__=<class 'psychopy.visual.shape.ShapeStim'>, anchor=('center', 'center'), autoDraw=False, autoLog=True, closeShape=True, color=method-wrapper(...), colorSpace='rgb', contrast=None, depth=0.0, fillColor=array([1, 1, 1]), fillColorSpace='rgb', fillRGB=array([1, 1, 1]), interpolate=True, lineColor=array([1., 1., 1.]), lineColorSpace='rgb', lineRGB=array([1, 1, 1]), lineWidth=1.0, name='fixation', opacity=1.0, ori=0.0, pos=array([0., 0.]), size=array([10., 10.]), units='pix', vertices=ndarray(...), win=Window(...), windingRule=None)
51.6368 	EXP 	Created line1 = Rect(__class__=<class 'psychopy.visual.rect.Rect'>, anchor=('center', 'center'), autoDraw=False, autoLog=True, closeShape=True, color=method-wrapper(...), colorSpace='rgb', contrast=None, depth=-1.0, fillColor=array([1, 1, 1]), fillColorSpace='rgb', fillRGB=array([1, 1, 1]), interpolate=True, lineColor=array([1., 1., 1.]), lineColorSpace='rgb', lineRGB=array([1, 1, 1]), lineWidth=1.0, name='line1', opacity=1.0, ori=90.0, pos=array([-150.,    0.]), size=array([100.,  10.]), units='pix', vertices=ndarray(...), win=Window(...))
51.6383 	EXP 	Created line2 = Rect(__class__=<class 'psychopy.visual.rect.Rect'>, anchor=('center', 'center'), autoDraw=False, autoLog=True, closeShape=True, color=method-wrapper(...), colorSpace='rgb', contrast=None, depth=-2.0, fillColor=array([1, 1, 1]), fillColorSpace='rgb', fillRGB=array([1, 1, 1]), interpolate=True, lineColor=array([1., 1., 1.]), lineColorSpace='rgb', lineRGB=array([1, 1, 1]), lineWidth=1.0, name='line2', opacity=1.0, ori=90.0, pos=array([-50.,   0.]), size=array([100.,  10.]), units='pix', vertices=ndarray(...), win=Window(...))
51.6404 	EXP 	Created line3 = Rect(__class__=<class 'psychopy.visual.rect.Rect'>, anchor=('center', 'center'), autoDraw=False, autoLog=True, closeShape=True, color=method-wrapper(...), colorSpace='rgb', contrast=None, depth=-3.0, fillColor=array([1, 1, 1]), fillColorSpace='rgb', fillRGB=array([1, 1, 1]), interpolate=True, lineColor=array([1., 1., 1.]), lineColorSpace='rgb', lineRGB=array([1, 1, 1]), lineWidth=1.0, name='line3', opacity=1.0, ori=90.0, pos=array([50.,  0.]), size=array([100.,  10.]), units='pix', vertices=ndarray(...), win=Window(...))
51.6420 	EXP 	Created line4 = Rect(__class__=<class 'psychopy.visual.rect.Rect'>, anchor=('center', 'center'), autoDraw=False, autoLog=True, closeShape=True, color=method-wrapper(...), colorSpace='rgb', contrast=None, depth=-4.0, fillColor=array([1, 1, 1]), fillColorSpace='rgb', fillRGB=array([1, 1, 1]), interpolate=True, lineColor=array([1., 1., 1.]), lineColorSpace='rgb', lineRGB=array([1, 1, 1]), lineWidth=1.0, name='line4', opacity=1.0, ori=90.0, pos=array([150.,   0.]), size=array([100.,  10.]), units='pix', vertices=ndarray(...), win=Window(...))
51.6436 	EXP 	Created probe = ShapeStim(__class__=<class 'psychopy.visual.shape.ShapeStim'>, anchor=('center', 'center'), autoDraw=False, autoLog=True, closeShape=True, color=method-wrapper(...), colorSpace='rgb', contrast=None, depth=-5.0, fillColor=array([1, 1, 1]), fillColorSpace='rgb', fillRGB=array([1, 1, 1]), interpolate=True, lineColor=array([1., 1., 1.]), lineColorSpace='rgb', lineRGB=array([1, 1, 1]), lineWidth=1.0, name='probe', opacity=1.0, ori=0.0, pos=array([0., 0.]), size=array([10., 10.]), units='pix', vertices=ndarray(...), win=Window(...), windingRule=None)
51.6471 	EXP 	Imported C:/Users/Kinnari Kamani/Desktop/Monsoon 2022/PSY310 Lab in Psych/Tutorials_Exp/sequence_conT4.csv as conditions, 4 conditions, 2 params
51.7065 	EXP 	Created sequence: sequential, trialTypes=4, nReps=12, seed=None
51.7070 	EXP 	New trial (rep=0, index=0): OrderedDict([('pos', -50), ('corr_resp', 'x')])
51.8827 	EXP 	fixation: autoDraw = True
52.6480 	EXP 	line1: autoDraw = True
52.6480 	EXP 	line2: autoDraw = True
52.6480 	EXP 	line3: autoDraw = True
52.6480 	EXP 	line4: autoDraw = True
52.8980 	EXP 	fixation: autoDraw = False
53.6471 	EXP 	probe: autoDraw = True
54.7889 	EXP 	New trial (rep=0, index=1): OrderedDict([('pos', 150), ('corr_resp', 'v')])
54.7920 	DATA 	Keypress: x
54.7948 	EXP 	fixation: autoDraw = False
54.7948 	EXP 	line1: autoDraw = False
54.7948 	EXP 	line2: autoDraw = False
54.7948 	EXP 	line3: autoDraw = False
54.7948 	EXP 	line4: autoDraw = False
54.7948 	EXP 	probe: autoDraw = False
54.7948 	EXP 	fixation: autoDraw = True
55.7952 	EXP 	fixation: autoDraw = False
55.7952 	EXP 	line1: autoDraw = True
55.7952 	EXP 	line2: autoDraw = True
55.7952 	EXP 	line3: autoDraw = True
55.7952 	EXP 	line4: autoDraw = True
56.7943 	EXP 	probe: autoDraw = True
57.7449 	EXP 	New trial (rep=0, index=2): OrderedDict([('pos', 50), ('corr_resp', 'c')])
57.7467 	DATA 	Keypress: v
57.7598 	EXP 	fixation: autoDraw = False
57.7598 	EXP 	line1: autoDraw = False
57.7598 	EXP 	line2: autoDraw = False
57.7598 	EXP 	line3: autoDraw = False
57.7598 	EXP 	line4: autoDraw = False
57.7598 	EXP 	probe: autoDraw = False
57.7598 	EXP 	fixation: autoDraw = True
58.7589 	EXP 	fixation: autoDraw = False
58.7589 	EXP 	line1: autoDraw = True
58.7589 	EXP 	line2: autoDraw = True
58.7589 	EXP 	line3: autoDraw = True
58.7589 	EXP 	line4: autoDraw = True
59.7583 	EXP 	probe: autoDraw = True
60.5596 	EXP 	New trial (rep=0, index=3): OrderedDict([('pos', -150), ('corr_resp', 'z')])
60.5619 	DATA 	Keypress: c
60.5743 	EXP 	fixation: autoDraw = False
60.5743 	EXP 	line1: autoDraw = False
60.5743 	EXP 	line2: autoDraw = False
60.5743 	EXP 	line3: autoDraw = False
60.5743 	EXP 	line4: autoDraw = False
60.5743 	EXP 	probe: autoDraw = False
60.5743 	EXP 	fixation: autoDraw = True
61.5734 	EXP 	fixation: autoDraw = False
61.5734 	EXP 	line1: autoDraw = True
61.5734 	EXP 	line2: autoDraw = True
61.5734 	EXP 	line3: autoDraw = True
61.5734 	EXP 	line4: autoDraw = True
62.5723 	EXP 	probe: autoDraw = True
63.0740 	EXP 	New trial (rep=1, index=0): OrderedDict([('pos', -50), ('corr_resp', 'x')])
63.0761 	DATA 	Keypress: z
63.0886 	EXP 	fixation: autoDraw = False
63.0886 	EXP 	line1: autoDraw = False
63.0886 	EXP 	line2: autoDraw = False
63.0886 	EXP 	line3: autoDraw = False
63.0886 	EXP 	line4: autoDraw = False
63.0886 	EXP 	probe: autoDraw = False
63.0886 	EXP 	fixation: autoDraw = True
64.0875 	EXP 	line1: autoDraw = True
64.0875 	EXP 	line2: autoDraw = True
64.0875 	EXP 	line3: autoDraw = True
64.0875 	EXP 	line4: autoDraw = True
64.1043 	EXP 	fixation: autoDraw = False
65.0867 	EXP 	probe: autoDraw = True
65.8873 	EXP 	New trial (rep=1, index=1): OrderedDict([('pos', 150), ('corr_resp', 'v')])
65.8890 	DATA 	Keypress: x
65.9024 	EXP 	fixation: autoDraw = False
65.9024 	EXP 	line1: autoDraw = False
65.9024 	EXP 	line2: autoDraw = False
65.9024 	EXP 	line3: autoDraw = False
65.9024 	EXP 	line4: autoDraw = False
65.9024 	EXP 	probe: autoDraw = False
65.9024 	EXP 	fixation: autoDraw = True
66.9016 	EXP 	fixation: autoDraw = False
66.9016 	EXP 	line1: autoDraw = True
66.9016 	EXP 	line2: autoDraw = True
66.9016 	EXP 	line3: autoDraw = True
66.9016 	EXP 	line4: autoDraw = True
67.9003 	EXP 	probe: autoDraw = True
68.2553 	DATA 	Keypress: v
68.2689 	EXP 	New trial (rep=1, index=2): OrderedDict([('pos', 50), ('corr_resp', 'c')])
68.2837 	EXP 	fixation: autoDraw = False
68.2837 	EXP 	line1: autoDraw = False
68.2837 	EXP 	line2: autoDraw = False
68.2837 	EXP 	line3: autoDraw = False
68.2837 	EXP 	line4: autoDraw = False
68.2837 	EXP 	probe: autoDraw = False
68.2837 	EXP 	fixation: autoDraw = True
69.2828 	EXP 	fixation: autoDraw = False
69.2828 	EXP 	line1: autoDraw = True
69.2828 	EXP 	line2: autoDraw = True
69.2828 	EXP 	line3: autoDraw = True
69.2828 	EXP 	line4: autoDraw = True
70.2819 	EXP 	probe: autoDraw = True
70.7660 	EXP 	New trial (rep=1, index=3): OrderedDict([('pos', -150), ('corr_resp', 'z')])
70.7675 	DATA 	Keypress: c
70.7813 	EXP 	fixation: autoDraw = False
70.7813 	EXP 	line1: autoDraw = False
70.7813 	EXP 	line2: autoDraw = False
70.7813 	EXP 	line3: autoDraw = False
70.7813 	EXP 	line4: autoDraw = False
70.7813 	EXP 	probe: autoDraw = False
70.7813 	EXP 	fixation: autoDraw = True
71.7805 	EXP 	fixation: autoDraw = False
71.7805 	EXP 	line1: autoDraw = True
71.7805 	EXP 	line2: autoDraw = True
71.7805 	EXP 	line3: autoDraw = True
71.7805 	EXP 	line4: autoDraw = True
72.7795 	EXP 	probe: autoDraw = True
73.0983 	EXP 	New trial (rep=2, index=0): OrderedDict([('pos', -50), ('corr_resp', 'x')])
73.0999 	DATA 	Keypress: z
73.1124 	EXP 	fixation: autoDraw = False
73.1124 	EXP 	line1: autoDraw = False
73.1124 	EXP 	line2: autoDraw = False
73.1124 	EXP 	line3: autoDraw = False
73.1124 	EXP 	line4: autoDraw = False
73.1124 	EXP 	probe: autoDraw = False
73.1124 	EXP 	fixation: autoDraw = True
74.1116 	EXP 	fixation: autoDraw = False
74.1116 	EXP 	line1: autoDraw = True
74.1116 	EXP 	line2: autoDraw = True
74.1116 	EXP 	line3: autoDraw = True
74.1116 	EXP 	line4: autoDraw = True
75.1105 	EXP 	probe: autoDraw = True
75.9137 	DATA 	Keypress: x
75.9285 	EXP 	New trial (rep=2, index=1): OrderedDict([('pos', 150), ('corr_resp', 'v')])
75.9434 	EXP 	fixation: autoDraw = False
75.9434 	EXP 	line1: autoDraw = False
75.9434 	EXP 	line2: autoDraw = False
75.9434 	EXP 	line3: autoDraw = False
75.9434 	EXP 	line4: autoDraw = False
75.9434 	EXP 	probe: autoDraw = False
75.9434 	EXP 	fixation: autoDraw = True
76.9423 	EXP 	line1: autoDraw = True
76.9423 	EXP 	line2: autoDraw = True
76.9423 	EXP 	line3: autoDraw = True
76.9423 	EXP 	line4: autoDraw = True
76.9589 	EXP 	fixation: autoDraw = False
77.9412 	EXP 	probe: autoDraw = True
78.6589 	EXP 	New trial (rep=2, index=2): OrderedDict([('pos', 50), ('corr_resp', 'c')])
78.6605 	DATA 	Keypress: v
78.6742 	EXP 	fixation: autoDraw = False
78.6742 	EXP 	line1: autoDraw = False
78.6742 	EXP 	line2: autoDraw = False
78.6742 	EXP 	line3: autoDraw = False
78.6742 	EXP 	line4: autoDraw = False
78.6742 	EXP 	probe: autoDraw = False
78.6742 	EXP 	fixation: autoDraw = True
79.6732 	EXP 	line1: autoDraw = True
79.6732 	EXP 	line2: autoDraw = True
79.6732 	EXP 	line3: autoDraw = True
79.6732 	EXP 	line4: autoDraw = True
79.6899 	EXP 	fixation: autoDraw = False
80.6722 	EXP 	probe: autoDraw = True
81.5767 	DATA 	Keypress: c
81.5899 	EXP 	New trial (rep=2, index=3): OrderedDict([('pos', -150), ('corr_resp', 'z')])
81.6047 	EXP 	fixation: autoDraw = False
81.6047 	EXP 	line1: autoDraw = False
81.6047 	EXP 	line2: autoDraw = False
81.6047 	EXP 	line3: autoDraw = False
81.6047 	EXP 	line4: autoDraw = False
81.6047 	EXP 	probe: autoDraw = False
81.6047 	EXP 	fixation: autoDraw = True
82.6037 	EXP 	fixation: autoDraw = False
82.6037 	EXP 	line1: autoDraw = True
82.6037 	EXP 	line2: autoDraw = True
82.6037 	EXP 	line3: autoDraw = True
82.6037 	EXP 	line4: autoDraw = True
83.6028 	EXP 	probe: autoDraw = True
83.9540 	EXP 	New trial (rep=3, index=0): OrderedDict([('pos', -50), ('corr_resp', 'x')])
83.9561 	DATA 	Keypress: z
83.9691 	EXP 	fixation: autoDraw = False
83.9691 	EXP 	line1: autoDraw = False
83.9691 	EXP 	line2: autoDraw = False
83.9691 	EXP 	line3: autoDraw = False
83.9691 	EXP 	line4: autoDraw = False
83.9691 	EXP 	probe: autoDraw = False
83.9691 	EXP 	fixation: autoDraw = True
84.9680 	EXP 	fixation: autoDraw = False
84.9680 	EXP 	line1: autoDraw = True
84.9680 	EXP 	line2: autoDraw = True
84.9680 	EXP 	line3: autoDraw = True
84.9680 	EXP 	line4: autoDraw = True
85.9673 	EXP 	probe: autoDraw = True
87.1014 	EXP 	New trial (rep=3, index=1): OrderedDict([('pos', 150), ('corr_resp', 'v')])
87.1034 	DATA 	Keypress: x
87.1163 	EXP 	fixation: autoDraw = False
87.1163 	EXP 	line1: autoDraw = False
87.1163 	EXP 	line2: autoDraw = False
87.1163 	EXP 	line3: autoDraw = False
87.1163 	EXP 	line4: autoDraw = False
87.1163 	EXP 	probe: autoDraw = False
87.1163 	EXP 	fixation: autoDraw = True
88.1154 	EXP 	line1: autoDraw = True
88.1154 	EXP 	line2: autoDraw = True
88.1154 	EXP 	line3: autoDraw = True
88.1154 	EXP 	line4: autoDraw = True
88.1317 	EXP 	fixation: autoDraw = False
89.1144 	EXP 	probe: autoDraw = True
89.8322 	EXP 	New trial (rep=3, index=2): OrderedDict([('pos', 50), ('corr_resp', 'c')])
89.8341 	DATA 	Keypress: v
89.8471 	EXP 	fixation: autoDraw = False
89.8471 	EXP 	line1: autoDraw = False
89.8471 	EXP 	line2: autoDraw = False
89.8471 	EXP 	line3: autoDraw = False
89.8471 	EXP 	line4: autoDraw = False
89.8471 	EXP 	probe: autoDraw = False
89.8471 	EXP 	fixation: autoDraw = True
90.8460 	EXP 	fixation: autoDraw = False
90.8460 	EXP 	line1: autoDraw = True
90.8460 	EXP 	line2: autoDraw = True
90.8460 	EXP 	line3: autoDraw = True
90.8460 	EXP 	line4: autoDraw = True
91.8451 	EXP 	probe: autoDraw = True
92.5793 	EXP 	New trial (rep=3, index=3): OrderedDict([('pos', -150), ('corr_resp', 'z')])
92.5810 	DATA 	Keypress: c
92.5946 	EXP 	fixation: autoDraw = False
92.5946 	EXP 	line1: autoDraw = False
92.5946 	EXP 	line2: autoDraw = False
92.5946 	EXP 	line3: autoDraw = False
92.5946 	EXP 	line4: autoDraw = False
92.5946 	EXP 	probe: autoDraw = False
92.5946 	EXP 	fixation: autoDraw = True
93.5937 	EXP 	line1: autoDraw = True
93.5937 	EXP 	line2: autoDraw = True
93.5937 	EXP 	line3: autoDraw = True
93.5937 	EXP 	line4: autoDraw = True
93.6101 	EXP 	fixation: autoDraw = False
94.5923 	EXP 	probe: autoDraw = True
95.2102 	EXP 	New trial (rep=4, index=0): OrderedDict([('pos', -50), ('corr_resp', 'x')])
95.2119 	DATA 	Keypress: z
95.2253 	EXP 	fixation: autoDraw = False
95.2253 	EXP 	line1: autoDraw = False
95.2253 	EXP 	line2: autoDraw = False
95.2253 	EXP 	line3: autoDraw = False
95.2253 	EXP 	line4: autoDraw = False
95.2253 	EXP 	probe: autoDraw = False
95.2253 	EXP 	fixation: autoDraw = True
96.2244 	EXP 	fixation: autoDraw = False
96.2244 	EXP 	line1: autoDraw = True
96.2244 	EXP 	line2: autoDraw = True
96.2244 	EXP 	line3: autoDraw = True
96.2244 	EXP 	line4: autoDraw = True
97.2235 	EXP 	probe: autoDraw = True
97.9580 	EXP 	New trial (rep=4, index=1): OrderedDict([('pos', 150), ('corr_resp', 'v')])
97.9599 	DATA 	Keypress: x
97.9730 	EXP 	fixation: autoDraw = False
97.9730 	EXP 	line1: autoDraw = False
97.9730 	EXP 	line2: autoDraw = False
97.9730 	EXP 	line3: autoDraw = False
97.9730 	EXP 	line4: autoDraw = False
97.9730 	EXP 	probe: autoDraw = False
97.9730 	EXP 	fixation: autoDraw = True
98.9719 	EXP 	fixation: autoDraw = False
98.9719 	EXP 	line1: autoDraw = True
98.9719 	EXP 	line2: autoDraw = True
98.9719 	EXP 	line3: autoDraw = True
98.9719 	EXP 	line4: autoDraw = True
99.9710 	EXP 	probe: autoDraw = True
100.5545 	EXP 	New trial (rep=4, index=2): OrderedDict([('pos', 50), ('corr_resp', 'c')])
100.5559 	DATA 	Keypress: v
100.5700 	EXP 	fixation: autoDraw = False
100.5700 	EXP 	line1: autoDraw = False
100.5700 	EXP 	line2: autoDraw = False
100.5700 	EXP 	line3: autoDraw = False
100.5700 	EXP 	line4: autoDraw = False
100.5700 	EXP 	probe: autoDraw = False
100.5700 	EXP 	fixation: autoDraw = True
101.5692 	EXP 	fixation: autoDraw = False
101.5692 	EXP 	line1: autoDraw = True
101.5692 	EXP 	line2: autoDraw = True
101.5692 	EXP 	line3: autoDraw = True
101.5692 	EXP 	line4: autoDraw = True
102.5685 	EXP 	probe: autoDraw = True
103.2362 	EXP 	New trial (rep=4, index=3): OrderedDict([('pos', -150), ('corr_resp', 'z')])
103.2380 	DATA 	Keypress: c
103.2515 	EXP 	fixation: autoDraw = False
103.2515 	EXP 	line1: autoDraw = False
103.2515 	EXP 	line2: autoDraw = False
103.2515 	EXP 	line3: autoDraw = False
103.2515 	EXP 	line4: autoDraw = False
103.2515 	EXP 	probe: autoDraw = False
103.2515 	EXP 	fixation: autoDraw = True
104.2501 	EXP 	line1: autoDraw = True
104.2501 	EXP 	line2: autoDraw = True
104.2501 	EXP 	line3: autoDraw = True
104.2501 	EXP 	line4: autoDraw = True
104.2670 	EXP 	fixation: autoDraw = False
105.2494 	EXP 	probe: autoDraw = True
105.7839 	EXP 	New trial (rep=5, index=0): OrderedDict([('pos', -50), ('corr_resp', 'x')])
105.7857 	DATA 	Keypress: z
105.7990 	EXP 	fixation: autoDraw = False
105.7990 	EXP 	line1: autoDraw = False
105.7990 	EXP 	line2: autoDraw = False
105.7990 	EXP 	line3: autoDraw = False
105.7990 	EXP 	line4: autoDraw = False
105.7990 	EXP 	probe: autoDraw = False
105.7990 	EXP 	fixation: autoDraw = True
106.7977 	EXP 	fixation: autoDraw = False
106.7977 	EXP 	line1: autoDraw = True
106.7977 	EXP 	line2: autoDraw = True
106.7977 	EXP 	line3: autoDraw = True
106.7977 	EXP 	line4: autoDraw = True
107.7967 	EXP 	probe: autoDraw = True
108.3513 	DATA 	Keypress: x
108.3646 	EXP 	New trial (rep=5, index=1): OrderedDict([('pos', 150), ('corr_resp', 'v')])
108.3802 	EXP 	fixation: autoDraw = False
108.3802 	EXP 	line1: autoDraw = False
108.3802 	EXP 	line2: autoDraw = False
108.3802 	EXP 	line3: autoDraw = False
108.3802 	EXP 	line4: autoDraw = False
108.3802 	EXP 	probe: autoDraw = False
108.3802 	EXP 	fixation: autoDraw = True
109.3791 	EXP 	line1: autoDraw = True
109.3791 	EXP 	line2: autoDraw = True
109.3791 	EXP 	line3: autoDraw = True
109.3791 	EXP 	line4: autoDraw = True
109.3955 	EXP 	fixation: autoDraw = False
110.3778 	EXP 	probe: autoDraw = True
110.7457 	EXP 	New trial (rep=5, index=2): OrderedDict([('pos', 50), ('corr_resp', 'c')])
110.7474 	DATA 	Keypress: v
110.7611 	EXP 	fixation: autoDraw = False
110.7611 	EXP 	line1: autoDraw = False
110.7611 	EXP 	line2: autoDraw = False
110.7611 	EXP 	line3: autoDraw = False
110.7611 	EXP 	line4: autoDraw = False
110.7611 	EXP 	probe: autoDraw = False
110.7611 	EXP 	fixation: autoDraw = True
111.7602 	EXP 	line1: autoDraw = True
111.7602 	EXP 	line2: autoDraw = True
111.7602 	EXP 	line3: autoDraw = True
111.7602 	EXP 	line4: autoDraw = True
111.7763 	EXP 	fixation: autoDraw = False
112.7589 	EXP 	probe: autoDraw = True
113.0621 	DATA 	Keypress: c
113.0765 	EXP 	New trial (rep=5, index=3): OrderedDict([('pos', -150), ('corr_resp', 'z')])
113.0922 	EXP 	fixation: autoDraw = False
113.0922 	EXP 	line1: autoDraw = False
113.0922 	EXP 	line2: autoDraw = False
113.0922 	EXP 	line3: autoDraw = False
113.0922 	EXP 	line4: autoDraw = False
113.0922 	EXP 	probe: autoDraw = False
113.0922 	EXP 	fixation: autoDraw = True
114.0913 	EXP 	line1: autoDraw = True
114.0913 	EXP 	line2: autoDraw = True
114.0913 	EXP 	line3: autoDraw = True
114.0913 	EXP 	line4: autoDraw = True
114.1078 	EXP 	fixation: autoDraw = False
115.0901 	EXP 	probe: autoDraw = True
115.4075 	EXP 	New trial (rep=6, index=0): OrderedDict([('pos', -50), ('corr_resp', 'x')])
115.4091 	DATA 	Keypress: z
115.4232 	EXP 	fixation: autoDraw = False
115.4232 	EXP 	line1: autoDraw = False
115.4232 	EXP 	line2: autoDraw = False
115.4232 	EXP 	line3: autoDraw = False
115.4232 	EXP 	line4: autoDraw = False
115.4232 	EXP 	probe: autoDraw = False
115.4232 	EXP 	fixation: autoDraw = True
116.4224 	EXP 	line1: autoDraw = True
116.4224 	EXP 	line2: autoDraw = True
116.4224 	EXP 	line3: autoDraw = True
116.4224 	EXP 	line4: autoDraw = True
116.4387 	EXP 	fixation: autoDraw = False
117.4214 	EXP 	probe: autoDraw = True
117.6920 	DATA 	Keypress: x
117.7058 	EXP 	New trial (rep=6, index=1): OrderedDict([('pos', 150), ('corr_resp', 'v')])
117.7212 	EXP 	fixation: autoDraw = False
117.7212 	EXP 	line1: autoDraw = False
117.7212 	EXP 	line2: autoDraw = False
117.7212 	EXP 	line3: autoDraw = False
117.7212 	EXP 	line4: autoDraw = False
117.7212 	EXP 	probe: autoDraw = False
117.7212 	EXP 	fixation: autoDraw = True
118.7199 	EXP 	line1: autoDraw = True
118.7199 	EXP 	line2: autoDraw = True
118.7199 	EXP 	line3: autoDraw = True
118.7199 	EXP 	line4: autoDraw = True
118.7365 	EXP 	fixation: autoDraw = False
119.7192 	EXP 	probe: autoDraw = True
119.9871 	EXP 	New trial (rep=6, index=2): OrderedDict([('pos', 50), ('corr_resp', 'c')])
119.9888 	DATA 	Keypress: v
120.0020 	EXP 	fixation: autoDraw = False
120.0020 	EXP 	line1: autoDraw = False
120.0020 	EXP 	line2: autoDraw = False
120.0020 	EXP 	line3: autoDraw = False
120.0020 	EXP 	line4: autoDraw = False
120.0020 	EXP 	probe: autoDraw = False
120.0020 	EXP 	fixation: autoDraw = True
121.0010 	EXP 	fixation: autoDraw = False
121.0010 	EXP 	line1: autoDraw = True
121.0010 	EXP 	line2: autoDraw = True
121.0010 	EXP 	line3: autoDraw = True
121.0010 	EXP 	line4: autoDraw = True
122.0005 	EXP 	probe: autoDraw = True
122.6515 	EXP 	New trial (rep=6, index=3): OrderedDict([('pos', -150), ('corr_resp', 'z')])
122.6534 	DATA 	Keypress: c
122.6664 	EXP 	fixation: autoDraw = False
122.6664 	EXP 	line1: autoDraw = False
122.6664 	EXP 	line2: autoDraw = False
122.6664 	EXP 	line3: autoDraw = False
122.6664 	EXP 	line4: autoDraw = False
122.6664 	EXP 	probe: autoDraw = False
122.6664 	EXP 	fixation: autoDraw = True
123.6655 	EXP 	fixation: autoDraw = False
123.6655 	EXP 	line1: autoDraw = True
123.6655 	EXP 	line2: autoDraw = True
123.6655 	EXP 	line3: autoDraw = True
123.6655 	EXP 	line4: autoDraw = True
124.6643 	EXP 	probe: autoDraw = True
125.1155 	EXP 	New trial (rep=7, index=0): OrderedDict([('pos', -50), ('corr_resp', 'x')])
125.1176 	DATA 	Keypress: z
125.1311 	EXP 	fixation: autoDraw = False
125.1311 	EXP 	line1: autoDraw = False
125.1311 	EXP 	line2: autoDraw = False
125.1311 	EXP 	line3: autoDraw = False
125.1311 	EXP 	line4: autoDraw = False
125.1311 	EXP 	probe: autoDraw = False
125.1311 	EXP 	fixation: autoDraw = True
126.1298 	EXP 	line1: autoDraw = True
126.1298 	EXP 	line2: autoDraw = True
126.1298 	EXP 	line3: autoDraw = True
126.1298 	EXP 	line4: autoDraw = True
126.1463 	EXP 	fixation: autoDraw = False
127.1292 	EXP 	probe: autoDraw = True
127.6299 	EXP 	New trial (rep=7, index=1): OrderedDict([('pos', 150), ('corr_resp', 'v')])
127.6315 	DATA 	Keypress: x
127.6452 	EXP 	fixation: autoDraw = False
127.6452 	EXP 	line1: autoDraw = False
127.6452 	EXP 	line2: autoDraw = False
127.6452 	EXP 	line3: autoDraw = False
127.6452 	EXP 	line4: autoDraw = False
127.6452 	EXP 	probe: autoDraw = False
127.6452 	EXP 	fixation: autoDraw = True
128.6442 	EXP 	fixation: autoDraw = False
128.6442 	EXP 	line1: autoDraw = True
128.6442 	EXP 	line2: autoDraw = True
128.6442 	EXP 	line3: autoDraw = True
128.6442 	EXP 	line4: autoDraw = True
129.6433 	EXP 	probe: autoDraw = True
130.0445 	EXP 	New trial (rep=7, index=2): OrderedDict([('pos', 50), ('corr_resp', 'c')])
130.0463 	DATA 	Keypress: v
130.0594 	EXP 	fixation: autoDraw = False
130.0594 	EXP 	line1: autoDraw = False
130.0594 	EXP 	line2: autoDraw = False
130.0594 	EXP 	line3: autoDraw = False
130.0594 	EXP 	line4: autoDraw = False
130.0594 	EXP 	probe: autoDraw = False
130.0594 	EXP 	fixation: autoDraw = True
131.0590 	EXP 	fixation: autoDraw = False
131.0590 	EXP 	line1: autoDraw = True
131.0590 	EXP 	line2: autoDraw = True
131.0590 	EXP 	line3: autoDraw = True
131.0590 	EXP 	line4: autoDraw = True
132.0579 	EXP 	probe: autoDraw = True
132.9081 	EXP 	New trial (rep=7, index=3): OrderedDict([('pos', -150), ('corr_resp', 'z')])
132.9100 	DATA 	Keypress: c
132.9234 	EXP 	fixation: autoDraw = False
132.9234 	EXP 	line1: autoDraw = False
132.9234 	EXP 	line2: autoDraw = False
132.9234 	EXP 	line3: autoDraw = False
132.9234 	EXP 	line4: autoDraw = False
132.9234 	EXP 	probe: autoDraw = False
132.9234 	EXP 	fixation: autoDraw = True
133.9225 	EXP 	fixation: autoDraw = False
133.9225 	EXP 	line1: autoDraw = True
133.9225 	EXP 	line2: autoDraw = True
133.9225 	EXP 	line3: autoDraw = True
133.9225 	EXP 	line4: autoDraw = True
134.9215 	EXP 	probe: autoDraw = True
135.1893 	EXP 	New trial (rep=8, index=0): OrderedDict([('pos', -50), ('corr_resp', 'x')])
135.1910 	DATA 	Keypress: z
135.2045 	EXP 	fixation: autoDraw = False
135.2045 	EXP 	line1: autoDraw = False
135.2045 	EXP 	line2: autoDraw = False
135.2045 	EXP 	line3: autoDraw = False
135.2045 	EXP 	line4: autoDraw = False
135.2045 	EXP 	probe: autoDraw = False
135.2045 	EXP 	fixation: autoDraw = True
136.2037 	EXP 	fixation: autoDraw = False
136.2037 	EXP 	line1: autoDraw = True
136.2037 	EXP 	line2: autoDraw = True
136.2037 	EXP 	line3: autoDraw = True
136.2037 	EXP 	line4: autoDraw = True
137.2029 	EXP 	probe: autoDraw = True
137.6884 	EXP 	New trial (rep=8, index=1): OrderedDict([('pos', 150), ('corr_resp', 'v')])
137.6907 	DATA 	Keypress: x
137.7027 	EXP 	fixation: autoDraw = False
137.7027 	EXP 	line1: autoDraw = False
137.7027 	EXP 	line2: autoDraw = False
137.7027 	EXP 	line3: autoDraw = False
137.7027 	EXP 	line4: autoDraw = False
137.7027 	EXP 	probe: autoDraw = False
137.7027 	EXP 	fixation: autoDraw = True
138.7017 	EXP 	fixation: autoDraw = False
138.7017 	EXP 	line1: autoDraw = True
138.7017 	EXP 	line2: autoDraw = True
138.7017 	EXP 	line3: autoDraw = True
138.7017 	EXP 	line4: autoDraw = True
139.7004 	EXP 	probe: autoDraw = True
140.1018 	EXP 	New trial (rep=8, index=2): OrderedDict([('pos', 50), ('corr_resp', 'c')])
140.1034 	DATA 	Keypress: v
140.1171 	EXP 	fixation: autoDraw = False
140.1171 	EXP 	line1: autoDraw = False
140.1171 	EXP 	line2: autoDraw = False
140.1171 	EXP 	line3: autoDraw = False
140.1171 	EXP 	line4: autoDraw = False
140.1171 	EXP 	probe: autoDraw = False
140.1171 	EXP 	fixation: autoDraw = True
141.1162 	EXP 	fixation: autoDraw = False
141.1162 	EXP 	line1: autoDraw = True
141.1162 	EXP 	line2: autoDraw = True
141.1162 	EXP 	line3: autoDraw = True
141.1162 	EXP 	line4: autoDraw = True
142.1149 	EXP 	probe: autoDraw = True
142.8677 	DATA 	Keypress: c
142.8824 	EXP 	New trial (rep=8, index=3): OrderedDict([('pos', -150), ('corr_resp', 'z')])
142.8975 	EXP 	fixation: autoDraw = False
142.8975 	EXP 	line1: autoDraw = False
142.8975 	EXP 	line2: autoDraw = False
142.8975 	EXP 	line3: autoDraw = False
142.8975 	EXP 	line4: autoDraw = False
142.8975 	EXP 	probe: autoDraw = False
142.8975 	EXP 	fixation: autoDraw = True
143.8969 	EXP 	fixation: autoDraw = False
143.8969 	EXP 	line1: autoDraw = True
143.8969 	EXP 	line2: autoDraw = True
143.8969 	EXP 	line3: autoDraw = True
143.8969 	EXP 	line4: autoDraw = True
144.8958 	EXP 	probe: autoDraw = True
145.4309 	EXP 	New trial (rep=9, index=0): OrderedDict([('pos', -50), ('corr_resp', 'x')])
145.4326 	DATA 	Keypress: z
145.4456 	EXP 	fixation: autoDraw = False
145.4456 	EXP 	line1: autoDraw = False
145.4456 	EXP 	line2: autoDraw = False
145.4456 	EXP 	line3: autoDraw = False
145.4456 	EXP 	line4: autoDraw = False
145.4456 	EXP 	probe: autoDraw = False
145.4456 	EXP 	fixation: autoDraw = True
146.4445 	EXP 	fixation: autoDraw = False
146.4445 	EXP 	line1: autoDraw = True
146.4445 	EXP 	line2: autoDraw = True
146.4445 	EXP 	line3: autoDraw = True
146.4445 	EXP 	line4: autoDraw = True
147.4437 	EXP 	probe: autoDraw = True
147.9135 	DATA 	Keypress: x
147.9283 	EXP 	New trial (rep=9, index=1): OrderedDict([('pos', 150), ('corr_resp', 'v')])
147.9433 	EXP 	fixation: autoDraw = False
147.9433 	EXP 	line1: autoDraw = False
147.9433 	EXP 	line2: autoDraw = False
147.9433 	EXP 	line3: autoDraw = False
147.9433 	EXP 	line4: autoDraw = False
147.9433 	EXP 	probe: autoDraw = False
147.9433 	EXP 	fixation: autoDraw = True
148.9423 	EXP 	line1: autoDraw = True
148.9423 	EXP 	line2: autoDraw = True
148.9423 	EXP 	line3: autoDraw = True
148.9423 	EXP 	line4: autoDraw = True
148.9588 	EXP 	fixation: autoDraw = False
149.9410 	EXP 	probe: autoDraw = True
150.3928 	EXP 	New trial (rep=9, index=2): OrderedDict([('pos', 50), ('corr_resp', 'c')])
150.3944 	DATA 	Keypress: v
150.4077 	EXP 	fixation: autoDraw = False
150.4077 	EXP 	line1: autoDraw = False
150.4077 	EXP 	line2: autoDraw = False
150.4077 	EXP 	line3: autoDraw = False
150.4077 	EXP 	line4: autoDraw = False
150.4077 	EXP 	probe: autoDraw = False
150.4077 	EXP 	fixation: autoDraw = True
151.4067 	EXP 	line1: autoDraw = True
151.4067 	EXP 	line2: autoDraw = True
151.4067 	EXP 	line3: autoDraw = True
151.4067 	EXP 	line4: autoDraw = True
151.4232 	EXP 	fixation: autoDraw = False
152.4056 	EXP 	probe: autoDraw = True
152.8403 	EXP 	New trial (rep=9, index=3): OrderedDict([('pos', -150), ('corr_resp', 'z')])
152.8429 	DATA 	Keypress: c
152.8553 	EXP 	fixation: autoDraw = False
152.8553 	EXP 	line1: autoDraw = False
152.8553 	EXP 	line2: autoDraw = False
152.8553 	EXP 	line3: autoDraw = False
152.8553 	EXP 	line4: autoDraw = False
152.8553 	EXP 	probe: autoDraw = False
152.8553 	EXP 	fixation: autoDraw = True
153.8544 	EXP 	fixation: autoDraw = False
153.8544 	EXP 	line1: autoDraw = True
153.8544 	EXP 	line2: autoDraw = True
153.8544 	EXP 	line3: autoDraw = True
153.8544 	EXP 	line4: autoDraw = True
154.8531 	EXP 	probe: autoDraw = True
155.3048 	EXP 	New trial (rep=10, index=0): OrderedDict([('pos', -50), ('corr_resp', 'x')])
155.3067 	DATA 	Keypress: z
155.3195 	EXP 	fixation: autoDraw = False
155.3195 	EXP 	line1: autoDraw = False
155.3195 	EXP 	line2: autoDraw = False
155.3195 	EXP 	line3: autoDraw = False
155.3195 	EXP 	line4: autoDraw = False
155.3195 	EXP 	probe: autoDraw = False
155.3195 	EXP 	fixation: autoDraw = True
156.3186 	EXP 	line1: autoDraw = True
156.3186 	EXP 	line2: autoDraw = True
156.3186 	EXP 	line3: autoDraw = True
156.3186 	EXP 	line4: autoDraw = True
156.3349 	EXP 	fixation: autoDraw = False
157.3177 	EXP 	probe: autoDraw = True
157.8185 	EXP 	New trial (rep=10, index=1): OrderedDict([('pos', 150), ('corr_resp', 'v')])
157.8207 	DATA 	Keypress: x
157.8332 	EXP 	fixation: autoDraw = False
157.8332 	EXP 	line1: autoDraw = False
157.8332 	EXP 	line2: autoDraw = False
157.8332 	EXP 	line3: autoDraw = False
157.8332 	EXP 	line4: autoDraw = False
157.8332 	EXP 	probe: autoDraw = False
157.8332 	EXP 	fixation: autoDraw = True
158.8324 	EXP 	fixation: autoDraw = False
158.8324 	EXP 	line1: autoDraw = True
158.8324 	EXP 	line2: autoDraw = True
158.8324 	EXP 	line3: autoDraw = True
158.8324 	EXP 	line4: autoDraw = True
159.8322 	EXP 	probe: autoDraw = True
160.2500 	EXP 	New trial (rep=10, index=2): OrderedDict([('pos', 50), ('corr_resp', 'c')])
160.2520 	DATA 	Keypress: v
160.2652 	EXP 	fixation: autoDraw = False
160.2652 	EXP 	line1: autoDraw = False
160.2652 	EXP 	line2: autoDraw = False
160.2652 	EXP 	line3: autoDraw = False
160.2652 	EXP 	line4: autoDraw = False
160.2652 	EXP 	probe: autoDraw = False
160.2652 	EXP 	fixation: autoDraw = True
161.2640 	EXP 	line1: autoDraw = True
161.2640 	EXP 	line2: autoDraw = True
161.2640 	EXP 	line3: autoDraw = True
161.2640 	EXP 	line4: autoDraw = True
161.2806 	EXP 	fixation: autoDraw = False
162.2631 	EXP 	probe: autoDraw = True
162.7143 	EXP 	New trial (rep=10, index=3): OrderedDict([('pos', -150), ('corr_resp', 'z')])
162.7161 	DATA 	Keypress: c
162.7295 	EXP 	fixation: autoDraw = False
162.7295 	EXP 	line1: autoDraw = False
162.7295 	EXP 	line2: autoDraw = False
162.7295 	EXP 	line3: autoDraw = False
162.7295 	EXP 	line4: autoDraw = False
162.7295 	EXP 	probe: autoDraw = False
162.7295 	EXP 	fixation: autoDraw = True
163.7286 	EXP 	fixation: autoDraw = False
163.7286 	EXP 	line1: autoDraw = True
163.7286 	EXP 	line2: autoDraw = True
163.7286 	EXP 	line3: autoDraw = True
163.7286 	EXP 	line4: autoDraw = True
164.7273 	EXP 	probe: autoDraw = True
165.0454 	EXP 	New trial (rep=11, index=0): OrderedDict([('pos', -50), ('corr_resp', 'x')])
165.0471 	DATA 	Keypress: z
165.0608 	EXP 	fixation: autoDraw = False
165.0608 	EXP 	line1: autoDraw = False
165.0608 	EXP 	line2: autoDraw = False
165.0608 	EXP 	line3: autoDraw = False
165.0608 	EXP 	line4: autoDraw = False
165.0608 	EXP 	probe: autoDraw = False
165.0608 	EXP 	fixation: autoDraw = True
166.0597 	EXP 	line1: autoDraw = True
166.0597 	EXP 	line2: autoDraw = True
166.0597 	EXP 	line3: autoDraw = True
166.0597 	EXP 	line4: autoDraw = True
166.0762 	EXP 	fixation: autoDraw = False
167.0586 	EXP 	probe: autoDraw = True
167.6282 	DATA 	Keypress: x
167.6432 	EXP 	New trial (rep=11, index=1): OrderedDict([('pos', 150), ('corr_resp', 'v')])
167.6583 	EXP 	fixation: autoDraw = False
167.6583 	EXP 	line1: autoDraw = False
167.6583 	EXP 	line2: autoDraw = False
167.6583 	EXP 	line3: autoDraw = False
167.6583 	EXP 	line4: autoDraw = False
167.6583 	EXP 	probe: autoDraw = False
167.6583 	EXP 	fixation: autoDraw = True
168.6573 	EXP 	line1: autoDraw = True
168.6573 	EXP 	line2: autoDraw = True
168.6573 	EXP 	line3: autoDraw = True
168.6573 	EXP 	line4: autoDraw = True
168.6738 	EXP 	fixation: autoDraw = False
169.6565 	EXP 	probe: autoDraw = True
170.0736 	EXP 	New trial (rep=11, index=2): OrderedDict([('pos', 50), ('corr_resp', 'c')])
170.0750 	DATA 	Keypress: v
170.0893 	EXP 	fixation: autoDraw = False
170.0893 	EXP 	line1: autoDraw = False
170.0893 	EXP 	line2: autoDraw = False
170.0893 	EXP 	line3: autoDraw = False
170.0893 	EXP 	line4: autoDraw = False
170.0893 	EXP 	probe: autoDraw = False
170.0893 	EXP 	fixation: autoDraw = True
171.0880 	EXP 	line1: autoDraw = True
171.0880 	EXP 	line2: autoDraw = True
171.0880 	EXP 	line3: autoDraw = True
171.0880 	EXP 	line4: autoDraw = True
171.1046 	EXP 	fixation: autoDraw = False
172.0869 	EXP 	probe: autoDraw = True
172.3720 	EXP 	New trial (rep=11, index=3): OrderedDict([('pos', -150), ('corr_resp', 'z')])
172.3735 	DATA 	Keypress: c
172.3873 	EXP 	fixation: autoDraw = False
172.3873 	EXP 	line1: autoDraw = False
172.3873 	EXP 	line2: autoDraw = False
172.3873 	EXP 	line3: autoDraw = False
172.3873 	EXP 	line4: autoDraw = False
172.3873 	EXP 	probe: autoDraw = False
172.3873 	EXP 	fixation: autoDraw = True
173.3862 	EXP 	line1: autoDraw = True
173.3862 	EXP 	line2: autoDraw = True
173.3862 	EXP 	line3: autoDraw = True
173.3862 	EXP 	line4: autoDraw = True
173.4026 	EXP 	fixation: autoDraw = False
174.3852 	EXP 	probe: autoDraw = True
174.8060 	EXP 	Imported C:/Users/Kinnari Kamani/Desktop/Monsoon 2022/PSY310 Lab in Psych/Tutorials_Exp/sequence_conT4.csv as conditions, 4 conditions, 2 params
174.9613 	EXP 	Created sequence: fullRandom, trialTypes=4, nReps=12, seed=None
174.9623 	EXP 	New trial (rep=0, index=0): OrderedDict([('pos', -150), ('corr_resp', 'z')])
174.9650 	DATA 	Keypress: z
174.9679 	EXP 	fixation: autoDraw = False
174.9679 	EXP 	line1: autoDraw = False
174.9679 	EXP 	line2: autoDraw = False
174.9679 	EXP 	line3: autoDraw = False
174.9679 	EXP 	line4: autoDraw = False
174.9679 	EXP 	probe: autoDraw = False
174.9679 	EXP 	fixation: autoDraw = True
175.8175 	EXP 	line1: autoDraw = True
175.8175 	EXP 	line2: autoDraw = True
175.8175 	EXP 	line3: autoDraw = True
175.8175 	EXP 	line4: autoDraw = True
175.9671 	EXP 	fixation: autoDraw = False
176.8162 	EXP 	probe: autoDraw = True
177.4348 	EXP 	New trial (rep=0, index=1): OrderedDict([('pos', -150), ('corr_resp', 'z')])
177.4370 	DATA 	Keypress: z
177.4488 	EXP 	fixation: autoDraw = False
177.4488 	EXP 	line1: autoDraw = False
177.4488 	EXP 	line2: autoDraw = False
177.4488 	EXP 	line3: autoDraw = False
177.4488 	EXP 	line4: autoDraw = False
177.4488 	EXP 	probe: autoDraw = False
177.4488 	EXP 	fixation: autoDraw = True
178.4481 	EXP 	fixation: autoDraw = False
178.4481 	EXP 	line1: autoDraw = True
178.4481 	EXP 	line2: autoDraw = True
178.4481 	EXP 	line3: autoDraw = True
178.4481 	EXP 	line4: autoDraw = True
179.4472 	EXP 	probe: autoDraw = True
179.8486 	EXP 	New trial (rep=0, index=2): OrderedDict([('pos', 50), ('corr_resp', 'c')])
179.8506 	DATA 	Keypress: z
179.8634 	EXP 	fixation: autoDraw = False
179.8634 	EXP 	line1: autoDraw = False
179.8634 	EXP 	line2: autoDraw = False
179.8634 	EXP 	line3: autoDraw = False
179.8634 	EXP 	line4: autoDraw = False
179.8634 	EXP 	probe: autoDraw = False
179.8634 	EXP 	fixation: autoDraw = True
180.8626 	EXP 	fixation: autoDraw = False
180.8626 	EXP 	line1: autoDraw = True
180.8626 	EXP 	line2: autoDraw = True
180.8626 	EXP 	line3: autoDraw = True
180.8626 	EXP 	line4: autoDraw = True
181.8615 	EXP 	probe: autoDraw = True
182.4792 	EXP 	New trial (rep=0, index=3): OrderedDict([('pos', 50), ('corr_resp', 'c')])
182.4811 	DATA 	Keypress: c
182.4944 	EXP 	fixation: autoDraw = False
182.4944 	EXP 	line1: autoDraw = False
182.4944 	EXP 	line2: autoDraw = False
182.4944 	EXP 	line3: autoDraw = False
182.4944 	EXP 	line4: autoDraw = False
182.4944 	EXP 	probe: autoDraw = False
182.4944 	EXP 	fixation: autoDraw = True
183.4935 	EXP 	fixation: autoDraw = False
183.4935 	EXP 	line1: autoDraw = True
183.4935 	EXP 	line2: autoDraw = True
183.4935 	EXP 	line3: autoDraw = True
183.4935 	EXP 	line4: autoDraw = True
184.4925 	EXP 	probe: autoDraw = True
184.9100 	EXP 	New trial (rep=1, index=0): OrderedDict([('pos', 150), ('corr_resp', 'v')])
184.9118 	DATA 	Keypress: c
184.9251 	EXP 	fixation: autoDraw = False
184.9251 	EXP 	line1: autoDraw = False
184.9251 	EXP 	line2: autoDraw = False
184.9251 	EXP 	line3: autoDraw = False
184.9251 	EXP 	line4: autoDraw = False
184.9251 	EXP 	probe: autoDraw = False
184.9251 	EXP 	fixation: autoDraw = True
185.9243 	EXP 	fixation: autoDraw = False
185.9243 	EXP 	line1: autoDraw = True
185.9243 	EXP 	line2: autoDraw = True
185.9243 	EXP 	line3: autoDraw = True
185.9243 	EXP 	line4: autoDraw = True
186.9236 	EXP 	probe: autoDraw = True
187.4408 	EXP 	New trial (rep=1, index=1): OrderedDict([('pos', 150), ('corr_resp', 'v')])
187.4423 	DATA 	Keypress: v
187.4560 	EXP 	fixation: autoDraw = False
187.4560 	EXP 	line1: autoDraw = False
187.4560 	EXP 	line2: autoDraw = False
187.4560 	EXP 	line3: autoDraw = False
187.4560 	EXP 	line4: autoDraw = False
187.4560 	EXP 	probe: autoDraw = False
187.4560 	EXP 	fixation: autoDraw = True
188.4554 	EXP 	fixation: autoDraw = False
188.4554 	EXP 	line1: autoDraw = True
188.4554 	EXP 	line2: autoDraw = True
188.4554 	EXP 	line3: autoDraw = True
188.4554 	EXP 	line4: autoDraw = True
189.4542 	EXP 	probe: autoDraw = True
189.9730 	EXP 	New trial (rep=1, index=2): OrderedDict([('pos', 150), ('corr_resp', 'v')])
189.9751 	DATA 	Keypress: v
189.9876 	EXP 	fixation: autoDraw = False
189.9876 	EXP 	line1: autoDraw = False
189.9876 	EXP 	line2: autoDraw = False
189.9876 	EXP 	line3: autoDraw = False
189.9876 	EXP 	line4: autoDraw = False
189.9876 	EXP 	probe: autoDraw = False
189.9876 	EXP 	fixation: autoDraw = True
190.9864 	EXP 	line1: autoDraw = True
190.9864 	EXP 	line2: autoDraw = True
190.9864 	EXP 	line3: autoDraw = True
190.9864 	EXP 	line4: autoDraw = True
191.0030 	EXP 	fixation: autoDraw = False
191.9854 	EXP 	probe: autoDraw = True
192.5103 	DATA 	Keypress: v
192.5196 	EXP 	New trial (rep=1, index=3): OrderedDict([('pos', 50), ('corr_resp', 'c')])
192.5350 	EXP 	fixation: autoDraw = False
192.5350 	EXP 	line1: autoDraw = False
192.5350 	EXP 	line2: autoDraw = False
192.5350 	EXP 	line3: autoDraw = False
192.5350 	EXP 	line4: autoDraw = False
192.5350 	EXP 	probe: autoDraw = False
192.5350 	EXP 	fixation: autoDraw = True
193.5340 	EXP 	line1: autoDraw = True
193.5340 	EXP 	line2: autoDraw = True
193.5340 	EXP 	line3: autoDraw = True
193.5340 	EXP 	line4: autoDraw = True
193.5507 	EXP 	fixation: autoDraw = False
194.5323 	EXP 	probe: autoDraw = True
195.2028 	DATA 	Keypress: c
195.2173 	EXP 	New trial (rep=2, index=0): OrderedDict([('pos', 50), ('corr_resp', 'c')])
195.2322 	EXP 	fixation: autoDraw = False
195.2322 	EXP 	line1: autoDraw = False
195.2322 	EXP 	line2: autoDraw = False
195.2322 	EXP 	line3: autoDraw = False
195.2322 	EXP 	line4: autoDraw = False
195.2322 	EXP 	probe: autoDraw = False
195.2322 	EXP 	fixation: autoDraw = True
196.2314 	EXP 	fixation: autoDraw = False
196.2314 	EXP 	line1: autoDraw = True
196.2314 	EXP 	line2: autoDraw = True
196.2314 	EXP 	line3: autoDraw = True
196.2314 	EXP 	line4: autoDraw = True
197.2306 	EXP 	probe: autoDraw = True
198.2311 	EXP 	New trial (rep=2, index=1): OrderedDict([('pos', -150), ('corr_resp', 'z')])
198.2326 	DATA 	Keypress: c
198.2465 	EXP 	fixation: autoDraw = False
198.2465 	EXP 	line1: autoDraw = False
198.2465 	EXP 	line2: autoDraw = False
198.2465 	EXP 	line3: autoDraw = False
198.2465 	EXP 	line4: autoDraw = False
198.2465 	EXP 	probe: autoDraw = False
198.2465 	EXP 	fixation: autoDraw = True
199.2457 	EXP 	line1: autoDraw = True
199.2457 	EXP 	line2: autoDraw = True
199.2457 	EXP 	line3: autoDraw = True
199.2457 	EXP 	line4: autoDraw = True
199.2616 	EXP 	fixation: autoDraw = False
200.2446 	EXP 	probe: autoDraw = True
200.8959 	EXP 	New trial (rep=2, index=2): OrderedDict([('pos', -50), ('corr_resp', 'x')])
200.8981 	DATA 	Keypress: z
200.9105 	EXP 	fixation: autoDraw = False
200.9105 	EXP 	line1: autoDraw = False
200.9105 	EXP 	line2: autoDraw = False
200.9105 	EXP 	line3: autoDraw = False
200.9105 	EXP 	line4: autoDraw = False
200.9105 	EXP 	probe: autoDraw = False
200.9105 	EXP 	fixation: autoDraw = True
201.9096 	EXP 	fixation: autoDraw = False
201.9096 	EXP 	line1: autoDraw = True
201.9096 	EXP 	line2: autoDraw = True
201.9096 	EXP 	line3: autoDraw = True
201.9096 	EXP 	line4: autoDraw = True
202.9086 	EXP 	probe: autoDraw = True
203.6796 	DATA 	Keypress: x
203.6930 	EXP 	New trial (rep=2, index=3): OrderedDict([('pos', 150), ('corr_resp', 'v')])
203.7080 	EXP 	fixation: autoDraw = False
203.7080 	EXP 	line1: autoDraw = False
203.7080 	EXP 	line2: autoDraw = False
203.7080 	EXP 	line3: autoDraw = False
203.7080 	EXP 	line4: autoDraw = False
203.7080 	EXP 	probe: autoDraw = False
203.7080 	EXP 	fixation: autoDraw = True
204.7069 	EXP 	fixation: autoDraw = False
204.7069 	EXP 	line1: autoDraw = True
204.7069 	EXP 	line2: autoDraw = True
204.7069 	EXP 	line3: autoDraw = True
204.7069 	EXP 	line4: autoDraw = True
205.7058 	EXP 	probe: autoDraw = True
206.2905 	EXP 	New trial (rep=3, index=0): OrderedDict([('pos', -50), ('corr_resp', 'x')])
206.2925 	DATA 	Keypress: v
206.3054 	EXP 	fixation: autoDraw = False
206.3054 	EXP 	line1: autoDraw = False
206.3054 	EXP 	line2: autoDraw = False
206.3054 	EXP 	line3: autoDraw = False
206.3054 	EXP 	line4: autoDraw = False
206.3054 	EXP 	probe: autoDraw = False
206.3054 	EXP 	fixation: autoDraw = True
207.3045 	EXP 	fixation: autoDraw = False
207.3045 	EXP 	line1: autoDraw = True
207.3045 	EXP 	line2: autoDraw = True
207.3045 	EXP 	line3: autoDraw = True
207.3045 	EXP 	line4: autoDraw = True
208.3038 	EXP 	probe: autoDraw = True
208.7709 	EXP 	New trial (rep=3, index=1): OrderedDict([('pos', 50), ('corr_resp', 'c')])
208.7726 	DATA 	Keypress: x
208.7864 	EXP 	fixation: autoDraw = False
208.7864 	EXP 	line1: autoDraw = False
208.7864 	EXP 	line2: autoDraw = False
208.7864 	EXP 	line3: autoDraw = False
208.7864 	EXP 	line4: autoDraw = False
208.7864 	EXP 	probe: autoDraw = False
208.7864 	EXP 	fixation: autoDraw = True
209.7856 	EXP 	fixation: autoDraw = False
209.7856 	EXP 	line1: autoDraw = True
209.7856 	EXP 	line2: autoDraw = True
209.7856 	EXP 	line3: autoDraw = True
209.7856 	EXP 	line4: autoDraw = True
210.7848 	EXP 	probe: autoDraw = True
212.1717 	DATA 	Keypress: c
212.1847 	EXP 	New trial (rep=3, index=2): OrderedDict([('pos', 50), ('corr_resp', 'c')])
212.2002 	EXP 	fixation: autoDraw = False
212.2002 	EXP 	line1: autoDraw = False
212.2002 	EXP 	line2: autoDraw = False
212.2002 	EXP 	line3: autoDraw = False
212.2002 	EXP 	line4: autoDraw = False
212.2002 	EXP 	probe: autoDraw = False
212.2002 	EXP 	fixation: autoDraw = True
213.1992 	EXP 	fixation: autoDraw = False
213.1992 	EXP 	line1: autoDraw = True
213.1992 	EXP 	line2: autoDraw = True
213.1992 	EXP 	line3: autoDraw = True
213.1992 	EXP 	line4: autoDraw = True
214.1983 	EXP 	probe: autoDraw = True
215.4652 	EXP 	New trial (rep=3, index=3): OrderedDict([('pos', -150), ('corr_resp', 'z')])
215.4670 	DATA 	Keypress: c
215.4802 	EXP 	fixation: autoDraw = False
215.4802 	EXP 	line1: autoDraw = False
215.4802 	EXP 	line2: autoDraw = False
215.4802 	EXP 	line3: autoDraw = False
215.4802 	EXP 	line4: autoDraw = False
215.4802 	EXP 	probe: autoDraw = False
215.4802 	EXP 	fixation: autoDraw = True
216.4794 	EXP 	fixation: autoDraw = False
216.4794 	EXP 	line1: autoDraw = True
216.4794 	EXP 	line2: autoDraw = True
216.4794 	EXP 	line3: autoDraw = True
216.4794 	EXP 	line4: autoDraw = True
217.4785 	EXP 	probe: autoDraw = True
218.2294 	EXP 	New trial (rep=4, index=0): OrderedDict([('pos', 150), ('corr_resp', 'v')])
218.2308 	DATA 	Keypress: z
218.2446 	EXP 	fixation: autoDraw = False
218.2446 	EXP 	line1: autoDraw = False
218.2446 	EXP 	line2: autoDraw = False
218.2446 	EXP 	line3: autoDraw = False
218.2446 	EXP 	line4: autoDraw = False
218.2446 	EXP 	probe: autoDraw = False
218.2446 	EXP 	fixation: autoDraw = True
219.2435 	EXP 	fixation: autoDraw = False
219.2435 	EXP 	line1: autoDraw = True
219.2435 	EXP 	line2: autoDraw = True
219.2435 	EXP 	line3: autoDraw = True
219.2435 	EXP 	line4: autoDraw = True
220.2425 	EXP 	probe: autoDraw = True
220.7141 	DATA 	Keypress: v
220.7273 	EXP 	New trial (rep=4, index=1): OrderedDict([('pos', -50), ('corr_resp', 'x')])
220.7424 	EXP 	fixation: autoDraw = False
220.7424 	EXP 	line1: autoDraw = False
220.7424 	EXP 	line2: autoDraw = False
220.7424 	EXP 	line3: autoDraw = False
220.7424 	EXP 	line4: autoDraw = False
220.7424 	EXP 	probe: autoDraw = False
220.7424 	EXP 	fixation: autoDraw = True
221.7409 	EXP 	fixation: autoDraw = False
221.7409 	EXP 	line1: autoDraw = True
221.7409 	EXP 	line2: autoDraw = True
221.7409 	EXP 	line3: autoDraw = True
221.7409 	EXP 	line4: autoDraw = True
222.7402 	EXP 	probe: autoDraw = True
223.2601 	DATA 	Keypress: x
223.2745 	EXP 	New trial (rep=4, index=2): OrderedDict([('pos', -50), ('corr_resp', 'x')])
223.2898 	EXP 	fixation: autoDraw = False
223.2898 	EXP 	line1: autoDraw = False
223.2898 	EXP 	line2: autoDraw = False
223.2898 	EXP 	line3: autoDraw = False
223.2898 	EXP 	line4: autoDraw = False
223.2898 	EXP 	probe: autoDraw = False
223.2898 	EXP 	fixation: autoDraw = True
224.2888 	EXP 	fixation: autoDraw = False
224.2888 	EXP 	line1: autoDraw = True
224.2888 	EXP 	line2: autoDraw = True
224.2888 	EXP 	line3: autoDraw = True
224.2888 	EXP 	line4: autoDraw = True
225.2878 	EXP 	probe: autoDraw = True
225.8391 	EXP 	New trial (rep=4, index=3): OrderedDict([('pos', 150), ('corr_resp', 'v')])
225.8408 	DATA 	Keypress: x
225.8541 	EXP 	fixation: autoDraw = False
225.8541 	EXP 	line1: autoDraw = False
225.8541 	EXP 	line2: autoDraw = False
225.8541 	EXP 	line3: autoDraw = False
225.8541 	EXP 	line4: autoDraw = False
225.8541 	EXP 	probe: autoDraw = False
225.8541 	EXP 	fixation: autoDraw = True
226.8530 	EXP 	fixation: autoDraw = False
226.8530 	EXP 	line1: autoDraw = True
226.8530 	EXP 	line2: autoDraw = True
226.8530 	EXP 	line3: autoDraw = True
226.8530 	EXP 	line4: autoDraw = True
227.8522 	EXP 	probe: autoDraw = True
228.3055 	DATA 	Keypress: v
228.3200 	EXP 	New trial (rep=5, index=0): OrderedDict([('pos', 150), ('corr_resp', 'v')])
228.3351 	EXP 	fixation: autoDraw = False
228.3351 	EXP 	line1: autoDraw = False
228.3351 	EXP 	line2: autoDraw = False
228.3351 	EXP 	line3: autoDraw = False
228.3351 	EXP 	line4: autoDraw = False
228.3351 	EXP 	probe: autoDraw = False
228.3351 	EXP 	fixation: autoDraw = True
229.3340 	EXP 	line1: autoDraw = True
229.3340 	EXP 	line2: autoDraw = True
229.3340 	EXP 	line3: autoDraw = True
229.3340 	EXP 	line4: autoDraw = True
229.3507 	EXP 	fixation: autoDraw = False
230.3331 	EXP 	probe: autoDraw = True
230.7883 	DATA 	Keypress: v
230.8012 	EXP 	New trial (rep=5, index=1): OrderedDict([('pos', -50), ('corr_resp', 'x')])
230.8162 	EXP 	fixation: autoDraw = False
230.8162 	EXP 	line1: autoDraw = False
230.8162 	EXP 	line2: autoDraw = False
230.8162 	EXP 	line3: autoDraw = False
230.8162 	EXP 	line4: autoDraw = False
230.8162 	EXP 	probe: autoDraw = False
230.8162 	EXP 	fixation: autoDraw = True
231.8151 	EXP 	fixation: autoDraw = False
231.8151 	EXP 	line1: autoDraw = True
231.8151 	EXP 	line2: autoDraw = True
231.8151 	EXP 	line3: autoDraw = True
231.8151 	EXP 	line4: autoDraw = True
232.8140 	EXP 	probe: autoDraw = True
233.2349 	DATA 	Keypress: x
233.2492 	EXP 	New trial (rep=5, index=2): OrderedDict([('pos', 150), ('corr_resp', 'v')])
233.2639 	EXP 	fixation: autoDraw = False
233.2639 	EXP 	line1: autoDraw = False
233.2639 	EXP 	line2: autoDraw = False
233.2639 	EXP 	line3: autoDraw = False
233.2639 	EXP 	line4: autoDraw = False
233.2639 	EXP 	probe: autoDraw = False
233.2639 	EXP 	fixation: autoDraw = True
234.2629 	EXP 	fixation: autoDraw = False
234.2629 	EXP 	line1: autoDraw = True
234.2629 	EXP 	line2: autoDraw = True
234.2629 	EXP 	line3: autoDraw = True
234.2629 	EXP 	line4: autoDraw = True
235.2619 	EXP 	probe: autoDraw = True
235.6802 	EXP 	New trial (rep=5, index=3): OrderedDict([('pos', -50), ('corr_resp', 'x')])
235.6822 	DATA 	Keypress: v
235.6949 	EXP 	fixation: autoDraw = False
235.6949 	EXP 	line1: autoDraw = False
235.6949 	EXP 	line2: autoDraw = False
235.6949 	EXP 	line3: autoDraw = False
235.6949 	EXP 	line4: autoDraw = False
235.6949 	EXP 	probe: autoDraw = False
235.6949 	EXP 	fixation: autoDraw = True
236.6940 	EXP 	fixation: autoDraw = False
236.6940 	EXP 	line1: autoDraw = True
236.6940 	EXP 	line2: autoDraw = True
236.6940 	EXP 	line3: autoDraw = True
236.6940 	EXP 	line4: autoDraw = True
237.6929 	EXP 	probe: autoDraw = True
238.0945 	EXP 	New trial (rep=6, index=0): OrderedDict([('pos', -150), ('corr_resp', 'z')])
238.0963 	DATA 	Keypress: x
238.1091 	EXP 	fixation: autoDraw = False
238.1091 	EXP 	line1: autoDraw = False
238.1091 	EXP 	line2: autoDraw = False
238.1091 	EXP 	line3: autoDraw = False
238.1091 	EXP 	line4: autoDraw = False
238.1091 	EXP 	probe: autoDraw = False
238.1091 	EXP 	fixation: autoDraw = True
239.1082 	EXP 	fixation: autoDraw = False
239.1082 	EXP 	line1: autoDraw = True
239.1082 	EXP 	line2: autoDraw = True
239.1082 	EXP 	line3: autoDraw = True
239.1082 	EXP 	line4: autoDraw = True
240.1073 	EXP 	probe: autoDraw = True
240.5607 	DATA 	Keypress: z
240.5753 	EXP 	New trial (rep=6, index=1): OrderedDict([('pos', -150), ('corr_resp', 'z')])
240.5905 	EXP 	fixation: autoDraw = False
240.5905 	EXP 	line1: autoDraw = False
240.5905 	EXP 	line2: autoDraw = False
240.5905 	EXP 	line3: autoDraw = False
240.5905 	EXP 	line4: autoDraw = False
240.5905 	EXP 	probe: autoDraw = False
240.5905 	EXP 	fixation: autoDraw = True
241.5893 	EXP 	line1: autoDraw = True
241.5893 	EXP 	line2: autoDraw = True
241.5893 	EXP 	line3: autoDraw = True
241.5893 	EXP 	line4: autoDraw = True
241.6060 	EXP 	fixation: autoDraw = False
242.5884 	EXP 	probe: autoDraw = True
242.9400 	EXP 	New trial (rep=6, index=2): OrderedDict([('pos', -50), ('corr_resp', 'x')])
242.9421 	DATA 	Keypress: x
242.9550 	EXP 	fixation: autoDraw = False
242.9550 	EXP 	line1: autoDraw = False
242.9550 	EXP 	line2: autoDraw = False
242.9550 	EXP 	line3: autoDraw = False
242.9550 	EXP 	line4: autoDraw = False
242.9550 	EXP 	probe: autoDraw = False
242.9550 	EXP 	fixation: autoDraw = True
243.9539 	EXP 	fixation: autoDraw = False
243.9539 	EXP 	line1: autoDraw = True
243.9539 	EXP 	line2: autoDraw = True
243.9539 	EXP 	line3: autoDraw = True
243.9539 	EXP 	line4: autoDraw = True
244.9531 	EXP 	probe: autoDraw = True
245.4739 	DATA 	Keypress: x
245.4876 	EXP 	New trial (rep=6, index=3): OrderedDict([('pos', 50), ('corr_resp', 'c')])
245.5026 	EXP 	fixation: autoDraw = False
245.5026 	EXP 	line1: autoDraw = False
245.5026 	EXP 	line2: autoDraw = False
245.5026 	EXP 	line3: autoDraw = False
245.5026 	EXP 	line4: autoDraw = False
245.5026 	EXP 	probe: autoDraw = False
245.5026 	EXP 	fixation: autoDraw = True
246.5017 	EXP 	line1: autoDraw = True
246.5017 	EXP 	line2: autoDraw = True
246.5017 	EXP 	line3: autoDraw = True
246.5017 	EXP 	line4: autoDraw = True
246.5184 	EXP 	fixation: autoDraw = False
247.5007 	EXP 	probe: autoDraw = True
247.9206 	DATA 	Keypress: c
247.9350 	EXP 	New trial (rep=7, index=0): OrderedDict([('pos', 50), ('corr_resp', 'c')])
247.9503 	EXP 	fixation: autoDraw = False
247.9503 	EXP 	line1: autoDraw = False
247.9503 	EXP 	line2: autoDraw = False
247.9503 	EXP 	line3: autoDraw = False
247.9503 	EXP 	line4: autoDraw = False
247.9503 	EXP 	probe: autoDraw = False
247.9503 	EXP 	fixation: autoDraw = True
248.9494 	EXP 	line1: autoDraw = True
248.9494 	EXP 	line2: autoDraw = True
248.9494 	EXP 	line3: autoDraw = True
248.9494 	EXP 	line4: autoDraw = True
248.9661 	EXP 	fixation: autoDraw = False
249.9481 	EXP 	probe: autoDraw = True
250.4998 	EXP 	New trial (rep=7, index=1): OrderedDict([('pos', 150), ('corr_resp', 'v')])
250.5017 	DATA 	Keypress: c
250.5147 	EXP 	fixation: autoDraw = False
250.5147 	EXP 	line1: autoDraw = False
250.5147 	EXP 	line2: autoDraw = False
250.5147 	EXP 	line3: autoDraw = False
250.5147 	EXP 	line4: autoDraw = False
250.5147 	EXP 	probe: autoDraw = False
250.5147 	EXP 	fixation: autoDraw = True
251.5136 	EXP 	line1: autoDraw = True
251.5136 	EXP 	line2: autoDraw = True
251.5136 	EXP 	line3: autoDraw = True
251.5136 	EXP 	line4: autoDraw = True
251.5303 	EXP 	fixation: autoDraw = False
252.5127 	EXP 	probe: autoDraw = True
252.9976 	EXP 	New trial (rep=7, index=2): OrderedDict([('pos', -150), ('corr_resp', 'z')])
252.9994 	DATA 	Keypress: v
253.0121 	EXP 	fixation: autoDraw = False
253.0121 	EXP 	line1: autoDraw = False
253.0121 	EXP 	line2: autoDraw = False
253.0121 	EXP 	line3: autoDraw = False
253.0121 	EXP 	line4: autoDraw = False
253.0121 	EXP 	probe: autoDraw = False
253.0121 	EXP 	fixation: autoDraw = True
254.0111 	EXP 	fixation: autoDraw = False
254.0111 	EXP 	line1: autoDraw = True
254.0111 	EXP 	line2: autoDraw = True
254.0111 	EXP 	line3: autoDraw = True
254.0111 	EXP 	line4: autoDraw = True
255.0104 	EXP 	probe: autoDraw = True
255.4484 	DATA 	Keypress: z
255.4619 	EXP 	New trial (rep=7, index=3): OrderedDict([('pos', 150), ('corr_resp', 'v')])
255.4766 	EXP 	fixation: autoDraw = False
255.4766 	EXP 	line1: autoDraw = False
255.4766 	EXP 	line2: autoDraw = False
255.4766 	EXP 	line3: autoDraw = False
255.4766 	EXP 	line4: autoDraw = False
255.4766 	EXP 	probe: autoDraw = False
255.4766 	EXP 	fixation: autoDraw = True
256.4756 	EXP 	fixation: autoDraw = False
256.4756 	EXP 	line1: autoDraw = True
256.4756 	EXP 	line2: autoDraw = True
256.4756 	EXP 	line3: autoDraw = True
256.4756 	EXP 	line4: autoDraw = True
257.4748 	EXP 	probe: autoDraw = True
257.9259 	EXP 	New trial (rep=8, index=0): OrderedDict([('pos', -50), ('corr_resp', 'x')])
257.9274 	DATA 	Keypress: v
257.9410 	EXP 	fixation: autoDraw = False
257.9410 	EXP 	line1: autoDraw = False
257.9410 	EXP 	line2: autoDraw = False
257.9410 	EXP 	line3: autoDraw = False
257.9410 	EXP 	line4: autoDraw = False
257.9410 	EXP 	probe: autoDraw = False
257.9410 	EXP 	fixation: autoDraw = True
258.9400 	EXP 	fixation: autoDraw = False
258.9400 	EXP 	line1: autoDraw = True
258.9400 	EXP 	line2: autoDraw = True
258.9400 	EXP 	line3: autoDraw = True
258.9400 	EXP 	line4: autoDraw = True
259.9390 	EXP 	probe: autoDraw = True
260.8400 	EXP 	New trial (rep=8, index=1): OrderedDict([('pos', 150), ('corr_resp', 'v')])
260.8422 	DATA 	Keypress: x
260.8551 	EXP 	fixation: autoDraw = False
260.8551 	EXP 	line1: autoDraw = False
260.8551 	EXP 	line2: autoDraw = False
260.8551 	EXP 	line3: autoDraw = False
260.8551 	EXP 	line4: autoDraw = False
260.8551 	EXP 	probe: autoDraw = False
260.8551 	EXP 	fixation: autoDraw = True
261.8541 	EXP 	line1: autoDraw = True
261.8541 	EXP 	line2: autoDraw = True
261.8541 	EXP 	line3: autoDraw = True
261.8541 	EXP 	line4: autoDraw = True
261.8707 	EXP 	fixation: autoDraw = False
262.8530 	EXP 	probe: autoDraw = True
263.2878 	EXP 	New trial (rep=8, index=2): OrderedDict([('pos', -50), ('corr_resp', 'x')])
263.2895 	DATA 	Keypress: v
263.3026 	EXP 	fixation: autoDraw = False
263.3026 	EXP 	line1: autoDraw = False
263.3026 	EXP 	line2: autoDraw = False
263.3026 	EXP 	line3: autoDraw = False
263.3026 	EXP 	line4: autoDraw = False
263.3026 	EXP 	probe: autoDraw = False
263.3026 	EXP 	fixation: autoDraw = True
264.3019 	EXP 	fixation: autoDraw = False
264.3019 	EXP 	line1: autoDraw = True
264.3019 	EXP 	line2: autoDraw = True
264.3019 	EXP 	line3: autoDraw = True
264.3019 	EXP 	line4: autoDraw = True
265.3006 	EXP 	probe: autoDraw = True
265.9522 	EXP 	New trial (rep=8, index=3): OrderedDict([('pos', -150), ('corr_resp', 'z')])
265.9540 	DATA 	Keypress: x
265.9668 	EXP 	fixation: autoDraw = False
265.9668 	EXP 	line1: autoDraw = False
265.9668 	EXP 	line2: autoDraw = False
265.9668 	EXP 	line3: autoDraw = False
265.9668 	EXP 	line4: autoDraw = False
265.9668 	EXP 	probe: autoDraw = False
265.9668 	EXP 	fixation: autoDraw = True
266.9661 	EXP 	fixation: autoDraw = False
266.9661 	EXP 	line1: autoDraw = True
266.9661 	EXP 	line2: autoDraw = True
266.9661 	EXP 	line3: autoDraw = True
266.9661 	EXP 	line4: autoDraw = True
267.9648 	EXP 	probe: autoDraw = True
268.6162 	EXP 	New trial (rep=9, index=0): OrderedDict([('pos', 50), ('corr_resp', 'c')])
268.6186 	DATA 	Keypress: z
268.6310 	EXP 	fixation: autoDraw = False
268.6310 	EXP 	line1: autoDraw = False
268.6310 	EXP 	line2: autoDraw = False
268.6310 	EXP 	line3: autoDraw = False
268.6310 	EXP 	line4: autoDraw = False
268.6310 	EXP 	probe: autoDraw = False
268.6310 	EXP 	fixation: autoDraw = True
269.6303 	EXP 	fixation: autoDraw = False
269.6303 	EXP 	line1: autoDraw = True
269.6303 	EXP 	line2: autoDraw = True
269.6303 	EXP 	line3: autoDraw = True
269.6303 	EXP 	line4: autoDraw = True
270.6291 	EXP 	probe: autoDraw = True
271.0805 	EXP 	New trial (rep=9, index=1): OrderedDict([('pos', -150), ('corr_resp', 'z')])
271.0833 	DATA 	Keypress: c
271.0951 	EXP 	fixation: autoDraw = False
271.0951 	EXP 	line1: autoDraw = False
271.0951 	EXP 	line2: autoDraw = False
271.0951 	EXP 	line3: autoDraw = False
271.0951 	EXP 	line4: autoDraw = False
271.0951 	EXP 	probe: autoDraw = False
271.0951 	EXP 	fixation: autoDraw = True
272.0941 	EXP 	fixation: autoDraw = False
272.0941 	EXP 	line1: autoDraw = True
272.0941 	EXP 	line2: autoDraw = True
272.0941 	EXP 	line3: autoDraw = True
272.0941 	EXP 	line4: autoDraw = True
273.0936 	EXP 	probe: autoDraw = True
273.6779 	EXP 	New trial (rep=9, index=2): OrderedDict([('pos', 50), ('corr_resp', 'c')])
273.6796 	DATA 	Keypress: z
273.6929 	EXP 	fixation: autoDraw = False
273.6929 	EXP 	line1: autoDraw = False
273.6929 	EXP 	line2: autoDraw = False
273.6929 	EXP 	line3: autoDraw = False
273.6929 	EXP 	line4: autoDraw = False
273.6929 	EXP 	probe: autoDraw = False
273.6929 	EXP 	fixation: autoDraw = True
274.6924 	EXP 	fixation: autoDraw = False
274.6924 	EXP 	line1: autoDraw = True
274.6924 	EXP 	line2: autoDraw = True
274.6924 	EXP 	line3: autoDraw = True
274.6924 	EXP 	line4: autoDraw = True
275.6913 	EXP 	probe: autoDraw = True
276.7421 	EXP 	New trial (rep=9, index=3): OrderedDict([('pos', -50), ('corr_resp', 'x')])
276.7445 	DATA 	Keypress: c
276.7568 	EXP 	fixation: autoDraw = False
276.7568 	EXP 	line1: autoDraw = False
276.7568 	EXP 	line2: autoDraw = False
276.7568 	EXP 	line3: autoDraw = False
276.7568 	EXP 	line4: autoDraw = False
276.7568 	EXP 	probe: autoDraw = False
276.7568 	EXP 	fixation: autoDraw = True
277.7559 	EXP 	fixation: autoDraw = False
277.7559 	EXP 	line1: autoDraw = True
277.7559 	EXP 	line2: autoDraw = True
277.7559 	EXP 	line3: autoDraw = True
277.7559 	EXP 	line4: autoDraw = True
278.7550 	EXP 	probe: autoDraw = True
279.2724 	EXP 	New trial (rep=10, index=0): OrderedDict([('pos', -50), ('corr_resp', 'x')])
279.2741 	DATA 	Keypress: x
279.2875 	EXP 	fixation: autoDraw = False
279.2875 	EXP 	line1: autoDraw = False
279.2875 	EXP 	line2: autoDraw = False
279.2875 	EXP 	line3: autoDraw = False
279.2875 	EXP 	line4: autoDraw = False
279.2875 	EXP 	probe: autoDraw = False
279.2875 	EXP 	fixation: autoDraw = True
280.2699 	EXP 	line1: autoDraw = True
280.2699 	EXP 	line2: autoDraw = True
280.2699 	EXP 	line3: autoDraw = True
280.2699 	EXP 	line4: autoDraw = True
280.2864 	EXP 	fixation: autoDraw = False
281.2855 	EXP 	probe: autoDraw = True
281.7871 	EXP 	New trial (rep=10, index=1): OrderedDict([('pos', 150), ('corr_resp', 'v')])
281.7889 	DATA 	Keypress: x
281.8020 	EXP 	fixation: autoDraw = False
281.8020 	EXP 	line1: autoDraw = False
281.8020 	EXP 	line2: autoDraw = False
281.8020 	EXP 	line3: autoDraw = False
281.8020 	EXP 	line4: autoDraw = False
281.8020 	EXP 	probe: autoDraw = False
281.8020 	EXP 	fixation: autoDraw = True
282.8012 	EXP 	fixation: autoDraw = False
282.8012 	EXP 	line1: autoDraw = True
282.8012 	EXP 	line2: autoDraw = True
282.8012 	EXP 	line3: autoDraw = True
282.8012 	EXP 	line4: autoDraw = True
283.8001 	EXP 	probe: autoDraw = True
284.2853 	EXP 	New trial (rep=10, index=2): OrderedDict([('pos', -150), ('corr_resp', 'z')])
284.2878 	DATA 	Keypress: v
284.3003 	EXP 	fixation: autoDraw = False
284.3003 	EXP 	line1: autoDraw = False
284.3003 	EXP 	line2: autoDraw = False
284.3003 	EXP 	line3: autoDraw = False
284.3003 	EXP 	line4: autoDraw = False
284.3003 	EXP 	probe: autoDraw = False
284.3003 	EXP 	fixation: autoDraw = True
285.2990 	EXP 	line1: autoDraw = True
285.2990 	EXP 	line2: autoDraw = True
285.2990 	EXP 	line3: autoDraw = True
285.2990 	EXP 	line4: autoDraw = True
285.3155 	EXP 	fixation: autoDraw = False
286.2981 	EXP 	probe: autoDraw = True
286.8323 	EXP 	New trial (rep=10, index=3): OrderedDict([('pos', 50), ('corr_resp', 'c')])
286.8342 	DATA 	Keypress: z
286.8474 	EXP 	fixation: autoDraw = False
286.8474 	EXP 	line1: autoDraw = False
286.8474 	EXP 	line2: autoDraw = False
286.8474 	EXP 	line3: autoDraw = False
286.8474 	EXP 	line4: autoDraw = False
286.8474 	EXP 	probe: autoDraw = False
286.8474 	EXP 	fixation: autoDraw = True
287.8465 	EXP 	fixation: autoDraw = False
287.8465 	EXP 	line1: autoDraw = True
287.8465 	EXP 	line2: autoDraw = True
287.8465 	EXP 	line3: autoDraw = True
287.8465 	EXP 	line4: autoDraw = True
288.8453 	EXP 	probe: autoDraw = True
289.9327 	DATA 	Keypress: c
289.9465 	EXP 	New trial (rep=11, index=0): OrderedDict([('pos', 50), ('corr_resp', 'c')])
289.9613 	EXP 	fixation: autoDraw = False
289.9613 	EXP 	line1: autoDraw = False
289.9613 	EXP 	line2: autoDraw = False
289.9613 	EXP 	line3: autoDraw = False
289.9613 	EXP 	line4: autoDraw = False
289.9613 	EXP 	probe: autoDraw = False
289.9613 	EXP 	fixation: autoDraw = True
290.9603 	EXP 	line1: autoDraw = True
290.9603 	EXP 	line2: autoDraw = True
290.9603 	EXP 	line3: autoDraw = True
290.9603 	EXP 	line4: autoDraw = True
290.9768 	EXP 	fixation: autoDraw = False
291.9595 	EXP 	probe: autoDraw = True
292.3105 	EXP 	New trial (rep=11, index=1): OrderedDict([('pos', -150), ('corr_resp', 'z')])
292.3125 	DATA 	Keypress: c
292.3258 	EXP 	fixation: autoDraw = False
292.3258 	EXP 	line1: autoDraw = False
292.3258 	EXP 	line2: autoDraw = False
292.3258 	EXP 	line3: autoDraw = False
292.3258 	EXP 	line4: autoDraw = False
292.3258 	EXP 	probe: autoDraw = False
292.3258 	EXP 	fixation: autoDraw = True
293.3248 	EXP 	fixation: autoDraw = False
293.3248 	EXP 	line1: autoDraw = True
293.3248 	EXP 	line2: autoDraw = True
293.3248 	EXP 	line3: autoDraw = True
293.3248 	EXP 	line4: autoDraw = True
294.3239 	EXP 	probe: autoDraw = True
295.0477 	DATA 	Keypress: z
295.0579 	EXP 	New trial (rep=11, index=2): OrderedDict([('pos', -150), ('corr_resp', 'z')])
295.0730 	EXP 	fixation: autoDraw = False
295.0730 	EXP 	line1: autoDraw = False
295.0730 	EXP 	line2: autoDraw = False
295.0730 	EXP 	line3: autoDraw = False
295.0730 	EXP 	line4: autoDraw = False
295.0730 	EXP 	probe: autoDraw = False
295.0730 	EXP 	fixation: autoDraw = True
296.0721 	EXP 	fixation: autoDraw = False
296.0721 	EXP 	line1: autoDraw = True
296.0721 	EXP 	line2: autoDraw = True
296.0721 	EXP 	line3: autoDraw = True
296.0721 	EXP 	line4: autoDraw = True
297.0710 	EXP 	probe: autoDraw = True
297.6389 	EXP 	New trial (rep=11, index=3): OrderedDict([('pos', -50), ('corr_resp', 'x')])
297.6404 	DATA 	Keypress: z
297.6540 	EXP 	fixation: autoDraw = False
297.6540 	EXP 	line1: autoDraw = False
297.6540 	EXP 	line2: autoDraw = False
297.6540 	EXP 	line3: autoDraw = False
297.6540 	EXP 	line4: autoDraw = False
297.6540 	EXP 	probe: autoDraw = False
297.6540 	EXP 	fixation: autoDraw = True
298.6531 	EXP 	fixation: autoDraw = False
298.6531 	EXP 	line1: autoDraw = True
298.6531 	EXP 	line2: autoDraw = True
298.6531 	EXP 	line3: autoDraw = True
298.6531 	EXP 	line4: autoDraw = True
299.6522 	EXP 	probe: autoDraw = True
300.2361 	DATA 	Keypress: x
300.2515 	EXP 	fixation: autoDraw = False
300.2515 	EXP 	line1: autoDraw = False
300.2515 	EXP 	line2: autoDraw = False
300.2515 	EXP 	line3: autoDraw = False
300.2515 	EXP 	line4: autoDraw = False
300.2515 	EXP 	probe: autoDraw = False
300.5773 	EXP 	window1: mouseVisible = True
