4.0367 	WARNING 	We strongly recommend you activate the PTB sound engine in PsychoPy prefs as the preferred audio engine. Its timing is vastly superior. Your prefs are currently set to use ['sounddevice', 'PTB', 'pyo', 'pygame'] (in that order).
35.5242 	WARNING 	User requested fullscreen with size [1024  768], but screen is actually [1920, 1080]. Using actual size
40.3611 	EXP 	Created window1 = Window(allowGUI=True, allowStencil=False, autoLog=True, backendConf=UNKNOWN, bitsMode=UNKNOWN, blendMode='avg', bpc=(8, 8, 8), color=array([0, 0, 0]), colorSpace='rgb', depthBits=8, fullscr=<method-wrapper '__getattribute__' of attributeSetter object at 0x0000026321082F10>, gamma=None, gammaErrorPolicy='raise', lms=UNKNOWN, monitor=<psychopy.monitors.calibTools.Monitor object at 0x0000026325F94F40>, multiSample=False, name='window1', numSamples=2, pos=(0, 0), screen=0, size=array([1920, 1080]), stencilBits=0, stereo=False, units='height', useFBO=True, useRetina=False, viewOri=0.0, viewPos=None, viewScale=None, waitBlanking=True, winType='pyglet')
40.3613 	EXP 	window1: mouseVisible = True
40.3615 	EXP 	window1: mouseVisible = False
40.3615 	EXP 	window1: Attempting to measure frame rate of screen (0) ...
40.3616 	EXP 	window1: recordFrameIntervals = False
40.5269 	EXP 	window1: recordFrameIntervals = True
40.7102 	EXP 	Screen (0) actual frame rate measured at 60.13Hz
40.7103 	EXP 	window1: recordFrameIntervals = False
46.4703 	EXP 	Created fixation = ShapeStim(__class__=<class 'psychopy.visual.shape.ShapeStim'>, anchor=('center', 'center'), autoDraw=False, autoLog=True, closeShape=True, color=method-wrapper(...), colorSpace='rgb', contrast=None, depth=0.0, fillColor=array([1, 1, 1]), fillColorSpace='rgb', fillRGB=array([1, 1, 1]), interpolate=True, lineColor=array([1., 1., 1.]), lineColorSpace='rgb', lineRGB=array([1, 1, 1]), lineWidth=1.0, name='fixation', opacity=1.0, ori=0.0, pos=array([0., 0.]), size=array([0.2, 0.2]), units='height', vertices=ndarray(...), win=Window(...), windingRule=None)
46.4802 	EXP 	Created polygon = ShapeStim(__class__=<class 'psychopy.visual.shape.ShapeStim'>, anchor=('center', 'center'), autoDraw=False, autoLog=True, closeShape=True, color=method-wrapper(...), colorSpace='rgb', contrast=None, depth=-1.0, fillColor=array([-1.    ,  0.0039, -1.    ]), fillColorSpace='rgb', fillRGB=array([-1.    ,  0.0039, -1.    ]), interpolate=True, lineColor=array([-1.    ,  0.0039, -1.    ]), lineColorSpace='rgb', lineRGB=array([-1.    ,  0.0039, -1.    ]), lineWidth=1.0, name='polygon', opacity=1.0, ori=0.0, pos=array([0., 0.]), size=array([0.2, 0.2]), units='height', vertices=ndarray(...), win=Window(...), windingRule=None)
46.5957 	EXP 	Sound sound_1 set volume 1.000
47.6003 	EXP 	Created text = TextStim(__class__=<class 'psychopy.visual.text.TextStim'>, alignHoriz=method-wrapper(...), alignText='center', alignVert=method-wrapper(...), anchorHoriz='center', anchorVert='center', antialias=True, autoDraw=False, autoLog=True, bold=False, color=array([1., 1., 1.]), colorSpace='rgb', contrast=1.0, depth=0.0, flipHoriz=False, flipVert=False, font='Open Sans', fontFiles=[], height=0.05, italic=False, languageStyle='LTR', name='text', opacity=1.0, ori=0.0, pos=array([0. , 0.3]), rgb=UNKNOWN, text=str(...), units='height', win=Window(...), wrapWidth=1)
47.8473 	EXP 	window1: mouseVisible = True
47.8573 	EXP 	Imported C:/Users/Kinnari Kamani/Desktop/Monsoon 2022/PSY310 Lab in Psych/Tutorials_Exp/excel/ib conditions.xlsx as conditions, 12 conditions, 3 params
47.9144 	EXP 	Created sequence: random, trialTypes=12, nReps=5, seed=None
47.9154 	EXP 	New trial (rep=0, index=0): {'delay': 0.4, 'freq': 1000, 'condition': 'exp'}
48.0166 	EXP 	textbox: autoLog = True
48.0166 	EXP 	fixation: autoDraw = True
48.8524 	EXP 	polygon: autoDraw = True
49.0187 	EXP 	fixation: autoDraw = False
49.7170 	DATA 	Keypress: space
49.7512 	EXP 	fixation: autoDraw = False
49.7512 	EXP 	polygon: autoDraw = False
50.5669 	EXP 	text: autoDraw = True
50.5669 	EXP 	textbox: autoDraw = True
54.7973 	DATA 	Keypress: num_3
55.0536 	DATA 	Keypress: num_0
55.2301 	DATA 	Keypress: num_0
56.7695 	DATA 	Mouse: Left button down, pos=(966,202)
56.8678 	EXP 	New trial (rep=0, index=1): {'delay': 0.4, 'freq': 1000, 'condition': 'exp'}
56.8987 	EXP 	text: autoDraw = False
56.8987 	EXP 	textbox: autoDraw = False
56.8987 	EXP 	fixation: autoDraw = True
56.9997 	DATA 	Mouse:  Left button up, pos=(966,202)
57.8772 	EXP 	polygon: autoDraw = True
57.9105 	EXP 	fixation: autoDraw = False
58.7969 	DATA 	Keypress: space
58.8091 	EXP 	fixation: autoDraw = False
58.8091 	EXP 	polygon: autoDraw = False
59.5110 	EXP 	text: autoDraw = True
59.5110 	EXP 	textbox: autoDraw = True
61.6410 	DATA 	Keypress: num_3
62.7232 	DATA 	Keypress: num_2
62.8230 	DATA 	Keypress: num_0
63.0323 	DATA 	Keypress: return
63.9139 	DATA 	Keypress: backspace
64.7504 	DATA 	Mouse: Left button down, pos=(966,202)
64.7565 	EXP 	New trial (rep=0, index=2): {'delay': 0.4, 'freq': 400, 'condition': 'unexp'}
64.7708 	EXP 	text: autoDraw = False
64.7708 	EXP 	textbox: autoDraw = False
64.7708 	EXP 	fixation: autoDraw = True
64.8580 	DATA 	Mouse:  Left button up, pos=(966,202)
65.7701 	EXP 	polygon: autoDraw = True
65.7866 	EXP 	fixation: autoDraw = False
66.5734 	DATA 	Keypress: space
66.6023 	EXP 	fixation: autoDraw = False
66.6023 	EXP 	polygon: autoDraw = False
67.3040 	EXP 	text: autoDraw = True
67.3040 	EXP 	textbox: autoDraw = True
72.7641 	DATA 	Keypress: num_2
72.9884 	DATA 	Keypress: num_5
73.4387 	DATA 	Keypress: num_0
74.1295 	DATA 	Mouse: Left button down, pos=(966,202)
74.1322 	EXP 	New trial (rep=0, index=3): {'delay': 0.1, 'freq': 1000, 'condition': 'exp'}
74.1453 	EXP 	text: autoDraw = False
74.1453 	EXP 	textbox: autoDraw = False
74.1453 	EXP 	fixation: autoDraw = True
74.3492 	DATA 	Mouse:  Left button up, pos=(966,202)
75.1446 	EXP 	polygon: autoDraw = True
75.1612 	EXP 	fixation: autoDraw = False
75.6655 	DATA 	Keypress: space
75.6943 	EXP 	fixation: autoDraw = False
75.6943 	EXP 	polygon: autoDraw = False
76.0935 	EXP 	text: autoDraw = True
76.0935 	EXP 	textbox: autoDraw = True
79.0017 	DATA 	Keypress: num_2
79.8653 	DATA 	Keypress: num_0
80.0243 	DATA 	Keypress: num_0
80.7405 	DATA 	Mouse: Left button down, pos=(966,202)
80.7433 	EXP 	New trial (rep=0, index=4): {'delay': 0.7, 'freq': 1000, 'condition': 'exp'}
80.7562 	EXP 	text: autoDraw = False
80.7562 	EXP 	textbox: autoDraw = False
80.7562 	EXP 	fixation: autoDraw = True
80.9437 	DATA 	Mouse:  Left button up, pos=(966,202)
81.7551 	EXP 	polygon: autoDraw = True
81.7717 	EXP 	fixation: autoDraw = False
82.2751 	DATA 	Keypress: space
82.2880 	EXP 	fixation: autoDraw = False
82.2880 	EXP 	polygon: autoDraw = False
83.2885 	EXP 	text: autoDraw = True
83.2885 	EXP 	textbox: autoDraw = True
85.4108 	DATA 	Keypress: num_3
86.5845 	DATA 	Keypress: backspace
86.9173 	DATA 	Keypress: num_4
87.3247 	DATA 	Keypress: num_0
88.2829 	DATA 	Keypress: num_0
88.9325 	DATA 	Mouse: Left button down, pos=(966,202)
88.9346 	EXP 	New trial (rep=0, index=5): {'delay': 0.1, 'freq': 400, 'condition': 'unexp'}
88.9484 	EXP 	text: autoDraw = False
88.9484 	EXP 	textbox: autoDraw = False
88.9484 	EXP 	fixation: autoDraw = True
89.0527 	DATA 	Mouse:  Left button up, pos=(966,202)
89.9476 	EXP 	polygon: autoDraw = True
89.9641 	EXP 	fixation: autoDraw = False
91.1171 	DATA 	Keypress: space
91.1296 	EXP 	fixation: autoDraw = False
91.1296 	EXP 	polygon: autoDraw = False
91.5317 	EXP 	text: autoDraw = True
91.5317 	EXP 	textbox: autoDraw = True
96.3423 	DATA 	Keypress: num_1
96.4585 	DATA 	Keypress: num_5
96.6086 	DATA 	Keypress: num_0
97.5341 	DATA 	Mouse: Left button down, pos=(966,202)
97.5425 	EXP 	New trial (rep=0, index=6): {'delay': 0.7, 'freq': 1000, 'condition': 'exp'}
97.5571 	EXP 	text: autoDraw = False
97.5571 	EXP 	textbox: autoDraw = False
97.5571 	EXP 	fixation: autoDraw = True
97.6452 	DATA 	Mouse:  Left button up, pos=(966,202)
98.5563 	EXP 	polygon: autoDraw = True
98.5728 	EXP 	fixation: autoDraw = False
98.9942 	DATA 	Keypress: space
99.0057 	EXP 	fixation: autoDraw = False
99.0057 	EXP 	polygon: autoDraw = False
100.0059 	EXP 	text: autoDraw = True
100.0059 	EXP 	textbox: autoDraw = True
101.9279 	DATA 	Keypress: num_5
102.1206 	DATA 	Keypress: num_0
102.3279 	DATA 	Keypress: num_0
103.0691 	DATA 	Mouse: Left button down, pos=(966,202)
103.0706 	EXP 	New trial (rep=0, index=7): {'delay': 0.1, 'freq': 1000, 'condition': 'exp'}
103.0852 	EXP 	text: autoDraw = False
103.0852 	EXP 	textbox: autoDraw = False
103.0852 	EXP 	fixation: autoDraw = True
103.2894 	DATA 	Mouse:  Left button up, pos=(966,202)
104.0844 	EXP 	polygon: autoDraw = True
104.1010 	EXP 	fixation: autoDraw = False
105.8830 	DATA 	Keypress: space
105.8867 	EXP 	fixation: autoDraw = False
105.8867 	EXP 	polygon: autoDraw = False
106.2856 	EXP 	text: autoDraw = True
106.2856 	EXP 	textbox: autoDraw = True
110.2794 	DATA 	Keypress: num_4
112.3856 	DATA 	Keypress: backspace
112.9041 	DATA 	Keypress: num_3
113.5527 	DATA 	Keypress: num_5
113.7689 	DATA 	Keypress: num_0
114.3760 	DATA 	Mouse: Left button down, pos=(966,202)
114.3785 	EXP 	New trial (rep=0, index=8): {'delay': 0.1, 'freq': 1000, 'condition': 'exp'}
114.3912 	EXP 	text: autoDraw = False
114.3912 	EXP 	textbox: autoDraw = False
114.3912 	EXP 	fixation: autoDraw = True
114.5953 	DATA 	Mouse:  Left button up, pos=(966,202)
115.3907 	EXP 	fixation: autoDraw = False
115.3907 	EXP 	polygon: autoDraw = True
115.8110 	DATA 	Keypress: space
115.8234 	EXP 	fixation: autoDraw = False
115.8234 	EXP 	polygon: autoDraw = False
116.2257 	EXP 	text: autoDraw = True
116.2257 	EXP 	textbox: autoDraw = True
118.1388 	DATA 	Keypress: num_3
119.1846 	DATA 	Keypress: num_0
119.3308 	DATA 	Keypress: num_0
120.5982 	DATA 	Mouse: Left button down, pos=(966,202)
120.6047 	EXP 	New trial (rep=0, index=9): {'delay': 0.7, 'freq': 1000, 'condition': 'exp'}
120.6191 	EXP 	text: autoDraw = False
120.6191 	EXP 	textbox: autoDraw = False
120.6191 	EXP 	fixation: autoDraw = True
120.8234 	DATA 	Mouse:  Left button up, pos=(966,202)
121.6182 	EXP 	polygon: autoDraw = True
121.6348 	EXP 	fixation: autoDraw = False
123.2375 	DATA 	Keypress: space
123.2500 	EXP 	fixation: autoDraw = False
123.2500 	EXP 	polygon: autoDraw = False
124.2533 	EXP 	text: autoDraw = True
124.2533 	EXP 	textbox: autoDraw = True
126.3393 	DATA 	Keypress: num_3
127.0581 	DATA 	Keypress: num_5
127.1303 	DATA 	Keypress: num_0
127.9559 	DATA 	Mouse: Left button down, pos=(966,202)
127.9651 	EXP 	New trial (rep=0, index=10): {'delay': 0.4, 'freq': 1000, 'condition': 'exp'}
127.9790 	EXP 	text: autoDraw = False
127.9790 	EXP 	textbox: autoDraw = False
127.9790 	EXP 	fixation: autoDraw = True
128.1834 	DATA 	Mouse:  Left button up, pos=(966,202)
128.9781 	EXP 	polygon: autoDraw = True
128.9947 	EXP 	fixation: autoDraw = False
129.7148 	DATA 	Keypress: space
129.7273 	EXP 	fixation: autoDraw = False
129.7273 	EXP 	polygon: autoDraw = False
130.4292 	EXP 	text: autoDraw = True
130.4292 	EXP 	textbox: autoDraw = True
132.3255 	DATA 	Keypress: num_3
133.1656 	DATA 	Keypress: num_5
133.2419 	DATA 	Keypress: num_0
133.9694 	DATA 	Mouse: Left button down, pos=(966,202)
133.9757 	EXP 	New trial (rep=0, index=11): {'delay': 0.7, 'freq': 400, 'condition': 'unexp'}
133.9900 	EXP 	text: autoDraw = False
133.9900 	EXP 	textbox: autoDraw = False
133.9900 	EXP 	fixation: autoDraw = True
134.1939 	DATA 	Mouse:  Left button up, pos=(966,202)
134.9101 	DATA 	Keypress: space
134.9892 	EXP 	polygon: autoDraw = True
135.0058 	EXP 	fixation: autoDraw = False
135.5757 	DATA 	Keypress: space
135.5885 	EXP 	fixation: autoDraw = False
135.5885 	EXP 	polygon: autoDraw = False
136.5896 	EXP 	text: autoDraw = True
136.5896 	EXP 	textbox: autoDraw = True
141.3266 	DATA 	Keypress: num_2
141.5172 	DATA 	Keypress: num_0
141.9578 	DATA 	Keypress: num_0
142.5745 	DATA 	Mouse: Left button down, pos=(966,202)
142.5848 	EXP 	New trial (rep=1, index=0): {'delay': 0.4, 'freq': 1000, 'condition': 'exp'}
142.5988 	EXP 	text: autoDraw = False
142.5988 	EXP 	textbox: autoDraw = False
142.5988 	EXP 	fixation: autoDraw = True
142.7859 	DATA 	Mouse:  Left button up, pos=(966,202)
143.5978 	EXP 	fixation: autoDraw = False
143.5978 	EXP 	polygon: autoDraw = True
144.3839 	DATA 	Keypress: space
144.3968 	EXP 	fixation: autoDraw = False
144.3968 	EXP 	polygon: autoDraw = False
145.0964 	EXP 	text: autoDraw = True
145.0964 	EXP 	textbox: autoDraw = True
150.2181 	DATA 	Keypress: num_1
150.4253 	DATA 	Keypress: num_2
150.5922 	DATA 	Keypress: num_0
151.3414 	DATA 	Mouse: Left button down, pos=(966,202)
151.3430 	EXP 	New trial (rep=1, index=1): {'delay': 0.1, 'freq': 1000, 'condition': 'exp'}
151.3571 	EXP 	text: autoDraw = False
151.3571 	EXP 	textbox: autoDraw = False
151.3571 	EXP 	fixation: autoDraw = True
151.5607 	DATA 	Mouse:  Left button up, pos=(966,202)
152.3564 	EXP 	fixation: autoDraw = False
152.3564 	EXP 	polygon: autoDraw = True
153.3433 	DATA 	Keypress: space
153.3554 	EXP 	fixation: autoDraw = False
153.3554 	EXP 	polygon: autoDraw = False
153.7566 	EXP 	text: autoDraw = True
153.7566 	EXP 	textbox: autoDraw = True
156.2628 	DATA 	Keypress: num_1
158.5678 	DATA 	Keypress: backspace
159.1439 	DATA 	Keypress: num_2
159.5591 	DATA 	Keypress: num_5
159.7938 	DATA 	Keypress: num_0
160.5428 	DATA 	Mouse: Left button down, pos=(966,202)
160.5518 	EXP 	New trial (rep=1, index=2): {'delay': 0.7, 'freq': 1000, 'condition': 'exp'}
160.5655 	EXP 	text: autoDraw = False
160.5655 	EXP 	textbox: autoDraw = False
160.5655 	EXP 	fixation: autoDraw = True
160.7690 	DATA 	Mouse:  Left button up, pos=(966,202)
161.5646 	EXP 	polygon: autoDraw = True
161.5815 	EXP 	fixation: autoDraw = False
162.3346 	DATA 	Keypress: space
162.3471 	EXP 	fixation: autoDraw = False
162.3471 	EXP 	polygon: autoDraw = False
163.3462 	EXP 	text: autoDraw = True
163.3462 	EXP 	textbox: autoDraw = True
164.7060 	DATA 	Keypress: num_3
165.6707 	DATA 	Keypress: backspace
165.9792 	DATA 	Keypress: num_4
166.2608 	DATA 	Keypress: num_0
166.4105 	DATA 	Keypress: num_0
166.9598 	DATA 	Mouse: Left button down, pos=(966,202)
166.9622 	EXP 	New trial (rep=1, index=3): {'delay': 0.1, 'freq': 1000, 'condition': 'exp'}
166.9760 	EXP 	text: autoDraw = False
166.9760 	EXP 	textbox: autoDraw = False
166.9760 	EXP 	fixation: autoDraw = True
167.1795 	DATA 	Mouse:  Left button up, pos=(966,202)
167.9751 	EXP 	polygon: autoDraw = True
167.9919 	EXP 	fixation: autoDraw = False
168.7125 	DATA 	Keypress: space
168.7246 	EXP 	fixation: autoDraw = False
168.7246 	EXP 	polygon: autoDraw = False
169.1242 	EXP 	text: autoDraw = True
169.1242 	EXP 	textbox: autoDraw = True
170.8899 	DATA 	Keypress: num_1
171.0809 	DATA 	Keypress: num_0
171.2230 	DATA 	Keypress: num_0
171.9813 	DATA 	Keypress: backspace
172.1976 	DATA 	Keypress: backspace
172.8378 	DATA 	Keypress: backspace
173.2139 	DATA 	Keypress: num_2
173.5208 	DATA 	Keypress: num_0
173.7037 	DATA 	Keypress: num_0
174.5147 	DATA 	Mouse: Left button down, pos=(966,202)
174.5222 	EXP 	New trial (rep=1, index=4): {'delay': 0.7, 'freq': 1000, 'condition': 'exp'}
174.5361 	EXP 	text: autoDraw = False
174.5361 	EXP 	textbox: autoDraw = False
174.5361 	EXP 	fixation: autoDraw = True
174.7394 	DATA 	Mouse:  Left button up, pos=(966,202)
175.5350 	EXP 	polygon: autoDraw = True
175.5516 	EXP 	fixation: autoDraw = False
177.6541 	DATA 	Keypress: space
177.6663 	EXP 	fixation: autoDraw = False
177.6663 	EXP 	polygon: autoDraw = False
178.6669 	EXP 	text: autoDraw = True
178.6669 	EXP 	textbox: autoDraw = True
182.1124 	DATA 	Keypress: num_2
183.2619 	DATA 	Keypress: num_5
183.4952 	DATA 	Keypress: num_0
184.1028 	DATA 	Mouse: Left button down, pos=(966,202)
184.1116 	EXP 	New trial (rep=1, index=5): {'delay': 0.4, 'freq': 400, 'condition': 'unexp'}
184.1268 	EXP 	text: autoDraw = False
184.1268 	EXP 	textbox: autoDraw = False
184.1268 	EXP 	fixation: autoDraw = True
184.3306 	DATA 	Mouse:  Left button up, pos=(966,202)
185.1261 	EXP 	polygon: autoDraw = True
185.1426 	EXP 	fixation: autoDraw = False
186.0959 	DATA 	Keypress: space
186.1083 	EXP 	fixation: autoDraw = False
186.1083 	EXP 	polygon: autoDraw = False
186.8079 	EXP 	text: autoDraw = True
186.8079 	EXP 	textbox: autoDraw = True
193.1359 	DATA 	Keypress: num_1
193.3130 	DATA 	Keypress: num_5
193.5524 	DATA 	Keypress: num_0
194.2516 	DATA 	Mouse: Left button down, pos=(966,202)
194.2541 	EXP 	New trial (rep=1, index=6): {'delay': 0.1, 'freq': 1000, 'condition': 'exp'}
194.2676 	EXP 	text: autoDraw = False
194.2676 	EXP 	textbox: autoDraw = False
194.2676 	EXP 	fixation: autoDraw = True
194.4725 	DATA 	Mouse:  Left button up, pos=(966,202)
195.2664 	EXP 	polygon: autoDraw = True
195.2830 	EXP 	fixation: autoDraw = False
195.9533 	DATA 	Keypress: space
195.9657 	EXP 	fixation: autoDraw = False
195.9657 	EXP 	polygon: autoDraw = False
196.3686 	EXP 	text: autoDraw = True
196.3686 	EXP 	textbox: autoDraw = True
200.6966 	DATA 	Keypress: num_2
200.8788 	DATA 	Keypress: num_5
201.0787 	DATA 	Keypress: num_0
201.9778 	DATA 	Mouse: Left button down, pos=(966,202)
201.9799 	EXP 	New trial (rep=1, index=7): {'delay': 0.7, 'freq': 1000, 'condition': 'exp'}
201.9938 	EXP 	text: autoDraw = False
201.9938 	EXP 	textbox: autoDraw = False
201.9938 	EXP 	fixation: autoDraw = True
202.2140 	DATA 	Mouse:  Left button up, pos=(966,202)
202.9929 	EXP 	polygon: autoDraw = True
203.0096 	EXP 	fixation: autoDraw = False
204.8448 	DATA 	Keypress: space
204.8744 	EXP 	fixation: autoDraw = False
204.8744 	EXP 	polygon: autoDraw = False
205.8749 	EXP 	text: autoDraw = True
205.8749 	EXP 	textbox: autoDraw = True
207.6503 	DATA 	Keypress: num_3
207.9979 	DATA 	Keypress: num_5
208.5967 	DATA 	Keypress: num_0
209.3627 	DATA 	Mouse: Left button down, pos=(966,202)
209.3724 	EXP 	New trial (rep=1, index=8): {'delay': 0.4, 'freq': 1000, 'condition': 'exp'}
209.3870 	EXP 	text: autoDraw = False
209.3870 	EXP 	textbox: autoDraw = False
209.3870 	EXP 	fixation: autoDraw = True
209.5738 	DATA 	Mouse:  Left button up, pos=(966,202)
210.3861 	EXP 	polygon: autoDraw = True
210.4027 	EXP 	fixation: autoDraw = False
211.4892 	DATA 	Keypress: space
211.5016 	EXP 	fixation: autoDraw = False
211.5016 	EXP 	polygon: autoDraw = False
212.2040 	EXP 	text: autoDraw = True
212.2040 	EXP 	textbox: autoDraw = True
214.1585 	DATA 	Keypress: num_3
214.3924 	DATA 	Keypress: num_0
214.4829 	DATA 	Keypress: num_0
215.2656 	DATA 	Mouse: Left button down, pos=(966,202)
215.2681 	EXP 	New trial (rep=1, index=9): {'delay': 0.1, 'freq': 400, 'condition': 'unexp'}
215.2816 	EXP 	text: autoDraw = False
215.2816 	EXP 	textbox: autoDraw = False
215.2816 	EXP 	fixation: autoDraw = True
215.5024 	DATA 	Mouse:  Left button up, pos=(966,202)
216.2808 	EXP 	fixation: autoDraw = False
216.2808 	EXP 	polygon: autoDraw = True
218.0660 	DATA 	Keypress: space
218.0788 	EXP 	fixation: autoDraw = False
218.0788 	EXP 	polygon: autoDraw = False
218.4815 	EXP 	text: autoDraw = True
218.4815 	EXP 	textbox: autoDraw = True
222.6925 	DATA 	Keypress: num_2
222.9751 	DATA 	Keypress: num_7
223.2250 	DATA 	Keypress: num_0
224.5185 	DATA 	Mouse: Left button down, pos=(966,202)
224.5257 	EXP 	New trial (rep=1, index=10): {'delay': 0.4, 'freq': 1000, 'condition': 'exp'}
224.5396 	EXP 	text: autoDraw = False
224.5396 	EXP 	textbox: autoDraw = False
224.5396 	EXP 	fixation: autoDraw = True
224.7438 	DATA 	Mouse:  Left button up, pos=(966,202)
225.5389 	EXP 	polygon: autoDraw = True
225.5557 	EXP 	fixation: autoDraw = False
226.2585 	DATA 	Keypress: space
226.2713 	EXP 	fixation: autoDraw = False
226.2713 	EXP 	polygon: autoDraw = False
226.9708 	EXP 	text: autoDraw = True
226.9708 	EXP 	textbox: autoDraw = True
234.3810 	DATA 	Keypress: num_3
234.8070 	DATA 	Keypress: num_8
234.9306 	DATA 	Keypress: num_0
235.8137 	DATA 	Mouse: Left button down, pos=(966,202)
235.8163 	EXP 	New trial (rep=1, index=11): {'delay': 0.7, 'freq': 400, 'condition': 'unexp'}
235.8291 	EXP 	text: autoDraw = False
235.8291 	EXP 	textbox: autoDraw = False
235.8291 	EXP 	fixation: autoDraw = True
236.0373 	DATA 	Mouse:  Left button up, pos=(966,202)
236.8284 	EXP 	fixation: autoDraw = False
236.8284 	EXP 	polygon: autoDraw = True
237.6652 	DATA 	Keypress: space
237.6774 	EXP 	fixation: autoDraw = False
237.6774 	EXP 	polygon: autoDraw = False
238.6769 	EXP 	text: autoDraw = True
238.6769 	EXP 	textbox: autoDraw = True
240.2524 	DATA 	Keypress: num_2
242.5567 	DATA 	Keypress: num_6
242.7680 	DATA 	Keypress: num_0
243.5892 	DATA 	Mouse: Left button down, pos=(966,202)
243.5917 	EXP 	New trial (rep=2, index=0): {'delay': 0.1, 'freq': 400, 'condition': 'unexp'}
243.6054 	EXP 	text: autoDraw = False
243.6054 	EXP 	textbox: autoDraw = False
243.6054 	EXP 	fixation: autoDraw = True
243.8095 	DATA 	Mouse:  Left button up, pos=(966,202)
244.6045 	EXP 	polygon: autoDraw = True
244.6210 	EXP 	fixation: autoDraw = False
245.2413 	DATA 	Keypress: space
245.2535 	EXP 	fixation: autoDraw = False
245.2535 	EXP 	polygon: autoDraw = False
245.6587 	EXP 	text: autoDraw = True
245.6587 	EXP 	textbox: autoDraw = True
247.1607 	DATA 	Keypress: num_2
250.2749 	DATA 	Keypress: num_0
250.4246 	DATA 	Keypress: num_0
251.0424 	DATA 	Mouse: Left button down, pos=(966,202)
251.0513 	EXP 	New trial (rep=2, index=1): {'delay': 0.1, 'freq': 1000, 'condition': 'exp'}
251.0651 	EXP 	text: autoDraw = False
251.0651 	EXP 	textbox: autoDraw = False
251.0651 	EXP 	fixation: autoDraw = True
251.2691 	DATA 	Mouse:  Left button up, pos=(966,202)
252.0645 	EXP 	polygon: autoDraw = True
252.0808 	EXP 	fixation: autoDraw = False
252.7351 	DATA 	Keypress: space
252.7468 	EXP 	fixation: autoDraw = False
252.7468 	EXP 	polygon: autoDraw = False
253.1463 	EXP 	text: autoDraw = True
253.1463 	EXP 	textbox: autoDraw = True
254.2297 	DATA 	Keypress: num_3
256.7611 	DATA 	Keypress: num_6
257.0272 	DATA 	Keypress: num_0
258.1872 	DATA 	Mouse: Left button down, pos=(966,202)
258.1942 	EXP 	New trial (rep=2, index=2): {'delay': 0.7, 'freq': 1000, 'condition': 'exp'}
258.2084 	EXP 	text: autoDraw = False
258.2084 	EXP 	textbox: autoDraw = False
258.2084 	EXP 	fixation: autoDraw = True
258.3956 	DATA 	Mouse:  Left button up, pos=(966,202)
259.2077 	EXP 	polygon: autoDraw = True
259.2243 	EXP 	fixation: autoDraw = False
259.8775 	DATA 	Keypress: space
259.9069 	EXP 	fixation: autoDraw = False
259.9069 	EXP 	polygon: autoDraw = False
260.9068 	EXP 	text: autoDraw = True
260.9068 	EXP 	textbox: autoDraw = True
263.0791 	DATA 	Keypress: num_3
264.9452 	DATA 	Keypress: num_5
265.0629 	DATA 	Keypress: num_0
265.9592 	DATA 	Mouse: Left button down, pos=(966,202)
265.9706 	EXP 	New trial (rep=2, index=3): {'delay': 0.7, 'freq': 400, 'condition': 'unexp'}
265.9848 	EXP 	text: autoDraw = False
265.9848 	EXP 	textbox: autoDraw = False
265.9848 	EXP 	fixation: autoDraw = True
266.1709 	DATA 	Mouse:  Left button up, pos=(966,202)
266.9837 	EXP 	polygon: autoDraw = True
267.0004 	EXP 	fixation: autoDraw = False
267.6037 	DATA 	Keypress: space
267.6165 	EXP 	fixation: autoDraw = False
267.6165 	EXP 	polygon: autoDraw = False
268.6178 	EXP 	text: autoDraw = True
268.6178 	EXP 	textbox: autoDraw = True
270.1883 	DATA 	Keypress: num_5
271.3089 	DATA 	Keypress: backspace
277.0344 	DATA 	Keypress: num_2
277.9656 	DATA 	Keypress: num_8
278.1331 	DATA 	Keypress: num_0
278.8183 	DATA 	Mouse: Left button down, pos=(966,202)
278.8253 	EXP 	New trial (rep=2, index=4): {'delay': 0.1, 'freq': 1000, 'condition': 'exp'}
278.8395 	EXP 	text: autoDraw = False
278.8395 	EXP 	textbox: autoDraw = False
278.8395 	EXP 	fixation: autoDraw = True
279.0604 	DATA 	Mouse:  Left button up, pos=(966,202)
279.8385 	EXP 	polygon: autoDraw = True
279.8551 	EXP 	fixation: autoDraw = False
280.5582 	DATA 	Keypress: space
280.5712 	EXP 	fixation: autoDraw = False
280.5712 	EXP 	polygon: autoDraw = False
280.9709 	EXP 	text: autoDraw = True
280.9709 	EXP 	textbox: autoDraw = True
283.4355 	DATA 	Keypress: num_3
285.1505 	DATA 	Keypress: num_6
285.2506 	DATA 	Keypress: num_0
286.0584 	DATA 	Mouse: Left button down, pos=(966,202)
286.0685 	EXP 	New trial (rep=2, index=5): {'delay': 0.1, 'freq': 1000, 'condition': 'exp'}
286.0828 	EXP 	text: autoDraw = False
286.0828 	EXP 	textbox: autoDraw = False
286.0828 	EXP 	fixation: autoDraw = True
286.2863 	DATA 	Mouse:  Left button up, pos=(966,202)
287.0818 	EXP 	polygon: autoDraw = True
287.0983 	EXP 	fixation: autoDraw = False
288.1850 	DATA 	Keypress: space
288.1973 	EXP 	fixation: autoDraw = False
288.1973 	EXP 	polygon: autoDraw = False
288.5980 	EXP 	text: autoDraw = True
288.5980 	EXP 	textbox: autoDraw = True
289.4467 	DATA 	Keypress: num_3
289.7464 	DATA 	Keypress: num_4
289.8540 	DATA 	Keypress: num_0
290.6126 	DATA 	Mouse: Left button down, pos=(966,202)
290.6152 	EXP 	New trial (rep=2, index=6): {'delay': 0.4, 'freq': 1000, 'condition': 'exp'}
290.6285 	EXP 	text: autoDraw = False
290.6285 	EXP 	textbox: autoDraw = False
290.6285 	EXP 	fixation: autoDraw = True
290.8486 	DATA 	Mouse:  Left button up, pos=(966,202)
291.6275 	EXP 	fixation: autoDraw = False
291.6275 	EXP 	polygon: autoDraw = True
292.2320 	DATA 	Keypress: space
292.2436 	EXP 	fixation: autoDraw = False
292.2436 	EXP 	polygon: autoDraw = False
292.9436 	EXP 	text: autoDraw = True
292.9436 	EXP 	textbox: autoDraw = True
293.3767 	DATA 	Keypress: num_3
293.5399 	DATA 	Keypress: num_5
293.6831 	DATA 	Keypress: num_0
294.7586 	DATA 	Keypress: backspace
294.9487 	DATA 	Keypress: backspace
295.1509 	DATA 	Keypress: backspace
296.3906 	DATA 	Keypress: num_2
296.8067 	DATA 	Keypress: num_5
296.9730 	DATA 	Keypress: num_0
297.8390 	DATA 	Mouse: Left button down, pos=(966,202)
297.8414 	EXP 	New trial (rep=2, index=7): {'delay': 0.7, 'freq': 1000, 'condition': 'exp'}
297.8550 	EXP 	text: autoDraw = False
297.8550 	EXP 	textbox: autoDraw = False
297.8550 	EXP 	fixation: autoDraw = True
298.0587 	DATA 	Mouse:  Left button up, pos=(966,202)
298.8542 	EXP 	polygon: autoDraw = True
298.8710 	EXP 	fixation: autoDraw = False
300.0402 	DATA 	Keypress: space
300.0695 	EXP 	fixation: autoDraw = False
300.0695 	EXP 	polygon: autoDraw = False
301.0688 	EXP 	text: autoDraw = True
301.0688 	EXP 	textbox: autoDraw = True
301.9773 	DATA 	Keypress: num_3
302.1782 	DATA 	Keypress: num_4
304.2748 	DATA 	Keypress: backspace
304.4591 	DATA 	Keypress: backspace
305.0398 	DATA 	Keypress: num_2
305.2589 	DATA 	Keypress: num_0
305.4158 	DATA 	Keypress: num_0
305.9459 	DATA 	Mouse: Left button down, pos=(966,202)
305.9530 	EXP 	New trial (rep=2, index=8): {'delay': 0.4, 'freq': 1000, 'condition': 'exp'}
305.9640 	EXP 	text: autoDraw = False
305.9640 	EXP 	textbox: autoDraw = False
305.9640 	EXP 	fixation: autoDraw = True
306.1498 	DATA 	Mouse:  Left button up, pos=(966,202)
306.9633 	EXP 	polygon: autoDraw = True
306.9800 	EXP 	fixation: autoDraw = False
307.4492 	DATA 	Keypress: space
307.4623 	EXP 	fixation: autoDraw = False
307.4623 	EXP 	polygon: autoDraw = False
308.1623 	EXP 	text: autoDraw = True
308.1623 	EXP 	textbox: autoDraw = True
309.3870 	DATA 	Keypress: num_2
310.5829 	DATA 	Keypress: backspace
311.1859 	DATA 	Keypress: num_1
311.7434 	DATA 	Keypress: num_7
311.8427 	DATA 	Keypress: num_0
313.0364 	DATA 	Mouse: Left button down, pos=(966,202)
313.0438 	EXP 	New trial (rep=2, index=9): {'delay': 0.4, 'freq': 400, 'condition': 'unexp'}
313.0580 	EXP 	text: autoDraw = False
313.0580 	EXP 	textbox: autoDraw = False
313.0580 	EXP 	fixation: autoDraw = True
313.2616 	DATA 	Mouse:  Left button up, pos=(966,202)
314.0568 	EXP 	polygon: autoDraw = True
314.0735 	EXP 	fixation: autoDraw = False
314.7262 	DATA 	Keypress: space
314.7393 	EXP 	fixation: autoDraw = False
314.7393 	EXP 	polygon: autoDraw = False
315.4387 	EXP 	text: autoDraw = True
315.4387 	EXP 	textbox: autoDraw = True
317.6871 	DATA 	Keypress: num_3
317.9303 	DATA 	Keypress: num_8
318.0282 	DATA 	Keypress: num_0
318.7365 	DATA 	Mouse: Left button down, pos=(966,202)
318.7392 	EXP 	New trial (rep=2, index=10): {'delay': 0.4, 'freq': 1000, 'condition': 'exp'}
318.7525 	EXP 	text: autoDraw = False
318.7525 	EXP 	textbox: autoDraw = False
318.7525 	EXP 	fixation: autoDraw = True
318.9399 	DATA 	Mouse:  Left button up, pos=(966,202)
319.7515 	EXP 	polygon: autoDraw = True
319.7681 	EXP 	fixation: autoDraw = False
320.2884 	DATA 	Keypress: space
320.3010 	EXP 	fixation: autoDraw = False
320.3010 	EXP 	polygon: autoDraw = False
321.0005 	EXP 	text: autoDraw = True
321.0005 	EXP 	textbox: autoDraw = True
322.4995 	DATA 	Keypress: num_2
323.8586 	DATA 	Keypress: num_0
324.0115 	DATA 	Keypress: num_0
324.7880 	DATA 	Mouse: Left button down, pos=(966,202)
324.7990 	EXP 	New trial (rep=2, index=11): {'delay': 0.7, 'freq': 1000, 'condition': 'exp'}
324.8134 	EXP 	text: autoDraw = False
324.8134 	EXP 	textbox: autoDraw = False
324.8134 	EXP 	fixation: autoDraw = True
325.0198 	DATA 	Mouse:  Left button up, pos=(966,202)
325.8125 	EXP 	fixation: autoDraw = False
325.8125 	EXP 	polygon: autoDraw = True
326.5491 	DATA 	Keypress: space
326.5618 	EXP 	fixation: autoDraw = False
326.5618 	EXP 	polygon: autoDraw = False
327.5652 	EXP 	text: autoDraw = True
327.5652 	EXP 	textbox: autoDraw = True
329.9522 	DATA 	Keypress: num_1
331.0225 	DATA 	Keypress: num_5
331.1043 	DATA 	Keypress: num_0
331.8911 	DATA 	Mouse: Left button down, pos=(966,202)
331.8937 	EXP 	New trial (rep=3, index=0): {'delay': 0.7, 'freq': 1000, 'condition': 'exp'}
331.9068 	EXP 	text: autoDraw = False
331.9068 	EXP 	textbox: autoDraw = False
331.9068 	EXP 	fixation: autoDraw = True
332.1083 	DATA 	Mouse:  Left button up, pos=(966,202)
332.9057 	EXP 	fixation: autoDraw = False
332.9057 	EXP 	polygon: autoDraw = True
333.6434 	DATA 	Keypress: space
333.6552 	EXP 	fixation: autoDraw = False
333.6552 	EXP 	polygon: autoDraw = False
334.6551 	EXP 	text: autoDraw = True
334.6551 	EXP 	textbox: autoDraw = True
336.8096 	DATA 	Keypress: num_1
339.0342 	DATA 	Keypress: num_4
339.1337 	DATA 	Keypress: num_0
340.0333 	DATA 	Mouse: Left button down, pos=(966,202)
340.0357 	EXP 	New trial (rep=3, index=1): {'delay': 0.1, 'freq': 1000, 'condition': 'exp'}
340.0492 	EXP 	text: autoDraw = False
340.0492 	EXP 	textbox: autoDraw = False
340.0492 	EXP 	fixation: autoDraw = True
340.2691 	DATA 	Mouse:  Left button up, pos=(966,202)
341.0484 	EXP 	polygon: autoDraw = True
341.0651 	EXP 	fixation: autoDraw = False
341.5857 	DATA 	Keypress: space
341.5979 	EXP 	fixation: autoDraw = False
341.5979 	EXP 	polygon: autoDraw = False
341.9976 	EXP 	text: autoDraw = True
341.9976 	EXP 	textbox: autoDraw = True
343.5133 	DATA 	Keypress: num_1
343.8630 	DATA 	Keypress: num_2
344.0297 	DATA 	Keypress: num_0
344.7124 	DATA 	Mouse: Left button down, pos=(966,202)
344.7145 	EXP 	New trial (rep=3, index=2): {'delay': 0.4, 'freq': 1000, 'condition': 'exp'}
344.7283 	EXP 	text: autoDraw = False
344.7283 	EXP 	textbox: autoDraw = False
344.7283 	EXP 	fixation: autoDraw = True
344.9485 	DATA 	Mouse:  Left button up, pos=(966,202)
345.7275 	EXP 	polygon: autoDraw = True
345.7440 	EXP 	fixation: autoDraw = False
347.3974 	DATA 	Keypress: space
347.4262 	EXP 	fixation: autoDraw = False
347.4262 	EXP 	polygon: autoDraw = False
348.1287 	EXP 	text: autoDraw = True
348.1287 	EXP 	textbox: autoDraw = True
351.6637 	DATA 	Keypress: num_3
352.1644 	DATA 	Keypress: num_5
352.2886 	DATA 	Keypress: num_0
353.2046 	DATA 	Mouse: Left button down, pos=(966,202)
353.2064 	EXP 	New trial (rep=3, index=3): {'delay': 0.4, 'freq': 400, 'condition': 'unexp'}
353.2205 	EXP 	text: autoDraw = False
353.2205 	EXP 	textbox: autoDraw = False
353.2205 	EXP 	fixation: autoDraw = True
353.4243 	DATA 	Mouse:  Left button up, pos=(966,202)
354.2197 	EXP 	fixation: autoDraw = False
354.2197 	EXP 	polygon: autoDraw = True
355.6395 	DATA 	Keypress: space
355.6511 	EXP 	fixation: autoDraw = False
355.6511 	EXP 	polygon: autoDraw = False
356.3525 	EXP 	text: autoDraw = True
356.3525 	EXP 	textbox: autoDraw = True
358.2928 	DATA 	Keypress: num_2
358.5273 	DATA 	Keypress: num_0
358.6414 	DATA 	Keypress: num_0
359.3072 	DATA 	Mouse: Left button down, pos=(966,202)
359.3167 	EXP 	New trial (rep=3, index=4): {'delay': 0.7, 'freq': 1000, 'condition': 'exp'}
359.3316 	EXP 	text: autoDraw = False
359.3316 	EXP 	textbox: autoDraw = False
359.3316 	EXP 	fixation: autoDraw = True
359.5348 	DATA 	Mouse:  Left button up, pos=(966,202)
360.3308 	EXP 	polygon: autoDraw = True
360.3473 	EXP 	fixation: autoDraw = False
360.9838 	DATA 	Keypress: space
361.0131 	EXP 	fixation: autoDraw = False
361.0131 	EXP 	polygon: autoDraw = False
362.0130 	EXP 	text: autoDraw = True
362.0130 	EXP 	textbox: autoDraw = True
364.1685 	DATA 	Keypress: num_2
364.5527 	DATA 	Keypress: num_0
364.7270 	DATA 	Keypress: num_0
365.3886 	DATA 	Mouse: Left button down, pos=(966,202)
365.3951 	EXP 	New trial (rep=3, index=5): {'delay': 0.4, 'freq': 1000, 'condition': 'exp'}
365.4093 	EXP 	text: autoDraw = False
365.4093 	EXP 	textbox: autoDraw = False
365.4093 	EXP 	fixation: autoDraw = True
365.6297 	DATA 	Mouse:  Left button up, pos=(966,202)
366.4084 	EXP 	polygon: autoDraw = True
366.4250 	EXP 	fixation: autoDraw = False
367.3949 	DATA 	Keypress: space
367.4072 	EXP 	fixation: autoDraw = False
367.4072 	EXP 	polygon: autoDraw = False
368.1088 	EXP 	text: autoDraw = True
368.1088 	EXP 	textbox: autoDraw = True
371.1977 	DATA 	Keypress: num_1
371.5542 	DATA 	Keypress: num_8
371.6458 	DATA 	Keypress: num_0
372.3952 	DATA 	Mouse: Left button down, pos=(966,202)
372.4058 	EXP 	New trial (rep=3, index=6): {'delay': 0.7, 'freq': 1000, 'condition': 'exp'}
372.4194 	EXP 	text: autoDraw = False
372.4194 	EXP 	textbox: autoDraw = False
372.4194 	EXP 	fixation: autoDraw = True
372.6236 	DATA 	Mouse:  Left button up, pos=(966,202)
373.4186 	EXP 	polygon: autoDraw = True
373.4352 	EXP 	fixation: autoDraw = False
373.8730 	DATA 	Keypress: space
373.8846 	EXP 	fixation: autoDraw = False
373.8846 	EXP 	polygon: autoDraw = False
374.8855 	EXP 	text: autoDraw = True
374.8855 	EXP 	textbox: autoDraw = True
376.9160 	DATA 	Keypress: num_2
378.3084 	DATA 	Keypress: num_4
378.4976 	DATA 	Keypress: num_0
380.3546 	DATA 	Keypress: backspace
380.6034 	DATA 	Keypress: backspace
382.2024 	DATA 	Keypress: num_3
382.3186 	DATA 	Keypress: num_0
383.1992 	DATA 	Mouse: Left button down, pos=(966,202)
383.2116 	EXP 	New trial (rep=3, index=7): {'delay': 0.1, 'freq': 1000, 'condition': 'exp'}
383.2260 	EXP 	text: autoDraw = False
383.2260 	EXP 	textbox: autoDraw = False
383.2260 	EXP 	fixation: autoDraw = True
383.4299 	DATA 	Mouse:  Left button up, pos=(966,202)
384.2253 	EXP 	polygon: autoDraw = True
384.2421 	EXP 	fixation: autoDraw = False
384.8949 	DATA 	Keypress: space
384.9244 	EXP 	fixation: autoDraw = False
384.9244 	EXP 	polygon: autoDraw = False
385.3271 	EXP 	text: autoDraw = True
385.3271 	EXP 	textbox: autoDraw = True
389.8287 	DATA 	Keypress: num_3
390.1867 	DATA 	Keypress: num_5
391.2285 	DATA 	Keypress: num_0
392.2348 	DATA 	Mouse: Left button down, pos=(966,202)
392.2370 	EXP 	New trial (rep=3, index=8): {'delay': 0.4, 'freq': 1000, 'condition': 'exp'}
392.2513 	EXP 	text: autoDraw = False
392.2513 	EXP 	textbox: autoDraw = False
392.2513 	EXP 	fixation: autoDraw = True
392.4715 	DATA 	Mouse:  Left button up, pos=(966,202)
393.2506 	EXP 	polygon: autoDraw = True
393.2668 	EXP 	fixation: autoDraw = False
394.3198 	DATA 	Keypress: space
394.3324 	EXP 	fixation: autoDraw = False
394.3324 	EXP 	polygon: autoDraw = False
395.0330 	EXP 	text: autoDraw = True
395.0330 	EXP 	textbox: autoDraw = True
400.7869 	DATA 	Keypress: num_3
401.2431 	DATA 	Keypress: num_6
401.3431 	DATA 	Keypress: num_0
402.0384 	DATA 	Mouse: Left button down, pos=(966,202)
402.0451 	EXP 	New trial (rep=3, index=9): {'delay': 0.1, 'freq': 1000, 'condition': 'exp'}
402.0587 	EXP 	text: autoDraw = False
402.0587 	EXP 	textbox: autoDraw = False
402.0587 	EXP 	fixation: autoDraw = True
402.2630 	DATA 	Mouse:  Left button up, pos=(966,202)
403.0578 	EXP 	polygon: autoDraw = True
403.0744 	EXP 	fixation: autoDraw = False
403.6779 	DATA 	Keypress: space
403.6903 	EXP 	fixation: autoDraw = False
403.6903 	EXP 	polygon: autoDraw = False
404.0903 	EXP 	text: autoDraw = True
404.0903 	EXP 	textbox: autoDraw = True
407.6374 	DATA 	Keypress: num_1
408.8861 	DATA 	Keypress: num_8
408.9991 	DATA 	Keypress: num_0
409.7857 	DATA 	Mouse: Left button down, pos=(966,202)
409.7881 	EXP 	New trial (rep=3, index=10): {'delay': 0.7, 'freq': 400, 'condition': 'unexp'}
409.8013 	EXP 	text: autoDraw = False
409.8013 	EXP 	textbox: autoDraw = False
409.8013 	EXP 	fixation: autoDraw = True
410.0054 	DATA 	Mouse:  Left button up, pos=(966,202)
410.8006 	EXP 	polygon: autoDraw = True
410.8171 	EXP 	fixation: autoDraw = False
411.4213 	DATA 	Keypress: space
411.4333 	EXP 	fixation: autoDraw = False
411.4333 	EXP 	polygon: autoDraw = False
412.4339 	EXP 	text: autoDraw = True
412.4339 	EXP 	textbox: autoDraw = True
415.8386 	DATA 	Keypress: num_3
417.3617 	DATA 	Keypress: num_2
417.4616 	DATA 	Keypress: num_0
418.3111 	DATA 	Mouse: Left button down, pos=(966,202)
418.3135 	EXP 	New trial (rep=3, index=11): {'delay': 0.1, 'freq': 400, 'condition': 'unexp'}
418.3270 	EXP 	text: autoDraw = False
418.3270 	EXP 	textbox: autoDraw = False
418.3270 	EXP 	fixation: autoDraw = True
418.5313 	DATA 	Mouse:  Left button up, pos=(966,202)
419.3261 	EXP 	polygon: autoDraw = True
419.3427 	EXP 	fixation: autoDraw = False
420.4132 	DATA 	Keypress: space
420.4249 	EXP 	fixation: autoDraw = False
420.4249 	EXP 	polygon: autoDraw = False
420.8252 	EXP 	text: autoDraw = True
420.8252 	EXP 	textbox: autoDraw = True
422.7988 	DATA 	Keypress: num_1
423.3842 	DATA 	Keypress: num_0
423.5676 	DATA 	Keypress: num_0
424.2115 	DATA 	Mouse: Left button down, pos=(966,202)
424.2237 	EXP 	New trial (rep=4, index=0): {'delay': 0.1, 'freq': 1000, 'condition': 'exp'}
424.2383 	EXP 	text: autoDraw = False
424.2383 	EXP 	textbox: autoDraw = False
424.2383 	EXP 	fixation: autoDraw = True
424.4252 	DATA 	Mouse:  Left button up, pos=(966,202)
425.2368 	EXP 	polygon: autoDraw = True
425.2538 	EXP 	fixation: autoDraw = False
426.0068 	DATA 	Keypress: space
426.0197 	EXP 	fixation: autoDraw = False
426.0197 	EXP 	polygon: autoDraw = False
426.4195 	EXP 	text: autoDraw = True
426.4195 	EXP 	textbox: autoDraw = True
429.2589 	DATA 	Keypress: num_4
430.8759 	DATA 	Keypress: backspace
432.2395 	DATA 	Keypress: num_3
433.1069 	DATA 	Keypress: num_8
433.2057 	DATA 	Keypress: num_0
433.9069 	DATA 	Mouse: Left button down, pos=(966,202)
433.9150 	EXP 	New trial (rep=4, index=1): {'delay': 0.7, 'freq': 1000, 'condition': 'exp'}
433.9291 	EXP 	text: autoDraw = False
433.9291 	EXP 	textbox: autoDraw = False
433.9291 	EXP 	fixation: autoDraw = True
434.1335 	DATA 	Mouse:  Left button up, pos=(966,202)
434.9284 	EXP 	polygon: autoDraw = True
434.9450 	EXP 	fixation: autoDraw = False
435.4822 	DATA 	Keypress: space
435.4944 	EXP 	fixation: autoDraw = False
435.4944 	EXP 	polygon: autoDraw = False
436.4965 	EXP 	text: autoDraw = True
436.4965 	EXP 	textbox: autoDraw = True
438.0012 	DATA 	Keypress: num_2
438.5587 	DATA 	Keypress: num_5
438.6682 	DATA 	Keypress: num_0
439.5017 	DATA 	Mouse: Left button down, pos=(966,202)
439.5103 	EXP 	New trial (rep=4, index=2): {'delay': 0.7, 'freq': 400, 'condition': 'unexp'}
439.5239 	EXP 	text: autoDraw = False
439.5239 	EXP 	textbox: autoDraw = False
439.5239 	EXP 	fixation: autoDraw = True
439.7117 	DATA 	Mouse:  Left button up, pos=(966,202)
440.5231 	EXP 	polygon: autoDraw = True
440.5397 	EXP 	fixation: autoDraw = False
441.0435 	DATA 	Keypress: space
441.0560 	EXP 	fixation: autoDraw = False
441.0560 	EXP 	polygon: autoDraw = False
442.0570 	EXP 	text: autoDraw = True
442.0570 	EXP 	textbox: autoDraw = True
443.7043 	DATA 	Keypress: num_3
444.3034 	DATA 	Keypress: num_5
444.3961 	DATA 	Keypress: num_0
445.2528 	DATA 	Mouse: Left button down, pos=(966,202)
445.2548 	EXP 	New trial (rep=4, index=3): {'delay': 0.4, 'freq': 1000, 'condition': 'exp'}
445.2682 	EXP 	text: autoDraw = False
445.2682 	EXP 	textbox: autoDraw = False
445.2682 	EXP 	fixation: autoDraw = True
445.4878 	DATA 	Mouse:  Left button up, pos=(966,202)
446.2676 	EXP 	fixation: autoDraw = False
446.2676 	EXP 	polygon: autoDraw = True
446.7378 	DATA 	Keypress: space
446.7671 	EXP 	fixation: autoDraw = False
446.7671 	EXP 	polygon: autoDraw = False
447.4684 	EXP 	text: autoDraw = True
447.4684 	EXP 	textbox: autoDraw = True
449.5651 	DATA 	Keypress: num_1
449.8070 	DATA 	Keypress: num_2
449.9406 	DATA 	Keypress: num_0
451.7632 	DATA 	Mouse: Left button down, pos=(966,202)
451.7650 	EXP 	New trial (rep=4, index=4): {'delay': 0.7, 'freq': 1000, 'condition': 'exp'}
451.7792 	EXP 	text: autoDraw = False
451.7792 	EXP 	textbox: autoDraw = False
451.7792 	EXP 	fixation: autoDraw = True
451.9831 	DATA 	Mouse:  Left button up, pos=(966,202)
452.7782 	EXP 	polygon: autoDraw = True
452.7950 	EXP 	fixation: autoDraw = False
453.3980 	DATA 	Mouse: Left button down, pos=(966,202)
453.6142 	DATA 	Mouse:  Left button up, pos=(966,202)
453.8649 	DATA 	Keypress: space
453.8773 	EXP 	fixation: autoDraw = False
453.8773 	EXP 	polygon: autoDraw = False
454.8787 	EXP 	text: autoDraw = True
454.8787 	EXP 	textbox: autoDraw = True
456.6089 	DATA 	Keypress: num_1
457.2746 	DATA 	Keypress: num_0
457.4415 	DATA 	Keypress: num_0
458.0910 	DATA 	Mouse: Left button down, pos=(966,202)
458.0929 	EXP 	New trial (rep=4, index=5): {'delay': 0.1, 'freq': 1000, 'condition': 'exp'}
458.1068 	EXP 	text: autoDraw = False
458.1068 	EXP 	textbox: autoDraw = False
458.1068 	EXP 	fixation: autoDraw = True
458.3271 	DATA 	Mouse:  Left button up, pos=(966,202)
459.1059 	EXP 	polygon: autoDraw = True
459.1225 	EXP 	fixation: autoDraw = False
460.0929 	DATA 	Keypress: space
460.1049 	EXP 	fixation: autoDraw = False
460.1049 	EXP 	polygon: autoDraw = False
460.5063 	EXP 	text: autoDraw = True
460.5063 	EXP 	textbox: autoDraw = True
462.9967 	DATA 	Keypress: num_7
463.0936 	DATA 	Keypress: num_0
463.9272 	DATA 	Keypress: backspace
464.1183 	DATA 	Keypress: backspace
464.5938 	DATA 	Keypress: num_9
465.2942 	DATA 	Keypress: backspace
465.5593 	DATA 	Keypress: num_8
465.7940 	DATA 	Keypress: num_0
466.4583 	DATA 	Mouse: Left button down, pos=(966,202)
466.4678 	EXP 	New trial (rep=4, index=6): {'delay': 0.7, 'freq': 1000, 'condition': 'exp'}
466.4824 	EXP 	text: autoDraw = False
466.4824 	EXP 	textbox: autoDraw = False
466.4824 	EXP 	fixation: autoDraw = True
466.6863 	DATA 	Mouse:  Left button up, pos=(966,202)
467.4817 	EXP 	polygon: autoDraw = True
467.4981 	EXP 	fixation: autoDraw = False
468.0849 	DATA 	Keypress: space
468.0975 	EXP 	fixation: autoDraw = False
468.0975 	EXP 	polygon: autoDraw = False
469.0980 	EXP 	text: autoDraw = True
469.0980 	EXP 	textbox: autoDraw = True
470.1963 	DATA 	Keypress: num_3
470.4125 	DATA 	Keypress: num_5
470.5205 	DATA 	Keypress: num_0
472.0709 	DATA 	Mouse: Left button down, pos=(966,202)
472.0802 	EXP 	New trial (rep=4, index=7): {'delay': 0.4, 'freq': 1000, 'condition': 'exp'}
472.0938 	EXP 	text: autoDraw = False
472.0938 	EXP 	textbox: autoDraw = False
472.0938 	EXP 	fixation: autoDraw = True
472.2974 	DATA 	Mouse:  Left button up, pos=(966,202)
473.0930 	EXP 	polygon: autoDraw = True
473.1097 	EXP 	fixation: autoDraw = False
473.9293 	DATA 	Keypress: space
473.9423 	EXP 	fixation: autoDraw = False
473.9423 	EXP 	polygon: autoDraw = False
474.6416 	EXP 	text: autoDraw = True
474.6416 	EXP 	textbox: autoDraw = True
475.9165 	DATA 	Keypress: num_1
476.1158 	DATA 	Keypress: num_0
476.3163 	DATA 	Keypress: num_0
477.5728 	DATA 	Mouse: Left button down, pos=(966,202)
477.5751 	EXP 	New trial (rep=4, index=8): {'delay': 0.4, 'freq': 400, 'condition': 'unexp'}
477.5888 	EXP 	text: autoDraw = False
477.5888 	EXP 	textbox: autoDraw = False
477.5888 	EXP 	fixation: autoDraw = True
477.8094 	DATA 	Mouse:  Left button up, pos=(966,202)
478.5881 	EXP 	polygon: autoDraw = True
478.6046 	EXP 	fixation: autoDraw = False
479.2924 	DATA 	Keypress: space
479.3038 	EXP 	fixation: autoDraw = False
479.3038 	EXP 	polygon: autoDraw = False
480.0059 	EXP 	text: autoDraw = True
480.0059 	EXP 	textbox: autoDraw = True
483.0508 	DATA 	Keypress: num_3
485.0097 	DATA 	Keypress: num_2
485.1569 	DATA 	Keypress: num_0
486.7218 	DATA 	Mouse: Left button down, pos=(966,202)
486.7333 	EXP 	New trial (rep=4, index=9): {'delay': 0.4, 'freq': 1000, 'condition': 'exp'}
486.7471 	EXP 	text: autoDraw = False
486.7471 	EXP 	textbox: autoDraw = False
486.7471 	EXP 	fixation: autoDraw = True
486.9342 	DATA 	Mouse:  Left button up, pos=(966,202)
487.7462 	EXP 	polygon: autoDraw = True
487.7627 	EXP 	fixation: autoDraw = False
488.3163 	DATA 	Keypress: space
488.3287 	EXP 	fixation: autoDraw = False
488.3287 	EXP 	polygon: autoDraw = False
489.0298 	EXP 	text: autoDraw = True
489.0298 	EXP 	textbox: autoDraw = True
490.7772 	DATA 	Keypress: num_3
494.0820 	DATA 	Keypress: num_7
494.2485 	DATA 	Keypress: num_0
495.0404 	DATA 	Mouse: Left button down, pos=(966,202)
495.0429 	EXP 	New trial (rep=4, index=10): {'delay': 0.1, 'freq': 400, 'condition': 'unexp'}
495.0560 	EXP 	text: autoDraw = False
495.0560 	EXP 	textbox: autoDraw = False
495.0560 	EXP 	fixation: autoDraw = True
495.2760 	DATA 	Mouse:  Left button up, pos=(966,202)
496.0551 	EXP 	polygon: autoDraw = True
496.0718 	EXP 	fixation: autoDraw = False
496.6419 	DATA 	Keypress: space
496.6544 	EXP 	fixation: autoDraw = False
496.6544 	EXP 	polygon: autoDraw = False
497.0556 	EXP 	text: autoDraw = True
497.0556 	EXP 	textbox: autoDraw = True
502.0503 	DATA 	Keypress: num_3
505.4724 	DATA 	Keypress: num_4
505.7137 	DATA 	Keypress: num_0
506.4962 	DATA 	Mouse: Left button down, pos=(966,202)
506.4987 	EXP 	New trial (rep=4, index=11): {'delay': 0.1, 'freq': 1000, 'condition': 'exp'}
506.5120 	EXP 	text: autoDraw = False
506.5120 	EXP 	textbox: autoDraw = False
506.5120 	EXP 	fixation: autoDraw = True
506.7330 	DATA 	Mouse:  Left button up, pos=(966,202)
507.5112 	EXP 	fixation: autoDraw = False
507.5112 	EXP 	polygon: autoDraw = True
508.0149 	DATA 	Keypress: space
508.0271 	EXP 	fixation: autoDraw = False
508.0271 	EXP 	polygon: autoDraw = False
508.4276 	EXP 	text: autoDraw = True
508.4276 	EXP 	textbox: autoDraw = True
509.5532 	DATA 	Keypress: num_1
509.7599 	DATA 	Keypress: num_0
509.8851 	DATA 	Keypress: num_0
510.4691 	DATA 	Mouse: Left button down, pos=(966,202)
510.4916 	EXP 	text: autoDraw = False
510.4916 	EXP 	textbox: autoDraw = False
510.7955 	EXP 	window1: mouseVisible = True
