18.8534 	WARNING 	We strongly recommend you activate the PTB sound engine in PsychoPy prefs as the preferred audio engine. Its timing is vastly superior. Your prefs are currently set to use ['sounddevice', 'PTB', 'pyo', 'pygame'] (in that order).
236.4307 	WARNING 	User requested fullscreen with size [1024  768], but screen is actually [1920, 1080]. Using actual size
242.6351 	EXP 	Created window1 = Window(allowGUI=True, allowStencil=False, autoLog=True, backendConf=UNKNOWN, bitsMode=UNKNOWN, blendMode='avg', bpc=(8, 8, 8), color=array([0, 0, 0]), colorSpace='rgb', depthBits=8, fullscr=<method-wrapper '__getattribute__' of attributeSetter object at 0x000002A0B8BEFEE0>, gamma=None, gammaErrorPolicy='raise', lms=UNKNOWN, monitor=<psychopy.monitors.calibTools.Monitor object at 0x000002A0BD82AF40>, multiSample=False, name='window1', numSamples=2, pos=(0, 0), screen=0, size=array([1920, 1080]), stencilBits=0, stereo=False, units='height', useFBO=True, useRetina=False, viewOri=0.0, viewPos=None, viewScale=None, waitBlanking=True, winType='pyglet')
242.6353 	EXP 	window1: mouseVisible = True
242.6355 	EXP 	window1: mouseVisible = False
242.6355 	EXP 	window1: Attempting to measure frame rate of screen (0) ...
242.6356 	EXP 	window1: recordFrameIntervals = False
242.8008 	EXP 	window1: recordFrameIntervals = True
242.9840 	EXP 	Screen (0) actual frame rate measured at 60.02Hz
242.9841 	EXP 	window1: recordFrameIntervals = False
249.8229 	EXP 	Created fixation = ShapeStim(__class__=<class 'psychopy.visual.shape.ShapeStim'>, anchor=('center', 'center'), autoDraw=False, autoLog=True, closeShape=True, color=method-wrapper(...), colorSpace='rgb', contrast=None, depth=0.0, fillColor=array([1, 1, 1]), fillColorSpace='rgb', fillRGB=array([1, 1, 1]), interpolate=True, lineColor=array([1., 1., 1.]), lineColorSpace='rgb', lineRGB=array([1, 1, 1]), lineWidth=1.0, name='fixation', opacity=1.0, ori=0.0, pos=array([0., 0.]), size=array([0.2, 0.2]), units='height', vertices=ndarray(...), win=Window(...), windingRule=None)
249.8301 	EXP 	Created polygon = ShapeStim(__class__=<class 'psychopy.visual.shape.ShapeStim'>, anchor=('center', 'center'), autoDraw=False, autoLog=True, closeShape=True, color=method-wrapper(...), colorSpace='rgb', contrast=None, depth=-1.0, fillColor=array([-1.    ,  0.0039, -1.    ]), fillColorSpace='rgb', fillRGB=array([-1.    ,  0.0039, -1.    ]), interpolate=True, lineColor=array([-1.    ,  0.0039, -1.    ]), lineColorSpace='rgb', lineRGB=array([-1.    ,  0.0039, -1.    ]), lineWidth=1.0, name='polygon', opacity=1.0, ori=0.0, pos=array([0., 0.]), size=array([0.2, 0.2]), units='height', vertices=ndarray(...), win=Window(...), windingRule=None)
249.9275 	EXP 	Sound sound_1 set volume 1.000
251.0424 	EXP 	Created text = TextStim(__class__=<class 'psychopy.visual.text.TextStim'>, alignHoriz=method-wrapper(...), alignText='center', alignVert=method-wrapper(...), anchorHoriz='center', anchorVert='center', antialias=True, autoDraw=False, autoLog=True, bold=False, color=array([1., 1., 1.]), colorSpace='rgb', contrast=1.0, depth=0.0, flipHoriz=False, flipVert=False, font='Open Sans', fontFiles=[], height=0.05, italic=False, languageStyle='LTR', name='text', opacity=1.0, ori=0.0, pos=array([0. , 0.3]), rgb=UNKNOWN, text=str(...), units='height', win=Window(...), wrapWidth=1)
251.2420 	EXP 	window1: mouseVisible = True
251.2508 	EXP 	Imported C:/Users/Kinnari Kamani/Desktop/Monsoon 2022/PSY310 Lab in Psych/Tutorials_Exp/excel/ib conditions.xlsx as conditions, 12 conditions, 3 params
251.2975 	EXP 	Created sequence: random, trialTypes=12, nReps=5, seed=None
251.2983 	EXP 	New trial (rep=0, index=0): {'delay': 0.4, 'freq': 1000, 'condition': 'exp'}
251.3867 	EXP 	textbox: autoLog = True
251.3867 	EXP 	fixation: autoDraw = True
252.2419 	EXP 	polygon: autoDraw = True
252.3918 	EXP 	fixation: autoDraw = False
254.1639 	DATA 	Keypress: space
254.1967 	EXP 	fixation: autoDraw = False
254.1967 	EXP 	polygon: autoDraw = False
254.8797 	EXP 	text: autoDraw = True
254.8797 	EXP 	textbox: autoDraw = True
257.9703 	DATA 	Keypress: num_3
258.1699 	DATA 	Keypress: num_5
258.3256 	DATA 	Keypress: num_0
260.1264 	DATA 	Mouse: Left button down, pos=(996,188)
260.2028 	EXP 	New trial (rep=0, index=1): {'delay': 0.1, 'freq': 1000, 'condition': 'exp'}
260.2081 	EXP 	text: autoDraw = False
260.2081 	EXP 	textbox: autoDraw = False
260.2081 	EXP 	fixation: autoDraw = True
260.2383 	DATA 	Mouse:  Left button up, pos=(996,188)
261.2166 	EXP 	fixation: autoDraw = False
261.2166 	EXP 	polygon: autoDraw = True
262.9686 	DATA 	Keypress: space
262.9816 	EXP 	fixation: autoDraw = False
262.9816 	EXP 	polygon: autoDraw = False
263.3826 	EXP 	text: autoDraw = True
263.3826 	EXP 	textbox: autoDraw = True
265.5879 	DATA 	Keypress: num_3
265.8034 	DATA 	Keypress: num_5
265.8876 	DATA 	Keypress: num_0
267.7946 	DATA 	Mouse: Left button down, pos=(942,216)
267.7964 	EXP 	New trial (rep=0, index=2): {'delay': 0.4, 'freq': 400, 'condition': 'unexp'}
267.8106 	EXP 	text: autoDraw = False
267.8106 	EXP 	textbox: autoDraw = False
267.8106 	EXP 	fixation: autoDraw = True
268.0150 	DATA 	Mouse:  Left button up, pos=(942,216)
268.8094 	EXP 	polygon: autoDraw = True
268.8261 	EXP 	fixation: autoDraw = False
270.9783 	DATA 	Keypress: space
270.9908 	EXP 	fixation: autoDraw = False
270.9908 	EXP 	polygon: autoDraw = False
271.6966 	EXP 	text: autoDraw = True
271.6966 	EXP 	textbox: autoDraw = True
276.0274 	DATA 	Keypress: num_2
281.1828 	DATA 	Keypress: backspace
281.7977 	DATA 	Keypress: num_3
281.9904 	DATA 	Keypress: num_0
282.1312 	DATA 	Keypress: num_0
283.5468 	DATA 	Mouse: Left button down, pos=(969,190)
283.5501 	EXP 	New trial (rep=0, index=3): {'delay': 0.4, 'freq': 1000, 'condition': 'exp'}
283.5624 	EXP 	text: autoDraw = False
283.5624 	EXP 	textbox: autoDraw = False
283.5624 	EXP 	fixation: autoDraw = True
283.7825 	DATA 	Mouse:  Left button up, pos=(969,190)
284.5617 	EXP 	fixation: autoDraw = False
284.5617 	EXP 	polygon: autoDraw = True
285.8145 	DATA 	Keypress: space
285.8273 	EXP 	fixation: autoDraw = False
285.8273 	EXP 	polygon: autoDraw = False
286.5288 	EXP 	text: autoDraw = True
286.5288 	EXP 	textbox: autoDraw = True
289.7679 	DATA 	Keypress: num_2
289.9695 	DATA 	Keypress: num_0
290.4234 	DATA 	Keypress: num_0
291.1726 	DATA 	Mouse: Left button down, pos=(969,190)
291.1745 	EXP 	New trial (rep=0, index=4): {'delay': 0.1, 'freq': 400, 'condition': 'unexp'}
291.1886 	EXP 	text: autoDraw = False
291.1886 	EXP 	textbox: autoDraw = False
291.1886 	EXP 	fixation: autoDraw = True
291.3083 	DATA 	Mouse:  Left button up, pos=(969,190)
292.1879 	EXP 	fixation: autoDraw = False
292.1879 	EXP 	polygon: autoDraw = True
293.0921 	DATA 	Keypress: space
293.1034 	EXP 	fixation: autoDraw = False
293.1034 	EXP 	polygon: autoDraw = False
293.5034 	EXP 	text: autoDraw = True
293.5034 	EXP 	textbox: autoDraw = True
297.6995 	DATA 	Keypress: num_4
297.8251 	DATA 	Keypress: num_0
298.0424 	DATA 	Keypress: num_0
298.7655 	DATA 	Mouse: Left button down, pos=(969,190)
298.7679 	EXP 	New trial (rep=0, index=5): {'delay': 0.7, 'freq': 1000, 'condition': 'exp'}
298.7817 	EXP 	text: autoDraw = False
298.7817 	EXP 	textbox: autoDraw = False
298.7817 	EXP 	fixation: autoDraw = True
298.8858 	DATA 	Mouse:  Left button up, pos=(969,190)
299.7809 	EXP 	fixation: autoDraw = False
299.7809 	EXP 	polygon: autoDraw = True
300.9505 	DATA 	Keypress: space
300.9631 	EXP 	fixation: autoDraw = False
300.9631 	EXP 	polygon: autoDraw = False
301.9626 	EXP 	text: autoDraw = True
301.9626 	EXP 	textbox: autoDraw = True
303.6537 	DATA 	Keypress: num_3
303.9033 	DATA 	Keypress: num_5
304.1439 	DATA 	Keypress: num_0
305.3265 	DATA 	Mouse: Left button down, pos=(969,190)
305.3280 	EXP 	New trial (rep=0, index=6): {'delay': 0.7, 'freq': 1000, 'condition': 'exp'}
305.3423 	EXP 	text: autoDraw = False
305.3423 	EXP 	textbox: autoDraw = False
305.3423 	EXP 	fixation: autoDraw = True
305.4487 	DATA 	Mouse:  Left button up, pos=(969,190)
306.3415 	EXP 	fixation: autoDraw = False
306.3415 	EXP 	polygon: autoDraw = True
308.9261 	DATA 	Keypress: space
308.9393 	EXP 	fixation: autoDraw = False
308.9393 	EXP 	polygon: autoDraw = False
309.9408 	EXP 	text: autoDraw = True
309.9408 	EXP 	textbox: autoDraw = True
312.0369 	DATA 	Keypress: num_3
312.1816 	DATA 	Keypress: num_0
312.3779 	DATA 	Keypress: num_0
313.1021 	DATA 	Mouse: Left button down, pos=(969,190)
313.1037 	EXP 	New trial (rep=0, index=7): {'delay': 0.7, 'freq': 400, 'condition': 'unexp'}
313.1183 	EXP 	text: autoDraw = False
313.1183 	EXP 	textbox: autoDraw = False
313.1183 	EXP 	fixation: autoDraw = True
313.2229 	DATA 	Mouse:  Left button up, pos=(969,190)
314.1176 	EXP 	fixation: autoDraw = False
314.1176 	EXP 	polygon: autoDraw = True
314.6556 	DATA 	Keypress: space
314.6669 	EXP 	fixation: autoDraw = False
314.6669 	EXP 	polygon: autoDraw = False
315.6684 	EXP 	text: autoDraw = True
315.6684 	EXP 	textbox: autoDraw = True
317.1982 	DATA 	Keypress: num_5
317.3735 	DATA 	Keypress: num_0
317.5650 	DATA 	Keypress: num_0
318.3060 	DATA 	Mouse: Left button down, pos=(969,190)
318.3157 	EXP 	New trial (rep=0, index=8): {'delay': 0.1, 'freq': 1000, 'condition': 'exp'}
318.3303 	EXP 	text: autoDraw = False
318.3303 	EXP 	textbox: autoDraw = False
318.3303 	EXP 	fixation: autoDraw = True
318.4194 	DATA 	Mouse:  Left button up, pos=(969,190)
319.3296 	EXP 	fixation: autoDraw = False
319.3296 	EXP 	polygon: autoDraw = True
320.5678 	DATA 	Keypress: space
320.5782 	EXP 	fixation: autoDraw = False
320.5782 	EXP 	polygon: autoDraw = False
320.9790 	EXP 	text: autoDraw = True
320.9790 	EXP 	textbox: autoDraw = True
322.9932 	DATA 	Keypress: num_2
323.3929 	DATA 	Keypress: num_0
323.5760 	DATA 	Keypress: num_0
324.4423 	DATA 	Mouse: Left button down, pos=(969,190)
324.4443 	EXP 	New trial (rep=0, index=9): {'delay': 0.1, 'freq': 1000, 'condition': 'exp'}
324.4579 	EXP 	text: autoDraw = False
324.4579 	EXP 	textbox: autoDraw = False
324.4579 	EXP 	fixation: autoDraw = True
324.5791 	DATA 	Mouse:  Left button up, pos=(969,190)
325.4573 	EXP 	polygon: autoDraw = True
325.4737 	EXP 	fixation: autoDraw = False
326.9939 	DATA 	Keypress: space
327.0056 	EXP 	fixation: autoDraw = False
327.0056 	EXP 	polygon: autoDraw = False
327.4090 	EXP 	text: autoDraw = True
327.4090 	EXP 	textbox: autoDraw = True
329.1538 	DATA 	Keypress: num_2
329.6372 	DATA 	Keypress: num_0
329.8041 	DATA 	Keypress: num_0
330.5122 	DATA 	Mouse: Left button down, pos=(969,190)
330.5215 	EXP 	New trial (rep=0, index=10): {'delay': 0.7, 'freq': 1000, 'condition': 'exp'}
330.5357 	EXP 	text: autoDraw = False
330.5357 	EXP 	textbox: autoDraw = False
330.5357 	EXP 	fixation: autoDraw = True
330.6395 	DATA 	Mouse:  Left button up, pos=(969,190)
331.5351 	EXP 	fixation: autoDraw = False
331.5351 	EXP 	polygon: autoDraw = True
332.3723 	DATA 	Keypress: space
332.4005 	EXP 	fixation: autoDraw = False
332.4005 	EXP 	polygon: autoDraw = False
333.4020 	EXP 	text: autoDraw = True
333.4020 	EXP 	textbox: autoDraw = True
337.7904 	DATA 	Keypress: num_2
339.3183 	DATA 	Keypress: num_0
339.5115 	DATA 	Keypress: num_0
340.4441 	DATA 	Mouse: Left button down, pos=(969,190)
340.4464 	EXP 	New trial (rep=0, index=11): {'delay': 0.4, 'freq': 1000, 'condition': 'exp'}
340.4599 	EXP 	text: autoDraw = False
340.4599 	EXP 	textbox: autoDraw = False
340.4599 	EXP 	fixation: autoDraw = True
340.6809 	DATA 	Mouse:  Left button up, pos=(969,190)
341.4587 	EXP 	fixation: autoDraw = False
341.4587 	EXP 	polygon: autoDraw = True
343.0279 	DATA 	Keypress: space
343.0405 	EXP 	fixation: autoDraw = False
343.0405 	EXP 	polygon: autoDraw = False
343.7399 	EXP 	text: autoDraw = True
343.7399 	EXP 	textbox: autoDraw = True
344.9728 	DATA 	Keypress: num_2
345.1727 	DATA 	Keypress: num_0
345.3144 	DATA 	Keypress: num_0
345.8492 	DATA 	Mouse: Left button down, pos=(969,190)
345.8576 	EXP 	New trial (rep=1, index=0): {'delay': 0.4, 'freq': 400, 'condition': 'unexp'}
345.8714 	EXP 	text: autoDraw = False
345.8714 	EXP 	textbox: autoDraw = False
345.8714 	EXP 	fixation: autoDraw = True
346.0753 	DATA 	Mouse:  Left button up, pos=(969,190)
346.8704 	EXP 	fixation: autoDraw = False
346.8704 	EXP 	polygon: autoDraw = True
349.1568 	DATA 	Keypress: space
349.1682 	EXP 	fixation: autoDraw = False
349.1682 	EXP 	polygon: autoDraw = False
349.8678 	EXP 	text: autoDraw = True
349.8678 	EXP 	textbox: autoDraw = True
359.6423 	DATA 	Keypress: num_5
359.7478 	DATA 	Keypress: num_0
360.1757 	DATA 	Keypress: num_0
360.9580 	DATA 	Mouse: Left button down, pos=(969,190)
360.9599 	EXP 	New trial (rep=1, index=1): {'delay': 0.4, 'freq': 1000, 'condition': 'exp'}
360.9739 	EXP 	text: autoDraw = False
360.9739 	EXP 	textbox: autoDraw = False
360.9739 	EXP 	fixation: autoDraw = True
361.0781 	DATA 	Mouse:  Left button up, pos=(969,190)
361.9730 	EXP 	fixation: autoDraw = False
361.9730 	EXP 	polygon: autoDraw = True
365.2744 	DATA 	Keypress: space
365.2867 	EXP 	fixation: autoDraw = False
365.2867 	EXP 	polygon: autoDraw = False
365.9863 	EXP 	text: autoDraw = True
365.9863 	EXP 	textbox: autoDraw = True
367.9790 	DATA 	Keypress: num_4
368.1264 	DATA 	Keypress: num_0
368.6070 	DATA 	Keypress: num_0
369.3507 	DATA 	Mouse: Left button down, pos=(969,190)
369.3526 	EXP 	New trial (rep=1, index=2): {'delay': 0.7, 'freq': 400, 'condition': 'unexp'}
369.3664 	EXP 	text: autoDraw = False
369.3664 	EXP 	textbox: autoDraw = False
369.3664 	EXP 	fixation: autoDraw = True
369.4872 	DATA 	Mouse:  Left button up, pos=(969,190)
370.3653 	EXP 	polygon: autoDraw = True
370.3817 	EXP 	fixation: autoDraw = False
373.2342 	DATA 	Keypress: space
373.2459 	EXP 	fixation: autoDraw = False
373.2459 	EXP 	polygon: autoDraw = False
374.2462 	EXP 	text: autoDraw = True
374.2462 	EXP 	textbox: autoDraw = True
376.4934 	DATA 	Keypress: num_5
376.6500 	DATA 	Keypress: num_0
376.8015 	DATA 	Keypress: num_0
377.7753 	DATA 	Mouse: Left button down, pos=(969,190)
377.7766 	EXP 	New trial (rep=1, index=3): {'delay': 0.1, 'freq': 1000, 'condition': 'exp'}
377.7917 	EXP 	text: autoDraw = False
377.7917 	EXP 	textbox: autoDraw = False
377.7917 	EXP 	fixation: autoDraw = True
377.9140 	DATA 	Mouse:  Left button up, pos=(969,190)
378.7906 	EXP 	polygon: autoDraw = True
378.8074 	EXP 	fixation: autoDraw = False
381.3253 	DATA 	Keypress: space
381.3384 	EXP 	fixation: autoDraw = False
381.3384 	EXP 	polygon: autoDraw = False
381.7379 	EXP 	text: autoDraw = True
381.7379 	EXP 	textbox: autoDraw = True
383.2539 	DATA 	Keypress: num_2
383.4622 	DATA 	Keypress: num_0
383.6042 	DATA 	Keypress: num_0
384.4696 	DATA 	Mouse: Left button down, pos=(969,190)
384.4727 	EXP 	New trial (rep=1, index=4): {'delay': 0.7, 'freq': 1000, 'condition': 'exp'}
384.4854 	EXP 	text: autoDraw = False
384.4854 	EXP 	textbox: autoDraw = False
384.4854 	EXP 	fixation: autoDraw = True
384.6890 	DATA 	Mouse:  Left button up, pos=(969,190)
385.4846 	EXP 	fixation: autoDraw = False
385.4846 	EXP 	polygon: autoDraw = True
388.0863 	DATA 	Keypress: space
388.1155 	EXP 	fixation: autoDraw = False
388.1155 	EXP 	polygon: autoDraw = False
389.1161 	EXP 	text: autoDraw = True
389.1161 	EXP 	textbox: autoDraw = True
390.7897 	DATA 	Keypress: num_4
391.0799 	DATA 	Keypress: num_0
391.2547 	DATA 	Keypress: num_0
393.1622 	DATA 	Mouse: Left button down, pos=(969,190)
393.1640 	EXP 	New trial (rep=1, index=5): {'delay': 0.7, 'freq': 1000, 'condition': 'exp'}
393.1775 	EXP 	text: autoDraw = False
393.1775 	EXP 	textbox: autoDraw = False
393.1775 	EXP 	fixation: autoDraw = True
393.3816 	DATA 	Mouse:  Left button up, pos=(969,190)
394.1766 	EXP 	fixation: autoDraw = False
394.1766 	EXP 	polygon: autoDraw = True
396.8280 	DATA 	Keypress: space
396.8407 	EXP 	fixation: autoDraw = False
396.8407 	EXP 	polygon: autoDraw = False
397.8398 	EXP 	text: autoDraw = True
397.8398 	EXP 	textbox: autoDraw = True
400.2799 	DATA 	Keypress: num_3
400.5156 	DATA 	Keypress: num_5
400.6880 	DATA 	Keypress: num_0
401.9789 	DATA 	Mouse: Left button down, pos=(969,190)
401.9877 	EXP 	New trial (rep=1, index=6): {'delay': 0.7, 'freq': 1000, 'condition': 'exp'}
402.0027 	EXP 	text: autoDraw = False
402.0027 	EXP 	textbox: autoDraw = False
402.0027 	EXP 	fixation: autoDraw = True
402.2093 	DATA 	Mouse:  Left button up, pos=(969,190)
403.0024 	EXP 	fixation: autoDraw = False
403.0024 	EXP 	polygon: autoDraw = True
406.9198 	DATA 	Keypress: space
406.9315 	EXP 	fixation: autoDraw = False
406.9315 	EXP 	polygon: autoDraw = False
407.9334 	EXP 	text: autoDraw = True
407.9334 	EXP 	textbox: autoDraw = True
412.6675 	DATA 	Keypress: num_4
412.8511 	DATA 	Keypress: num_0
413.0596 	DATA 	Keypress: num_0
414.0584 	DATA 	Mouse: Left button down, pos=(969,190)
414.0600 	EXP 	New trial (rep=1, index=7): {'delay': 0.1, 'freq': 1000, 'condition': 'exp'}
414.0744 	EXP 	text: autoDraw = False
414.0744 	EXP 	textbox: autoDraw = False
414.0744 	EXP 	fixation: autoDraw = True
414.2797 	DATA 	Mouse:  Left button up, pos=(969,190)
415.0737 	EXP 	fixation: autoDraw = False
415.0737 	EXP 	polygon: autoDraw = True
419.1582 	DATA 	Keypress: space
419.1698 	EXP 	fixation: autoDraw = False
419.1698 	EXP 	polygon: autoDraw = False
419.5732 	EXP 	text: autoDraw = True
419.5732 	EXP 	textbox: autoDraw = True
421.6680 	DATA 	Keypress: num_3
424.1382 	DATA 	Keypress: num_0
424.3055 	DATA 	Keypress: num_0
425.0237 	DATA 	Mouse: Left button down, pos=(969,190)
425.0329 	EXP 	New trial (rep=1, index=8): {'delay': 0.1, 'freq': 400, 'condition': 'unexp'}
425.0477 	EXP 	text: autoDraw = False
425.0477 	EXP 	textbox: autoDraw = False
425.0477 	EXP 	fixation: autoDraw = True
425.2673 	DATA 	Mouse:  Left button up, pos=(969,190)
426.0470 	EXP 	fixation: autoDraw = False
426.0470 	EXP 	polygon: autoDraw = True
429.9474 	DATA 	Keypress: space
429.9767 	EXP 	fixation: autoDraw = False
429.9767 	EXP 	polygon: autoDraw = False
430.3774 	EXP 	text: autoDraw = True
430.3774 	EXP 	textbox: autoDraw = True
432.4580 	DATA 	Keypress: num_4
432.6080 	DATA 	Keypress: num_5
432.7412 	DATA 	Keypress: num_0
433.4570 	DATA 	Mouse: Left button down, pos=(969,190)
433.4585 	EXP 	New trial (rep=1, index=9): {'delay': 0.1, 'freq': 1000, 'condition': 'exp'}
433.4736 	EXP 	text: autoDraw = False
433.4736 	EXP 	textbox: autoDraw = False
433.4736 	EXP 	fixation: autoDraw = True
433.6938 	DATA 	Mouse:  Left button up, pos=(969,190)
434.4723 	EXP 	polygon: autoDraw = True
434.4888 	EXP 	fixation: autoDraw = False
438.5891 	DATA 	Keypress: space
438.6021 	EXP 	fixation: autoDraw = False
438.6021 	EXP 	polygon: autoDraw = False
439.0020 	EXP 	text: autoDraw = True
439.0020 	EXP 	textbox: autoDraw = True
440.5177 	DATA 	Keypress: num_2
440.6767 	DATA 	Keypress: num_0
440.8502 	DATA 	Keypress: num_0
441.4677 	DATA 	Mouse: Left button down, pos=(969,190)
441.4698 	EXP 	New trial (rep=1, index=10): {'delay': 0.4, 'freq': 1000, 'condition': 'exp'}
441.4825 	EXP 	text: autoDraw = False
441.4825 	EXP 	textbox: autoDraw = False
441.4825 	EXP 	fixation: autoDraw = True
441.6863 	DATA 	Mouse:  Left button up, pos=(969,190)
442.4819 	EXP 	fixation: autoDraw = False
442.4819 	EXP 	polygon: autoDraw = True
445.7478 	DATA 	Keypress: space
445.7615 	EXP 	fixation: autoDraw = False
445.7615 	EXP 	polygon: autoDraw = False
446.4631 	EXP 	text: autoDraw = True
446.4631 	EXP 	textbox: autoDraw = True
447.7271 	DATA 	Keypress: num_4
447.8023 	DATA 	Keypress: num_5
447.9195 	DATA 	Keypress: num_0
449.3758 	DATA 	Keypress: backspace
449.5257 	DATA 	Keypress: backspace
449.9252 	DATA 	Keypress: num_0
450.1085 	DATA 	Keypress: num_0
450.7375 	DATA 	Mouse: Left button down, pos=(969,190)
450.7439 	EXP 	New trial (rep=1, index=11): {'delay': 0.4, 'freq': 1000, 'condition': 'exp'}
450.7572 	EXP 	text: autoDraw = False
450.7572 	EXP 	textbox: autoDraw = False
450.7572 	EXP 	fixation: autoDraw = True
450.8279 	DATA 	Mouse:  Left button up, pos=(969,190)
451.7562 	EXP 	fixation: autoDraw = False
451.7562 	EXP 	polygon: autoDraw = True
455.1409 	DATA 	Keypress: space
455.1532 	EXP 	fixation: autoDraw = False
455.1532 	EXP 	polygon: autoDraw = False
455.8528 	EXP 	text: autoDraw = True
455.8528 	EXP 	textbox: autoDraw = True
459.8658 	DATA 	Keypress: num_3
460.3326 	DATA 	Keypress: num_5
460.5400 	DATA 	Keypress: num_0
461.2981 	DATA 	Mouse: Left button down, pos=(969,190)
461.2999 	EXP 	New trial (rep=2, index=0): {'delay': 0.7, 'freq': 1000, 'condition': 'exp'}
461.3144 	EXP 	text: autoDraw = False
461.3144 	EXP 	textbox: autoDraw = False
461.3144 	EXP 	fixation: autoDraw = True
461.4182 	DATA 	Mouse:  Left button up, pos=(969,190)
462.3133 	EXP 	fixation: autoDraw = False
462.3133 	EXP 	polygon: autoDraw = True
465.5657 	DATA 	Keypress: space
465.5937 	EXP 	fixation: autoDraw = False
465.5937 	EXP 	polygon: autoDraw = False
466.5945 	EXP 	text: autoDraw = True
466.5945 	EXP 	textbox: autoDraw = True
471.3229 	DATA 	Keypress: num_4
471.5907 	DATA 	Keypress: num_0
471.7772 	DATA 	Keypress: num_0
473.1124 	DATA 	Mouse: Left button down, pos=(969,190)
473.1221 	EXP 	New trial (rep=2, index=1): {'delay': 0.1, 'freq': 400, 'condition': 'unexp'}
473.1369 	EXP 	text: autoDraw = False
473.1369 	EXP 	textbox: autoDraw = False
473.1369 	EXP 	fixation: autoDraw = True
473.3406 	DATA 	Mouse:  Left button up, pos=(969,190)
474.1357 	EXP 	fixation: autoDraw = False
474.1357 	EXP 	polygon: autoDraw = True
476.9372 	DATA 	Keypress: space
476.9664 	EXP 	fixation: autoDraw = False
476.9664 	EXP 	polygon: autoDraw = False
477.3685 	EXP 	text: autoDraw = True
477.3685 	EXP 	textbox: autoDraw = True
481.9621 	DATA 	Keypress: num_6
482.1954 	DATA 	Keypress: num_0
482.3710 	DATA 	Keypress: num_0
483.0286 	DATA 	Mouse: Left button down, pos=(969,190)
483.0303 	EXP 	New trial (rep=2, index=2): {'delay': 0.4, 'freq': 400, 'condition': 'unexp'}
483.0441 	EXP 	text: autoDraw = False
483.0441 	EXP 	textbox: autoDraw = False
483.0441 	EXP 	fixation: autoDraw = True
483.2649 	DATA 	Mouse:  Left button up, pos=(969,190)
484.0433 	EXP 	fixation: autoDraw = False
484.0433 	EXP 	polygon: autoDraw = True
486.3629 	DATA 	Keypress: space
486.3743 	EXP 	fixation: autoDraw = False
486.3743 	EXP 	polygon: autoDraw = False
487.0770 	EXP 	text: autoDraw = True
487.0770 	EXP 	textbox: autoDraw = True
489.1055 	DATA 	Keypress: num_2
490.3542 	DATA 	Keypress: backspace
491.0370 	DATA 	Keypress: num_2
491.2630 	DATA 	Keypress: num_0
491.4365 	DATA 	Keypress: num_0
491.9442 	DATA 	Mouse: Left button down, pos=(969,190)
491.9546 	EXP 	New trial (rep=2, index=3): {'delay': 0.4, 'freq': 1000, 'condition': 'exp'}
491.9693 	EXP 	text: autoDraw = False
491.9693 	EXP 	textbox: autoDraw = False
491.9693 	EXP 	fixation: autoDraw = True
492.1737 	DATA 	Mouse:  Left button up, pos=(969,190)
492.9683 	EXP 	fixation: autoDraw = False
492.9683 	EXP 	polygon: autoDraw = True
493.9377 	DATA 	Keypress: space
493.9506 	EXP 	fixation: autoDraw = False
493.9506 	EXP 	polygon: autoDraw = False
494.6502 	EXP 	text: autoDraw = True
494.6502 	EXP 	textbox: autoDraw = True
495.1601 	DATA 	Keypress: num_1
495.5166 	DATA 	Keypress: num_0
495.6832 	DATA 	Keypress: num_0
496.3156 	DATA 	Mouse: Left button down, pos=(969,190)
496.3176 	EXP 	New trial (rep=2, index=4): {'delay': 0.4, 'freq': 1000, 'condition': 'exp'}
496.3317 	EXP 	text: autoDraw = False
496.3317 	EXP 	textbox: autoDraw = False
496.3317 	EXP 	fixation: autoDraw = True
496.5538 	DATA 	Mouse:  Left button up, pos=(969,190)
497.3309 	EXP 	fixation: autoDraw = False
497.3309 	EXP 	polygon: autoDraw = True
498.4842 	DATA 	Keypress: space
498.5129 	EXP 	fixation: autoDraw = False
498.5129 	EXP 	polygon: autoDraw = False
499.2186 	EXP 	text: autoDraw = True
499.2186 	EXP 	textbox: autoDraw = True
499.5238 	DATA 	Keypress: num_1
499.7953 	DATA 	Keypress: num_0
499.9563 	DATA 	Keypress: num_0
501.3442 	DATA 	Mouse: Left button down, pos=(969,190)
501.3462 	EXP 	New trial (rep=2, index=5): {'delay': 0.7, 'freq': 1000, 'condition': 'exp'}
501.3604 	EXP 	text: autoDraw = False
501.3604 	EXP 	textbox: autoDraw = False
501.3604 	EXP 	fixation: autoDraw = True
501.5473 	DATA 	Mouse:  Left button up, pos=(969,190)
502.3595 	EXP 	fixation: autoDraw = False
502.3595 	EXP 	polygon: autoDraw = True
503.7621 	DATA 	Keypress: num_1
504.2620 	DATA 	Keypress: space
504.2739 	EXP 	fixation: autoDraw = False
504.2739 	EXP 	polygon: autoDraw = False
505.2755 	EXP 	text: autoDraw = True
505.2755 	EXP 	textbox: autoDraw = True
505.7730 	DATA 	Keypress: num_1
505.8665 	DATA 	Keypress: num_5
506.1066 	DATA 	Keypress: num_0
507.6971 	DATA 	Keypress: backspace
507.8658 	DATA 	Keypress: backspace
508.0956 	DATA 	Keypress: backspace
508.6376 	DATA 	Keypress: num_2
508.8371 	DATA 	Keypress: num_0
508.9875 	DATA 	Keypress: num_0
509.6865 	DATA 	Mouse: Left button down, pos=(969,190)
509.6881 	EXP 	New trial (rep=2, index=6): {'delay': 0.1, 'freq': 1000, 'condition': 'exp'}
509.7025 	EXP 	text: autoDraw = False
509.7025 	EXP 	textbox: autoDraw = False
509.7025 	EXP 	fixation: autoDraw = True
509.9063 	DATA 	Mouse:  Left button up, pos=(969,190)
510.7019 	EXP 	fixation: autoDraw = False
510.7019 	EXP 	polygon: autoDraw = True
512.5217 	DATA 	Keypress: space
512.5500 	EXP 	fixation: autoDraw = False
512.5500 	EXP 	polygon: autoDraw = False
512.9500 	EXP 	text: autoDraw = True
512.9500 	EXP 	textbox: autoDraw = True
513.6328 	DATA 	Keypress: num_3
513.8833 	DATA 	Keypress: num_5
514.0160 	DATA 	Keypress: num_0
514.8029 	DATA 	Mouse: Left button down, pos=(969,190)
514.8163 	EXP 	New trial (rep=2, index=7): {'delay': 0.7, 'freq': 1000, 'condition': 'exp'}
514.8313 	EXP 	text: autoDraw = False
514.8313 	EXP 	textbox: autoDraw = False
514.8313 	EXP 	fixation: autoDraw = True
515.0357 	DATA 	Mouse:  Left button up, pos=(969,190)
515.8305 	EXP 	polygon: autoDraw = True
515.8475 	EXP 	fixation: autoDraw = False
517.8833 	DATA 	Keypress: space
517.8950 	EXP 	fixation: autoDraw = False
517.8950 	EXP 	polygon: autoDraw = False
518.8952 	EXP 	text: autoDraw = True
518.8952 	EXP 	textbox: autoDraw = True
519.4273 	DATA 	Keypress: num_2
519.6438 	DATA 	Keypress: num_5
519.8104 	DATA 	Keypress: num_0
520.8762 	DATA 	Keypress: backspace
521.0506 	DATA 	Keypress: backspace
521.2257 	DATA 	Keypress: backspace
521.9019 	DATA 	Keypress: num_4
522.1415 	DATA 	Keypress: num_0
522.2648 	DATA 	Keypress: num_0
522.9019 	DATA 	Mouse: Left button down, pos=(969,190)
522.9101 	EXP 	New trial (rep=2, index=8): {'delay': 0.7, 'freq': 400, 'condition': 'unexp'}
522.9237 	EXP 	text: autoDraw = False
522.9237 	EXP 	textbox: autoDraw = False
522.9237 	EXP 	fixation: autoDraw = True
523.0275 	DATA 	Mouse:  Left button up, pos=(969,190)
523.9230 	EXP 	fixation: autoDraw = False
523.9230 	EXP 	polygon: autoDraw = True
525.9429 	DATA 	Keypress: space
525.9545 	EXP 	fixation: autoDraw = False
525.9545 	EXP 	polygon: autoDraw = False
526.9559 	EXP 	text: autoDraw = True
526.9559 	EXP 	textbox: autoDraw = True
528.2860 	DATA 	Keypress: num_5
528.3583 	DATA 	Keypress: num_0
528.6356 	DATA 	Keypress: num_0
529.3761 	DATA 	Mouse: Left button down, pos=(969,190)
529.3862 	EXP 	New trial (rep=2, index=9): {'delay': 0.4, 'freq': 1000, 'condition': 'exp'}
529.4010 	EXP 	text: autoDraw = False
529.4010 	EXP 	textbox: autoDraw = False
529.4010 	EXP 	fixation: autoDraw = True
529.5052 	DATA 	Mouse:  Left button up, pos=(969,190)
530.4006 	EXP 	fixation: autoDraw = False
530.4006 	EXP 	polygon: autoDraw = True
532.6185 	DATA 	Keypress: space
532.6313 	EXP 	fixation: autoDraw = False
532.6313 	EXP 	polygon: autoDraw = False
533.3316 	EXP 	text: autoDraw = True
533.3316 	EXP 	textbox: autoDraw = True
535.5544 	DATA 	Keypress: num_4
535.7290 	DATA 	Keypress: num_0
535.9455 	DATA 	Keypress: num_0
536.6845 	DATA 	Mouse: Left button down, pos=(969,190)
536.6955 	EXP 	New trial (rep=2, index=10): {'delay': 0.1, 'freq': 1000, 'condition': 'exp'}
536.7107 	EXP 	text: autoDraw = False
536.7107 	EXP 	textbox: autoDraw = False
536.7107 	EXP 	fixation: autoDraw = True
536.8123 	DATA 	Mouse:  Left button up, pos=(969,190)
537.7101 	EXP 	fixation: autoDraw = False
537.7101 	EXP 	polygon: autoDraw = True
539.4960 	DATA 	Keypress: space
539.5083 	EXP 	fixation: autoDraw = False
539.5083 	EXP 	polygon: autoDraw = False
539.9079 	EXP 	text: autoDraw = True
539.9079 	EXP 	textbox: autoDraw = True
540.7995 	DATA 	Keypress: num_1
541.1072 	DATA 	Keypress: num_5
541.2155 	DATA 	Keypress: num_0
542.0565 	DATA 	Mouse: Left button down, pos=(969,190)
542.0586 	EXP 	New trial (rep=2, index=11): {'delay': 0.1, 'freq': 1000, 'condition': 'exp'}
542.0727 	EXP 	text: autoDraw = False
542.0727 	EXP 	textbox: autoDraw = False
542.0727 	EXP 	fixation: autoDraw = True
542.1601 	DATA 	Mouse:  Left button up, pos=(969,190)
543.0720 	EXP 	fixation: autoDraw = False
543.0720 	EXP 	polygon: autoDraw = True
543.4091 	DATA 	Keypress: space
543.4212 	EXP 	fixation: autoDraw = False
543.4212 	EXP 	polygon: autoDraw = False
543.8207 	EXP 	text: autoDraw = True
543.8207 	EXP 	textbox: autoDraw = True
544.4875 	DATA 	Keypress: num_1
544.6870 	DATA 	Keypress: num_0
544.8202 	DATA 	Keypress: num_0
545.3534 	DATA 	Mouse: Left button down, pos=(969,190)
545.3555 	EXP 	New trial (rep=3, index=0): {'delay': 0.1, 'freq': 1000, 'condition': 'exp'}
545.3693 	EXP 	text: autoDraw = False
545.3693 	EXP 	textbox: autoDraw = False
545.3693 	EXP 	fixation: autoDraw = True
545.4738 	DATA 	Mouse:  Left button up, pos=(969,190)
546.3687 	EXP 	fixation: autoDraw = False
546.3687 	EXP 	polygon: autoDraw = True
547.2058 	DATA 	Keypress: space
547.2178 	EXP 	fixation: autoDraw = False
547.2178 	EXP 	polygon: autoDraw = False
547.6200 	EXP 	text: autoDraw = True
547.6200 	EXP 	textbox: autoDraw = True
549.4659 	DATA 	Keypress: num_7
549.7330 	DATA 	Keypress: num_0
550.3986 	DATA 	Mouse: Left button down, pos=(969,190)
550.4003 	EXP 	New trial (rep=3, index=1): {'delay': 0.4, 'freq': 1000, 'condition': 'exp'}
550.4147 	EXP 	text: autoDraw = False
550.4147 	EXP 	textbox: autoDraw = False
550.4147 	EXP 	fixation: autoDraw = True
550.5187 	DATA 	Mouse:  Left button up, pos=(969,190)
551.4140 	EXP 	fixation: autoDraw = False
551.4140 	EXP 	polygon: autoDraw = True
551.8831 	DATA 	Keypress: space
551.8968 	EXP 	fixation: autoDraw = False
551.8968 	EXP 	polygon: autoDraw = False
552.5967 	EXP 	text: autoDraw = True
552.5967 	EXP 	textbox: autoDraw = True
556.2432 	DATA 	Keypress: num_1
556.7186 	DATA 	Keypress: num_0
556.9260 	DATA 	Keypress: num_0
557.6998 	DATA 	Mouse: Left button down, pos=(969,190)
557.7102 	EXP 	New trial (rep=3, index=2): {'delay': 0.4, 'freq': 1000, 'condition': 'exp'}
557.7251 	EXP 	text: autoDraw = False
557.7251 	EXP 	textbox: autoDraw = False
557.7251 	EXP 	fixation: autoDraw = True
557.8120 	DATA 	Mouse:  Left button up, pos=(969,190)
558.7240 	EXP 	polygon: autoDraw = True
558.7407 	EXP 	fixation: autoDraw = False
560.6595 	DATA 	Keypress: space
560.6720 	EXP 	fixation: autoDraw = False
560.6720 	EXP 	polygon: autoDraw = False
561.3713 	EXP 	text: autoDraw = True
561.3713 	EXP 	textbox: autoDraw = True
562.9775 	DATA 	Keypress: num_3
563.2329 	DATA 	Keypress: num_0
563.4277 	DATA 	Keypress: num_0
564.1031 	DATA 	Mouse: Left button down, pos=(969,190)
564.1054 	EXP 	New trial (rep=3, index=3): {'delay': 0.7, 'freq': 1000, 'condition': 'exp'}
564.1187 	EXP 	text: autoDraw = False
564.1187 	EXP 	textbox: autoDraw = False
564.1187 	EXP 	fixation: autoDraw = True
564.2057 	DATA 	Mouse:  Left button up, pos=(969,190)
565.1179 	EXP 	fixation: autoDraw = False
565.1179 	EXP 	polygon: autoDraw = True
567.9694 	DATA 	Keypress: space
567.9986 	EXP 	fixation: autoDraw = False
567.9986 	EXP 	polygon: autoDraw = False
568.9986 	EXP 	text: autoDraw = True
568.9986 	EXP 	textbox: autoDraw = True
570.6798 	DATA 	Keypress: num_6
570.9567 	DATA 	Keypress: num_0
571.1537 	DATA 	Keypress: num_0
571.9286 	DATA 	Mouse: Left button down, pos=(969,190)
571.9304 	EXP 	New trial (rep=3, index=4): {'delay': 0.1, 'freq': 400, 'condition': 'unexp'}
571.9445 	EXP 	text: autoDraw = False
571.9445 	EXP 	textbox: autoDraw = False
571.9445 	EXP 	fixation: autoDraw = True
572.0489 	DATA 	Mouse:  Left button up, pos=(969,190)
572.9441 	EXP 	fixation: autoDraw = False
572.9441 	EXP 	polygon: autoDraw = True
574.7959 	DATA 	Keypress: space
574.8083 	EXP 	fixation: autoDraw = False
574.8083 	EXP 	polygon: autoDraw = False
575.2097 	EXP 	text: autoDraw = True
575.2097 	EXP 	textbox: autoDraw = True
579.0471 	DATA 	Keypress: num_3
579.3812 	DATA 	Keypress: num_5
579.4729 	DATA 	Keypress: num_0
580.3384 	DATA 	Mouse: Left button down, pos=(969,190)
580.3410 	EXP 	New trial (rep=3, index=5): {'delay': 0.1, 'freq': 1000, 'condition': 'exp'}
580.3538 	EXP 	text: autoDraw = False
580.3538 	EXP 	textbox: autoDraw = False
580.3538 	EXP 	fixation: autoDraw = True
580.4744 	DATA 	Mouse:  Left button up, pos=(969,190)
581.3531 	EXP 	fixation: autoDraw = False
581.3531 	EXP 	polygon: autoDraw = True
583.2049 	DATA 	Keypress: space
583.2344 	EXP 	fixation: autoDraw = False
583.2344 	EXP 	polygon: autoDraw = False
583.6353 	EXP 	text: autoDraw = True
583.6353 	EXP 	textbox: autoDraw = True
588.4717 	DATA 	Keypress: num_4
590.8113 	DATA 	Keypress: num_1
590.9860 	DATA 	Keypress: num_0
591.8766 	DATA 	Mouse: Left button down, pos=(969,190)
591.8782 	EXP 	New trial (rep=3, index=6): {'delay': 0.4, 'freq': 1000, 'condition': 'exp'}
591.8930 	EXP 	text: autoDraw = False
591.8930 	EXP 	textbox: autoDraw = False
591.8930 	EXP 	fixation: autoDraw = True
592.0152 	DATA 	Mouse:  Left button up, pos=(969,190)
592.8921 	EXP 	polygon: autoDraw = True
592.9086 	EXP 	fixation: autoDraw = False
595.0277 	DATA 	Keypress: space
595.0402 	EXP 	fixation: autoDraw = False
595.0402 	EXP 	polygon: autoDraw = False
595.7408 	EXP 	text: autoDraw = True
595.7408 	EXP 	textbox: autoDraw = True
598.3380 	DATA 	Keypress: num_3
598.6373 	DATA 	Keypress: num_5
599.3977 	DATA 	Keypress: num_0
600.1706 	DATA 	Mouse: Left button down, pos=(969,190)
600.1736 	EXP 	New trial (rep=3, index=7): {'delay': 0.4, 'freq': 400, 'condition': 'unexp'}
600.1853 	EXP 	text: autoDraw = False
600.1853 	EXP 	textbox: autoDraw = False
600.1853 	EXP 	fixation: autoDraw = True
600.2893 	DATA 	Mouse:  Left button up, pos=(969,190)
601.1845 	EXP 	fixation: autoDraw = False
601.1845 	EXP 	polygon: autoDraw = True
602.6525 	DATA 	Keypress: space
602.6662 	EXP 	fixation: autoDraw = False
602.6662 	EXP 	polygon: autoDraw = False
603.3657 	EXP 	text: autoDraw = True
603.3657 	EXP 	textbox: autoDraw = True
603.9821 	DATA 	Keypress: num_1
604.2153 	DATA 	Keypress: num_0
604.3652 	DATA 	Keypress: num_0
604.9319 	DATA 	Mouse: Left button down, pos=(969,190)
604.9339 	EXP 	New trial (rep=3, index=8): {'delay': 0.7, 'freq': 1000, 'condition': 'exp'}
604.9477 	EXP 	text: autoDraw = False
604.9477 	EXP 	textbox: autoDraw = False
604.9477 	EXP 	fixation: autoDraw = True
605.0521 	DATA 	Mouse:  Left button up, pos=(969,190)
605.9468 	EXP 	fixation: autoDraw = False
605.9468 	EXP 	polygon: autoDraw = True
606.2669 	DATA 	Keypress: space
606.2797 	EXP 	fixation: autoDraw = False
606.2797 	EXP 	polygon: autoDraw = False
607.2814 	EXP 	text: autoDraw = True
607.2814 	EXP 	textbox: autoDraw = True
608.0788 	DATA 	Keypress: num_1
608.1618 	DATA 	Keypress: num_2
608.3450 	DATA 	Keypress: num_0
609.2277 	DATA 	Mouse: Left button down, pos=(969,190)
609.2297 	EXP 	New trial (rep=3, index=9): {'delay': 0.1, 'freq': 1000, 'condition': 'exp'}
609.2436 	EXP 	text: autoDraw = False
609.2436 	EXP 	textbox: autoDraw = False
609.2436 	EXP 	fixation: autoDraw = True
609.3648 	DATA 	Mouse:  Left button up, pos=(969,190)
610.2429 	EXP 	fixation: autoDraw = False
610.2429 	EXP 	polygon: autoDraw = True
611.2959 	DATA 	Keypress: space
611.3085 	EXP 	fixation: autoDraw = False
611.3085 	EXP 	polygon: autoDraw = False
611.7088 	EXP 	text: autoDraw = True
611.7088 	EXP 	textbox: autoDraw = True
613.6339 	DATA 	Keypress: num_1
613.8773 	DATA 	Keypress: num_0
614.0562 	DATA 	Keypress: num_0
614.7300 	DATA 	Mouse: Left button down, pos=(969,190)
614.7408 	EXP 	New trial (rep=3, index=10): {'delay': 0.7, 'freq': 1000, 'condition': 'exp'}
614.7550 	EXP 	text: autoDraw = False
614.7550 	EXP 	textbox: autoDraw = False
614.7550 	EXP 	fixation: autoDraw = True
614.8896 	DATA 	Mouse:  Left button up, pos=(969,190)
615.7543 	EXP 	fixation: autoDraw = False
615.7543 	EXP 	polygon: autoDraw = True
617.1914 	DATA 	Keypress: space
617.2029 	EXP 	fixation: autoDraw = False
617.2029 	EXP 	polygon: autoDraw = False
618.2064 	EXP 	text: autoDraw = True
618.2064 	EXP 	textbox: autoDraw = True
620.3506 	DATA 	Keypress: num_3
621.8322 	DATA 	Keypress: backspace
624.7633 	DATA 	Keypress: num_1
625.0209 	DATA 	Keypress: num_6
625.1963 	DATA 	Keypress: num_0
626.1452 	DATA 	Mouse: Left button down, pos=(969,190)
626.1477 	EXP 	New trial (rep=3, index=11): {'delay': 0.7, 'freq': 400, 'condition': 'unexp'}
626.1613 	EXP 	text: autoDraw = False
626.1613 	EXP 	textbox: autoDraw = False
626.1613 	EXP 	fixation: autoDraw = True
626.2658 	DATA 	Mouse:  Left button up, pos=(969,190)
627.1605 	EXP 	fixation: autoDraw = False
627.1605 	EXP 	polygon: autoDraw = True
627.7141 	DATA 	Keypress: space
627.7263 	EXP 	fixation: autoDraw = False
627.7263 	EXP 	polygon: autoDraw = False
628.7254 	EXP 	text: autoDraw = True
628.7254 	EXP 	textbox: autoDraw = True
629.1926 	DATA 	Keypress: num_1
629.4649 	DATA 	Keypress: num_0
629.6747 	DATA 	Keypress: num_0
631.7653 	DATA 	Mouse: Left button down, pos=(969,190)
631.7756 	EXP 	New trial (rep=4, index=0): {'delay': 0.4, 'freq': 1000, 'condition': 'exp'}
631.7893 	EXP 	text: autoDraw = False
631.7893 	EXP 	textbox: autoDraw = False
631.7893 	EXP 	fixation: autoDraw = True
631.9763 	DATA 	Mouse:  Left button up, pos=(969,190)
632.7883 	EXP 	fixation: autoDraw = False
632.7883 	EXP 	polygon: autoDraw = True
635.6400 	DATA 	Keypress: space
635.6524 	EXP 	fixation: autoDraw = False
635.6524 	EXP 	polygon: autoDraw = False
636.3524 	EXP 	text: autoDraw = True
636.3524 	EXP 	textbox: autoDraw = True
637.0851 	DATA 	Keypress: num_4
637.2769 	DATA 	Keypress: num_5
637.4678 	DATA 	Keypress: num_0
638.2585 	DATA 	Mouse: Left button down, pos=(969,190)
638.2696 	EXP 	New trial (rep=4, index=1): {'delay': 0.7, 'freq': 400, 'condition': 'unexp'}
638.2833 	EXP 	text: autoDraw = False
638.2833 	EXP 	textbox: autoDraw = False
638.2833 	EXP 	fixation: autoDraw = True
638.3713 	DATA 	Mouse:  Left button up, pos=(969,190)
639.2827 	EXP 	fixation: autoDraw = False
639.2827 	EXP 	polygon: autoDraw = True
641.0856 	DATA 	Keypress: space
641.0973 	EXP 	fixation: autoDraw = False
641.0973 	EXP 	polygon: autoDraw = False
642.0982 	EXP 	text: autoDraw = True
642.0982 	EXP 	textbox: autoDraw = True
643.9458 	DATA 	Keypress: num_3
644.1535 	DATA 	Keypress: num_0
644.2949 	DATA 	Keypress: num_0
645.1076 	DATA 	Mouse: Left button down, pos=(969,190)
645.1137 	EXP 	New trial (rep=4, index=2): {'delay': 0.4, 'freq': 1000, 'condition': 'exp'}
645.1269 	EXP 	text: autoDraw = False
645.1269 	EXP 	textbox: autoDraw = False
645.1269 	EXP 	fixation: autoDraw = True
645.2145 	DATA 	Mouse:  Left button up, pos=(969,190)
646.1261 	EXP 	fixation: autoDraw = False
646.1261 	EXP 	polygon: autoDraw = True
649.3767 	DATA 	Keypress: num_2
650.3096 	DATA 	Keypress: space
650.3218 	EXP 	fixation: autoDraw = False
650.3218 	EXP 	polygon: autoDraw = False
651.0238 	EXP 	text: autoDraw = True
651.0238 	EXP 	textbox: autoDraw = True
652.4714 	DATA 	Keypress: num_8
652.7292 	DATA 	Keypress: num_0
652.8943 	DATA 	Keypress: num_0
653.7193 	DATA 	Mouse: Left button down, pos=(969,190)
653.7212 	EXP 	New trial (rep=4, index=3): {'delay': 0.7, 'freq': 1000, 'condition': 'exp'}
653.7355 	EXP 	text: autoDraw = False
653.7355 	EXP 	textbox: autoDraw = False
653.7355 	EXP 	fixation: autoDraw = True
653.8549 	DATA 	Mouse:  Left button up, pos=(969,190)
654.7347 	EXP 	fixation: autoDraw = False
654.7347 	EXP 	polygon: autoDraw = True
655.1400 	DATA 	Keypress: space
655.1508 	EXP 	fixation: autoDraw = False
655.1508 	EXP 	polygon: autoDraw = False
656.1532 	EXP 	text: autoDraw = True
656.1532 	EXP 	textbox: autoDraw = True
659.9304 	DATA 	Keypress: num_1
660.0632 	DATA 	Keypress: num_2
660.1872 	DATA 	Keypress: num_0
660.9632 	DATA 	Mouse: Left button down, pos=(969,190)
660.9655 	EXP 	New trial (rep=4, index=4): {'delay': 0.1, 'freq': 1000, 'condition': 'exp'}
660.9789 	EXP 	text: autoDraw = False
660.9789 	EXP 	textbox: autoDraw = False
660.9789 	EXP 	fixation: autoDraw = True
661.0996 	DATA 	Mouse:  Left button up, pos=(969,190)
661.9784 	EXP 	polygon: autoDraw = True
661.9948 	EXP 	fixation: autoDraw = False
664.1471 	DATA 	Keypress: space
664.1593 	EXP 	fixation: autoDraw = False
664.1593 	EXP 	polygon: autoDraw = False
664.5607 	EXP 	text: autoDraw = True
664.5607 	EXP 	textbox: autoDraw = True
667.2674 	DATA 	Keypress: num_6
667.3825 	DATA 	Keypress: num_0
667.5732 	DATA 	Keypress: num_0
668.3803 	DATA 	Mouse: Left button down, pos=(969,190)
668.3906 	EXP 	New trial (rep=4, index=5): {'delay': 0.1, 'freq': 400, 'condition': 'unexp'}
668.4055 	EXP 	text: autoDraw = False
668.4055 	EXP 	textbox: autoDraw = False
668.4055 	EXP 	fixation: autoDraw = True
668.4937 	DATA 	Mouse:  Left button up, pos=(969,190)
669.4048 	EXP 	fixation: autoDraw = False
669.4048 	EXP 	polygon: autoDraw = True
671.0714 	DATA 	Keypress: space
671.0858 	EXP 	fixation: autoDraw = False
671.0858 	EXP 	polygon: autoDraw = False
671.4866 	EXP 	text: autoDraw = True
671.4866 	EXP 	textbox: autoDraw = True
676.4817 	DATA 	Keypress: num_2
676.6934 	DATA 	Keypress: num_0
676.8478 	DATA 	Keypress: num_0
677.4978 	DATA 	Mouse: Left button down, pos=(969,190)
677.5000 	EXP 	New trial (rep=4, index=6): {'delay': 0.4, 'freq': 400, 'condition': 'unexp'}
677.5137 	EXP 	text: autoDraw = False
677.5137 	EXP 	textbox: autoDraw = False
677.5137 	EXP 	fixation: autoDraw = True
677.6180 	DATA 	Mouse:  Left button up, pos=(969,190)
678.5128 	EXP 	fixation: autoDraw = False
678.5128 	EXP 	polygon: autoDraw = True
680.6151 	DATA 	Keypress: space
680.6277 	EXP 	fixation: autoDraw = False
680.6277 	EXP 	polygon: autoDraw = False
681.3289 	EXP 	text: autoDraw = True
681.3289 	EXP 	textbox: autoDraw = True
682.7175 	DATA 	Keypress: num_5
682.8967 	DATA 	Keypress: num_0
683.1170 	DATA 	Keypress: num_0
684.9535 	DATA 	Keypress: backspace
685.1403 	DATA 	Keypress: backspace
685.3067 	DATA 	Keypress: backspace
685.7948 	DATA 	Keypress: num_6
685.9559 	DATA 	Keypress: num_0
686.1062 	DATA 	Keypress: num_0
686.6963 	DATA 	Mouse: Left button down, pos=(969,190)
686.7071 	EXP 	New trial (rep=4, index=7): {'delay': 0.7, 'freq': 1000, 'condition': 'exp'}
686.7218 	EXP 	text: autoDraw = False
686.7218 	EXP 	textbox: autoDraw = False
686.7218 	EXP 	fixation: autoDraw = True
686.8085 	DATA 	Mouse:  Left button up, pos=(969,190)
687.7209 	EXP 	fixation: autoDraw = False
687.7209 	EXP 	polygon: autoDraw = True
688.9225 	DATA 	Keypress: space
688.9360 	EXP 	fixation: autoDraw = False
688.9360 	EXP 	polygon: autoDraw = False
689.9353 	EXP 	text: autoDraw = True
689.9353 	EXP 	textbox: autoDraw = True
693.0913 	DATA 	Keypress: num_2
693.2445 	DATA 	Keypress: num_0
693.4493 	DATA 	Keypress: num_0
694.0912 	DATA 	Mouse: Left button down, pos=(969,190)
694.1001 	EXP 	New trial (rep=4, index=8): {'delay': 0.1, 'freq': 1000, 'condition': 'exp'}
694.1148 	EXP 	text: autoDraw = False
694.1148 	EXP 	textbox: autoDraw = False
694.1148 	EXP 	fixation: autoDraw = True
694.2189 	DATA 	Mouse:  Left button up, pos=(969,190)
695.1139 	EXP 	fixation: autoDraw = False
695.1139 	EXP 	polygon: autoDraw = True
695.7506 	DATA 	Keypress: space
695.7799 	EXP 	fixation: autoDraw = False
695.7799 	EXP 	polygon: autoDraw = False
696.1828 	EXP 	text: autoDraw = True
696.1828 	EXP 	textbox: autoDraw = True
699.5068 	DATA 	Keypress: num_1
699.6031 	DATA 	Keypress: num_2
699.7932 	DATA 	Keypress: num_3
700.6507 	DATA 	Keypress: backspace
701.3085 	DATA 	Keypress: backspace
705.1461 	DATA 	Keypress: num_1
705.3714 	DATA 	Keypress: num_5
706.1209 	DATA 	Mouse: Left button down, pos=(969,190)
706.1228 	EXP 	New trial (rep=4, index=9): {'delay': 0.4, 'freq': 1000, 'condition': 'exp'}
706.1368 	EXP 	text: autoDraw = False
706.1368 	EXP 	textbox: autoDraw = False
706.1368 	EXP 	fixation: autoDraw = True
706.2419 	DATA 	Mouse:  Left button up, pos=(969,190)
707.1362 	EXP 	fixation: autoDraw = False
707.1362 	EXP 	polygon: autoDraw = True
709.0554 	DATA 	Keypress: space
709.0677 	EXP 	fixation: autoDraw = False
709.0677 	EXP 	polygon: autoDraw = False
709.7679 	EXP 	text: autoDraw = True
709.7679 	EXP 	textbox: autoDraw = True
711.4992 	DATA 	Keypress: num_1
711.9487 	DATA 	Keypress: num_0
712.0988 	DATA 	Keypress: num_0
712.8765 	DATA 	Keypress: backspace
713.0552 	DATA 	Keypress: backspace
713.2642 	DATA 	Keypress: backspace
714.5372 	DATA 	Keypress: num_8
714.5964 	DATA 	Keypress: num_0
715.2628 	DATA 	Mouse: Left button down, pos=(969,190)
715.2651 	EXP 	New trial (rep=4, index=10): {'delay': 0.7, 'freq': 1000, 'condition': 'exp'}
715.2785 	EXP 	text: autoDraw = False
715.2785 	EXP 	textbox: autoDraw = False
715.2785 	EXP 	fixation: autoDraw = True
715.3833 	DATA 	Mouse:  Left button up, pos=(969,190)
716.2778 	EXP 	fixation: autoDraw = False
716.2778 	EXP 	polygon: autoDraw = True
717.8625 	DATA 	Keypress: space
717.8757 	EXP 	fixation: autoDraw = False
717.8757 	EXP 	polygon: autoDraw = False
718.8752 	EXP 	text: autoDraw = True
718.8752 	EXP 	textbox: autoDraw = True
721.8398 	DATA 	Keypress: num_1
723.2382 	DATA 	Keypress: num_3
723.4312 	DATA 	Keypress: num_0
724.1631 	DATA 	Keypress: backspace
724.3376 	DATA 	Keypress: backspace
724.6039 	DATA 	Keypress: backspace
725.1951 	DATA 	Keypress: num_9
725.2959 	DATA 	Keypress: num_0
725.9523 	DATA 	Mouse: Left button down, pos=(969,190)
725.9538 	EXP 	New trial (rep=4, index=11): {'delay': 0.1, 'freq': 1000, 'condition': 'exp'}
725.9685 	EXP 	text: autoDraw = False
725.9685 	EXP 	textbox: autoDraw = False
725.9685 	EXP 	fixation: autoDraw = True
726.0760 	DATA 	Mouse:  Left button up, pos=(969,190)
726.9676 	EXP 	polygon: autoDraw = True
726.9847 	EXP 	fixation: autoDraw = False
729.0701 	DATA 	Keypress: space
729.0824 	EXP 	fixation: autoDraw = False
729.0824 	EXP 	polygon: autoDraw = False
729.4837 	EXP 	text: autoDraw = True
729.4837 	EXP 	textbox: autoDraw = True
731.5728 	DATA 	Keypress: num_1
731.8063 	DATA 	Keypress: num_5
733.0210 	DATA 	Keypress: backspace
734.0947 	DATA 	Keypress: backspace
736.2542 	DATA 	Keypress: num_4
737.0919 	DATA 	Keypress: num_5
737.3003 	DATA 	Keypress: num_0
738.0249 	DATA 	Mouse: Left button down, pos=(969,190)
738.0407 	EXP 	text: autoDraw = False
738.0407 	EXP 	textbox: autoDraw = False
738.4373 	EXP 	window1: mouseVisible = True
